#
# There is insufficient memory for the Java Runtime Environment to continue.
# Native memory allocation (malloc) failed to allocate 648976 bytes for Chunk::new
# Possible reasons:
#   The system is out of physical RAM or swap space
#   In 32 bit mode, the process size limit was hit
# Possible solutions:
#   Reduce memory load on the system
#   Increase physical memory or swap space
#   Check if swap backing store is full
#   Use 64 bit Java on a 64 bit OS
#   Decrease Java heap size (-Xmx/-Xms)
#   Decrease number of Java threads
#   Decrease Java thread stack sizes (-Xss)
#   Set larger code cache with -XX:ReservedCodeCacheSize=
# This output file may be truncated or incomplete.
#
#  Out of Memory Error (allocation.cpp:390), pid=16364, tid=11744
#
# JRE version: Java(TM) SE Runtime Environment (8.0_73-b02) (build 1.8.0_73-b02)
# Java VM: Java HotSpot(TM) 64-Bit Server VM (25.73-b02 mixed mode windows-amd64 compressed oops)
# Failed to write core dump. Minidumps are not enabled by default on client versions of Windows
#

---------------  T H R E A D  ---------------

Current thread (0x000000001797b000):  JavaThread "C2 CompilerThread1" daemon [_thread_in_native, id=11744, stack(0x0000000017ff0000,0x00000000180f0000)]

Stack: [0x0000000017ff0000,0x00000000180f0000]
[error occurred during error reporting (printing stack bounds), id 0xc0000005]

Native frames: (J=compiled Java code, j=interpreted, Vv=VM code, C=native code)


Current CompileTask:
C2:  27094 8526       4       java.util.Formatter$FormatSpecifier::<init> (246 bytes)


---------------  P R O C E S S  ---------------

Java Threads: ( => current thread )
  0x000000001b542000 JavaThread "pool-1-thread-8" [_thread_blocked, id=12648, stack(0x0000000023080000,0x0000000023180000)]
  0x000000001b541000 JavaThread "pool-1-thread-7" [_thread_blocked, id=2668, stack(0x0000000022f80000,0x0000000023080000)]
  0x000000001b53f800 JavaThread "pool-1-thread-6" [_thread_blocked, id=15400, stack(0x0000000022e80000,0x0000000022f80000)]
  0x000000001b540000 JavaThread "pool-1-thread-5" [_thread_blocked, id=15532, stack(0x0000000022d80000,0x0000000022e80000)]
  0x000000001bebb000 JavaThread "pool-1-thread-4" [_thread_blocked, id=16124, stack(0x0000000022c80000,0x0000000022d80000)]
  0x000000001beba800 JavaThread "pool-1-thread-3" [_thread_blocked, id=16128, stack(0x00000000218d0000,0x00000000219d0000)]
  0x000000001beb9800 JavaThread "pool-1-thread-2" [_thread_blocked, id=16120, stack(0x00000000217d0000,0x00000000218d0000)]
  0x000000001bebc000 JavaThread "pool-1-thread-1" [_thread_blocked, id=16060, stack(0x000000001ecd0000,0x000000001edd0000)]
  0x000000001ef4e000 JavaThread "File lock request listener" [_thread_in_native, id=4516, stack(0x000000001cfa0000,0x000000001d0a0000)]
  0x00000000194ea000 JavaThread "Stdin handler" [_thread_blocked, id=12192, stack(0x000000001a4b0000,0x000000001a5b0000)]
  0x0000000019532800 JavaThread "Daemon worker" [_thread_in_native, id=15500, stack(0x000000001a3b0000,0x000000001a4b0000)]
  0x0000000019412000 JavaThread "Cancel handler" [_thread_blocked, id=5776, stack(0x000000001a2b0000,0x000000001a3b0000)]
  0x00000000193ff000 JavaThread "Handler for socket connection from /127.0.0.1:52397 to /127.0.0.1:52400" [_thread_in_native, id=11280, stack(0x000000001a1b0000,0x000000001a2b0000)]
  0x00000000193fb000 JavaThread "Daemon" [_thread_blocked, id=4292, stack(0x000000001a0b0000,0x000000001a1b0000)]
  0x00000000193b9000 JavaThread "Incoming local TCP Connector on port 52397" [_thread_in_native, id=8820, stack(0x0000000019db0000,0x0000000019eb0000)]
  0x0000000017a2e000 JavaThread "Service Thread" daemon [_thread_blocked, id=13576, stack(0x00000000182f0000,0x00000000183f0000)]
  0x0000000017990800 JavaThread "C1 CompilerThread3" daemon [_thread_blocked, id=13100, stack(0x00000000181f0000,0x00000000182f0000)]
  0x000000001798d800 JavaThread "C2 CompilerThread2" daemon [_thread_in_native, id=1280, stack(0x00000000180f0000,0x00000000181f0000)]
=>0x000000001797b000 JavaThread "C2 CompilerThread1" daemon [_thread_in_native, id=11744, stack(0x0000000017ff0000,0x00000000180f0000)]
  0x000000001792b000 JavaThread "C2 CompilerThread0" daemon [_thread_in_native, id=15412, stack(0x0000000017ef0000,0x0000000017ff0000)]
  0x0000000017929000 JavaThread "Attach Listener" daemon [_thread_blocked, id=1608, stack(0x0000000017df0000,0x0000000017ef0000)]
  0x0000000017928000 JavaThread "Signal Dispatcher" daemon [_thread_blocked, id=5156, stack(0x0000000017cf0000,0x0000000017df0000)]
  0x0000000002dea000 JavaThread "Finalizer" daemon [_thread_blocked, id=15744, stack(0x00000000177f0000,0x00000000178f0000)]
  0x0000000002de3000 JavaThread "Reference Handler" daemon [_thread_blocked, id=10064, stack(0x00000000176f0000,0x00000000177f0000)]
  0x0000000002cf2800 JavaThread "main" [_thread_blocked, id=16140, stack(0x0000000002bb0000,0x0000000002cb0000)]

Other Threads:
  0x0000000015909800 VMThread [stack: 0x00000000175f0000,0x00000000176f0000] [id=11740]
  0x0000000017a83000 WatcherThread [stack: 0x00000000183f0000,0x00000000184f0000] [id=13912]

VM state:not at safepoint (normal execution)

VM Mutex/Monitor currently owned by a thread: None

Heap:
 PSYoungGen      total 222208K, used 42771K [0x00000000eab00000, 0x00000000ff580000, 0x0000000100000000)
  eden space 201728K, 11% used [0x00000000eab00000,0x00000000ec0c9500,0x00000000f7000000)
  from space 20480K, 99% used [0x00000000f7000000,0x00000000f83fba80,0x00000000f8400000)
  to   space 26624K, 0% used [0x00000000fdb80000,0x00000000fdb80000,0x00000000ff580000)
 ParOldGen       total 82944K, used 39909K [0x00000000c0000000, 0x00000000c5100000, 0x00000000eab00000)
  object space 82944K, 48% used [0x00000000c0000000,0x00000000c26f9630,0x00000000c5100000)
 Metaspace       used 53843K, capacity 55012K, committed 55168K, reserved 1097728K
  class space    used 7245K, capacity 7549K, committed 7552K, reserved 1048576K

Card table byte_map: [0x00000000121b0000,0x00000000123c0000] byte_map_base: 0x0000000011bb0000

Marking Bits: (ParMarkBitMap*) 0x00000000610b0600
 Begin Bits: [0x0000000012d20000, 0x0000000013d20000)
 End Bits:   [0x0000000013d20000, 0x0000000014d20000)

Polling page: 0x0000000000fa0000

CodeCache: size=245760Kb used=27360Kb max_used=27360Kb free=218399Kb
 bounds [0x0000000002df0000, 0x00000000048d0000, 0x0000000011df0000]
 total_blobs=8486 nmethods=7756 adapters=639
 compilation: enabled

Compilation events (10 events):
Event: 27.068 Thread 0x0000000017990800 9000       3       com.sun.tools.javac.jvm.Items$SelfItem::<init> (17 bytes)
Event: 27.068 Thread 0x0000000017990800 nmethod 9000 0x00000000048c14d0 code [0x00000000048c1640, 0x00000000048c1890]
Event: 27.071 Thread 0x000000001798d800 nmethod 8964 0x00000000048c4f10 code [0x00000000048c5120, 0x00000000048c5a18]
Event: 27.071 Thread 0x000000001798d800 8973       4       com.sun.tools.javac.util.List::prepend (10 bytes)
Event: 27.072 Thread 0x000000001798d800 nmethod 8973 0x00000000048c1f10 code [0x00000000048c2060, 0x00000000048c2158]
Event: 27.072 Thread 0x000000001798d800 8983       4       com.sun.tools.javac.code.Type$MethodType::accept (9 bytes)
Event: 27.072 Thread 0x000000001798d800 nmethod 8983 0x00000000048c1cd0 code [0x00000000048c1e00, 0x00000000048c1e78]
Event: 27.072 Thread 0x000000001798d800 8994       4       com.sun.tools.javac.code.Types::isSameType (38 bytes)
Event: 27.075 Thread 0x000000001798d800 nmethod 8994 0x00000000048c3590 code [0x00000000048c36e0, 0x00000000048c3818]
Event: 27.075 Thread 0x000000001798d800 8960       4       com.sun.tools.javac.code.Type$ClassType::allparams (30 bytes)

GC Heap History (10 events):
Event: 8.041 GC heap before
{Heap before GC invocations=9 (full 1):
 PSYoungGen      total 106496K, used 11528K [0x00000000eab00000, 0x00000000f4d80000, 0x0000000100000000)
  eden space 96768K, 1% used [0x00000000eab00000,0x00000000eacc8918,0x00000000f0980000)
  from space 9728K, 99% used [0x00000000f0980000,0x00000000f12f9ac8,0x00000000f1300000)
  to   space 12800K, 0% used [0x00000000f4100000,0x00000000f4100000,0x00000000f4d80000)
 ParOldGen       total 65024K, used 15928K [0x00000000c0000000, 0x00000000c3f80000, 0x00000000eab00000)
  object space 65024K, 24% used [0x00000000c0000000,0x00000000c0f8e048,0x00000000c3f80000)
 Metaspace       used 34559K, capacity 35254K, committed 35456K, reserved 1079296K
  class space    used 4673K, capacity 4869K, committed 4992K, reserved 1048576K
Event: 8.053 GC heap after
Heap after GC invocations=9 (full 1):
 PSYoungGen      total 153088K, used 9890K [0x00000000eab00000, 0x00000000f7700000, 0x0000000100000000)
  eden space 140288K, 0% used [0x00000000eab00000,0x00000000eab00000,0x00000000f3400000)
  from space 12800K, 77% used [0x00000000f4100000,0x00000000f4aa8a98,0x00000000f4d80000)
  to   space 13312K, 0% used [0x00000000f3400000,0x00000000f3400000,0x00000000f4100000)
 ParOldGen       total 65024K, used 15936K [0x00000000c0000000, 0x00000000c3f80000, 0x00000000eab00000)
  object space 65024K, 24% used [0x00000000c0000000,0x00000000c0f90048,0x00000000c3f80000)
 Metaspace       used 34559K, capacity 35254K, committed 35456K, reserved 1079296K
  class space    used 4673K, capacity 4869K, committed 4992K, reserved 1048576K
}
Event: 8.053 GC heap before
{Heap before GC invocations=10 (full 2):
 PSYoungGen      total 153088K, used 9890K [0x00000000eab00000, 0x00000000f7700000, 0x0000000100000000)
  eden space 140288K, 0% used [0x00000000eab00000,0x00000000eab00000,0x00000000f3400000)
  from space 12800K, 77% used [0x00000000f4100000,0x00000000f4aa8a98,0x00000000f4d80000)
  to   space 13312K, 0% used [0x00000000f3400000,0x00000000f3400000,0x00000000f4100000)
 ParOldGen       total 65024K, used 15936K [0x00000000c0000000, 0x00000000c3f80000, 0x00000000eab00000)
  object space 65024K, 24% used [0x00000000c0000000,0x00000000c0f90048,0x00000000c3f80000)
 Metaspace       used 34559K, capacity 35254K, committed 35456K, reserved 1079296K
  class space    used 4673K, capacity 4869K, committed 4992K, reserved 1048576K
Event: 8.171 GC heap after
Heap after GC invocations=10 (full 2):
 PSYoungGen      total 153088K, used 0K [0x00000000eab00000, 0x00000000f7700000, 0x0000000100000000)
  eden space 140288K, 0% used [0x00000000eab00000,0x00000000eab00000,0x00000000f3400000)
  from space 12800K, 0% used [0x00000000f4100000,0x00000000f4100000,0x00000000f4d80000)
  to   space 13312K, 0% used [0x00000000f3400000,0x00000000f3400000,0x00000000f4100000)
 ParOldGen       total 82944K, used 18982K [0x00000000c0000000, 0x00000000c5100000, 0x00000000eab00000)
  object space 82944K, 22% used [0x00000000c0000000,0x00000000c1289830,0x00000000c5100000)
 Metaspace       used 34559K, capacity 35254K, committed 35456K, reserved 1079296K
  class space    used 4673K, capacity 4869K, committed 4992K, reserved 1048576K
}
Event: 10.347 GC heap before
{Heap before GC invocations=11 (full 2):
 PSYoungGen      total 153088K, used 140288K [0x00000000eab00000, 0x00000000f7700000, 0x0000000100000000)
  eden space 140288K, 100% used [0x00000000eab00000,0x00000000f3400000,0x00000000f3400000)
  from space 12800K, 0% used [0x00000000f4100000,0x00000000f4100000,0x00000000f4d80000)
  to   space 13312K, 0% used [0x00000000f3400000,0x00000000f3400000,0x00000000f4100000)
 ParOldGen       total 82944K, used 18982K [0x00000000c0000000, 0x00000000c5100000, 0x00000000eab00000)
  object space 82944K, 22% used [0x00000000c0000000,0x00000000c1289830,0x00000000c5100000)
 Metaspace       used 43058K, capacity 43894K, committed 44160K, reserved 1087488K
  class space    used 5965K, capacity 6159K, committed 6272K, reserved 1048576K
Event: 10.362 GC heap after
Heap after GC invocations=11 (full 2):
 PSYoungGen      total 153600K, used 13294K [0x00000000eab00000, 0x00000000f9300000, 0x0000000100000000)
  eden space 140288K, 0% used [0x00000000eab00000,0x00000000eab00000,0x00000000f3400000)
  from space 13312K, 99% used [0x00000000f3400000,0x00000000f40fbab0,0x00000000f4100000)
  to   space 15360K, 0% used [0x00000000f8400000,0x00000000f8400000,0x00000000f9300000)
 ParOldGen       total 82944K, used 21442K [0x00000000c0000000, 0x00000000c5100000, 0x00000000eab00000)
  object space 82944K, 25% used [0x00000000c0000000,0x00000000c14f0960,0x00000000c5100000)
 Metaspace       used 43058K, capacity 43894K, committed 44160K, reserved 1087488K
  class space    used 5965K, capacity 6159K, committed 6272K, reserved 1048576K
}
Event: 20.832 GC heap before
{Heap before GC invocations=12 (full 2):
 PSYoungGen      total 153600K, used 153582K [0x00000000eab00000, 0x00000000f9300000, 0x0000000100000000)
  eden space 140288K, 100% used [0x00000000eab00000,0x00000000f3400000,0x00000000f3400000)
  from space 13312K, 99% used [0x00000000f3400000,0x00000000f40fbab0,0x00000000f4100000)
  to   space 15360K, 0% used [0x00000000f8400000,0x00000000f8400000,0x00000000f9300000)
 ParOldGen       total 82944K, used 21442K [0x00000000c0000000, 0x00000000c5100000, 0x00000000eab00000)
  object space 82944K, 25% used [0x00000000c0000000,0x00000000c14f0960,0x00000000c5100000)
 Metaspace       used 46951K, capacity 47988K, committed 48256K, reserved 1091584K
  class space    used 6446K, capacity 6759K, committed 6784K, reserved 1048576K
Event: 20.852 GC heap after
Heap after GC invocations=12 (full 2):
 PSYoungGen      total 217088K, used 15358K [0x00000000eab00000, 0x00000000f9900000, 0x0000000100000000)
  eden space 201728K, 0% used [0x00000000eab00000,0x00000000eab00000,0x00000000f7000000)
  from space 15360K, 99% used [0x00000000f8400000,0x00000000f92ff878,0x00000000f9300000)
  to   space 20480K, 0% used [0x00000000f7000000,0x00000000f7000000,0x00000000f8400000)
 ParOldGen       total 82944K, used 29796K [0x00000000c0000000, 0x00000000c5100000, 0x00000000eab00000)
  object space 82944K, 35% used [0x00000000c0000000,0x00000000c1d192c8,0x00000000c5100000)
 Metaspace       used 46951K, capacity 47988K, committed 48256K, reserved 1091584K
  class space    used 6446K, capacity 6759K, committed 6784K, reserved 1048576K
}
Event: 26.081 GC heap before
{Heap before GC invocations=13 (full 2):
 PSYoungGen      total 217088K, used 217086K [0x00000000eab00000, 0x00000000f9900000, 0x0000000100000000)
  eden space 201728K, 100% used [0x00000000eab00000,0x00000000f7000000,0x00000000f7000000)
  from space 15360K, 99% used [0x00000000f8400000,0x00000000f92ff878,0x00000000f9300000)
  to   space 20480K, 0% used [0x00000000f7000000,0x00000000f7000000,0x00000000f8400000)
 ParOldGen       total 82944K, used 29796K [0x00000000c0000000, 0x00000000c5100000, 0x00000000eab00000)
  object space 82944K, 35% used [0x00000000c0000000,0x00000000c1d192c8,0x00000000c5100000)
 Metaspace       used 52728K, capacity 53892K, committed 54144K, reserved 1095680K
  class space    used 7154K, capacity 7453K, committed 7552K, reserved 1048576K
Event: 26.112 GC heap after
Heap after GC invocations=13 (full 2):
 PSYoungGen      total 222208K, used 20462K [0x00000000eab00000, 0x00000000ff580000, 0x0000000100000000)
  eden space 201728K, 0% used [0x00000000eab00000,0x00000000eab00000,0x00000000f7000000)
  from space 20480K, 99% used [0x00000000f7000000,0x00000000f83fba80,0x00000000f8400000)
  to   space 26624K, 0% used [0x00000000fdb80000,0x00000000fdb80000,0x00000000ff580000)
 ParOldGen       total 82944K, used 39909K [0x00000000c0000000, 0x00000000c5100000, 0x00000000eab00000)
  object space 82944K, 48% used [0x00000000c0000000,0x00000000c26f9630,0x00000000c5100000)
 Metaspace       used 52728K, capacity 53892K, committed 54144K, reserved 1095680K
  class space    used 7154K, capacity 7453K, committed 7552K, reserved 1048576K
}

Deoptimization events (10 events):
Event: 26.679 Thread 0x0000000019532800 Uncommon trap: reason=class_check action=maybe_recompile pc=0x00000000046da740 method=com.sun.tools.javac.code.Types$19.visitClassType(Lcom/sun/tools/javac/code/Type$ClassType;Ljava/lang/Void;)Lcom/sun/tools/javac/util/List; @ 46
Event: 26.699 Thread 0x0000000019532800 Uncommon trap: reason=class_check action=maybe_recompile pc=0x0000000004661f9c method=com.sun.tools.javac.code.Type.containsAny(Lcom/sun/tools/javac/util/List;)Z @ 6
Event: 26.704 Thread 0x0000000019532800 Uncommon trap: reason=class_check action=maybe_recompile pc=0x0000000004661f9c method=com.sun.tools.javac.code.Type.containsAny(Lcom/sun/tools/javac/util/List;)Z @ 6
Event: 26.704 Thread 0x0000000019532800 Uncommon trap: reason=class_check action=maybe_recompile pc=0x0000000004661f9c method=com.sun.tools.javac.code.Type.containsAny(Lcom/sun/tools/javac/util/List;)Z @ 6
Event: 26.705 Thread 0x0000000019532800 Uncommon trap: reason=class_check action=maybe_recompile pc=0x0000000004661f9c method=com.sun.tools.javac.code.Type.containsAny(Lcom/sun/tools/javac/util/List;)Z @ 6
Event: 26.715 Thread 0x0000000019532800 Uncommon trap: reason=class_check action=maybe_recompile pc=0x00000000046b28a4 method=com.sun.tools.javac.code.Types$18.visitClassType(Lcom/sun/tools/javac/code/Type$ClassType;Ljava/lang/Void;)Lcom/sun/tools/javac/code/Type; @ 19
Event: 26.715 Thread 0x0000000019532800 Uncommon trap: reason=class_check action=maybe_recompile pc=0x00000000046da740 method=com.sun.tools.javac.code.Types$19.visitClassType(Lcom/sun/tools/javac/code/Type$ClassType;Ljava/lang/Void;)Lcom/sun/tools/javac/util/List; @ 46
Event: 26.718 Thread 0x0000000019532800 Uncommon trap: reason=class_check action=maybe_recompile pc=0x00000000046bc1c4 method=com.sun.tools.javac.code.Types$19.visitClassType(Lcom/sun/tools/javac/code/Type$ClassType;Ljava/lang/Void;)Lcom/sun/tools/javac/util/List; @ 46
Event: 26.790 Thread 0x0000000019532800 Uncommon trap: reason=unstable_if action=reinterpret pc=0x00000000045f2818 method=com.sun.tools.javac.util.Convert.chars2utf([CI[BII)I @ 35
Event: 26.790 Thread 0x0000000019532800 Uncommon trap: reason=unstable_if action=reinterpret pc=0x00000000044621cc method=com.sun.tools.javac.util.Convert.chars2utf([CI[BII)I @ 35

Internal exceptions (10 events):
Event: 20.360 Thread 0x0000000019532800 Implicit null exception at 0x0000000003b0658a to 0x0000000003b0701d
Event: 21.050 Thread 0x0000000019532800 Implicit null exception at 0x0000000003233297 to 0x00000000032333d3
Event: 22.238 Thread 0x0000000019532800 Implicit null exception at 0x00000000038628b5 to 0x0000000003862d95
Event: 22.238 Thread 0x0000000019532800 Implicit null exception at 0x000000000431955f to 0x0000000004317cbd
Event: 22.238 Thread 0x0000000019532800 Implicit null exception at 0x000000000431955f to 0x0000000004317cbd
Event: 22.245 Thread 0x0000000019532800 Implicit null exception at 0x000000000431955f to 0x0000000004317cbd
Event: 24.639 Thread 0x0000000019532800 Implicit null exception at 0x000000000342f893 to 0x0000000003430c25
Event: 24.640 Thread 0x0000000019532800 Implicit null exception at 0x000000000435e487 to 0x000000000435f675
Event: 26.114 Thread 0x0000000019532800 Implicit null exception at 0x000000000451f0e3 to 0x000000000451f811
Event: 26.114 Thread 0x0000000019532800 Implicit null exception at 0x000000000451b89a to 0x000000000451bf2d

Events (10 events):
Event: 26.765 loading class com/sun/tools/javac/comp/Lower$1Patcher
Event: 26.765 loading class com/sun/tools/javac/comp/Lower$1Patcher done
Event: 26.790 Thread 0x0000000019532800 Uncommon trap: trap_request=0xffffff65 fr.pc=0x00000000045f2818
Event: 26.790 Thread 0x0000000019532800 DEOPT PACKING pc=0x00000000045f2818 sp=0x000000001a4ab840
Event: 26.790 Thread 0x0000000019532800 DEOPT UNPACKING pc=0x0000000002e3582a sp=0x000000001a4ab738 mode 2
Event: 26.790 Thread 0x0000000019532800 Uncommon trap: trap_request=0xffffff65 fr.pc=0x00000000044621cc
Event: 26.790 Thread 0x0000000019532800 DEOPT PACKING pc=0x00000000044621cc sp=0x000000001a4ab790
Event: 26.790 Thread 0x0000000019532800 DEOPT UNPACKING pc=0x0000000002e3582a sp=0x000000001a4ab720 mode 2
Event: 27.051 Executing VM operation: ForceSafepoint
Event: 27.051 Executing VM operation: ForceSafepoint done


Dynamic libraries:
0x00007ff619f80000 - 0x00007ff619fb7000 	C:\Program Files\Java\jdk1.8.0_73\bin\java.exe
0x00007ffc57bb0000 - 0x00007ffc57d59000 	C:\windows\SYSTEM32\ntdll.dll
0x00007ffc57370000 - 0x00007ffc574a9000 	C:\windows\system32\KERNEL32.DLL
0x00007ffc54fc0000 - 0x00007ffc550ce000 	C:\windows\system32\KERNELBASE.dll
0x00007ffc53650000 - 0x00007ffc536db000 	C:\windows\system32\apphelp.dll
0x00007ffc43410000 - 0x00007ffc4345f000 	C:\windows\AppPatch\AppPatch64\AcGenral.DLL
0x00007ffc56fd0000 - 0x00007ffc57077000 	C:\windows\system32\msvcrt.dll
0x00007ffc549d0000 - 0x00007ffc549fb000 	C:\windows\SYSTEM32\SspiCli.dll
0x00007ffc57550000 - 0x00007ffc575a1000 	C:\windows\system32\SHLWAPI.dll
0x00007ffc57a10000 - 0x00007ffc57b81000 	C:\windows\system32\USER32.dll
0x00007ffc57090000 - 0x00007ffc57206000 	C:\windows\system32\ole32.dll
0x00007ffc55700000 - 0x00007ffc56b0d000 	C:\windows\system32\SHELL32.dll
0x00007ffc541a0000 - 0x00007ffc541bf000 	C:\windows\SYSTEM32\USERENV.dll
0x00007ffc554d0000 - 0x00007ffc55575000 	C:\windows\system32\ADVAPI32.dll
0x00007ffc4dbf0000 - 0x00007ffc4dc0b000 	C:\windows\SYSTEM32\MPR.dll
0x00007ffc576f0000 - 0x00007ffc57826000 	C:\windows\system32\RPCRT4.dll
0x00007ffc57950000 - 0x00007ffc579a7000 	C:\windows\SYSTEM32\sechost.dll
0x00007ffc56cf0000 - 0x00007ffc56ec7000 	C:\windows\SYSTEM32\combase.dll
0x00007ffc55580000 - 0x00007ffc556c5000 	C:\windows\system32\GDI32.dll
0x00007ffc54b60000 - 0x00007ffc54b74000 	C:\windows\SYSTEM32\profapi.dll
0x00007ffc53070000 - 0x00007ffc53111000 	C:\windows\SYSTEM32\SHCORE.dll
0x00007ffc56f80000 - 0x00007ffc56fb4000 	C:\windows\system32\IMM32.DLL
0x00007ffc575b0000 - 0x00007ffc576e8000 	C:\windows\system32\MSCTF.dll
0x00007ffc527f0000 - 0x00007ffc52a4a000 	C:\windows\WinSxS\amd64_microsoft.windows.common-controls_6595b64144ccf1df_6.0.9600.16384_none_62475f7becb72503\COMCTL32.dll
0x000000005e040000 - 0x000000005e112000 	C:\Program Files\Java\jdk1.8.0_73\jre\bin\msvcr100.dll
0x00000000608a0000 - 0x0000000061130000 	C:\Program Files\Java\jdk1.8.0_73\jre\bin\server\jvm.dll
0x00007ffc52e10000 - 0x00007ffc52e19000 	C:\windows\SYSTEM32\WSOCK32.dll
0x00007ffc55130000 - 0x00007ffc5514f000 	C:\windows\system32\WINMM.dll
0x00007ffc53b00000 - 0x00007ffc53b0a000 	C:\windows\SYSTEM32\VERSION.dll
0x00007ffc57080000 - 0x00007ffc57087000 	C:\windows\system32\PSAPI.DLL
0x00007ffc57310000 - 0x00007ffc57368000 	C:\windows\system32\WS2_32.dll
0x00007ffc54c40000 - 0x00007ffc54c6a000 	C:\windows\system32\WINMMBASE.dll
0x00007ffc57540000 - 0x00007ffc57549000 	C:\windows\system32\NSI.dll
0x00007ffc54f70000 - 0x00007ffc54fba000 	C:\windows\SYSTEM32\cfgmgr32.dll
0x00007ffc54c10000 - 0x00007ffc54c36000 	C:\windows\system32\DEVOBJ.dll
0x0000000060890000 - 0x000000006089f000 	C:\Program Files\Java\jdk1.8.0_73\jre\bin\verify.dll
0x0000000060860000 - 0x0000000060889000 	C:\Program Files\Java\jdk1.8.0_73\jre\bin\java.dll
0x0000000060840000 - 0x0000000060856000 	C:\Program Files\Java\jdk1.8.0_73\jre\bin\zip.dll
0x0000000060820000 - 0x000000006083a000 	C:\Program Files\Java\jdk1.8.0_73\jre\bin\net.dll
0x00007ffc54450000 - 0x00007ffc544a8000 	C:\windows\system32\mswsock.dll
0x0000000060800000 - 0x0000000060811000 	C:\Program Files\Java\jdk1.8.0_73\jre\bin\nio.dll
0x00007ffc50a20000 - 0x00007ffc50a32000 	C:\Users\Administrator\.gradle\native\19\windows-amd64\native-platform.dll
0x00007ffc4ff80000 - 0x00007ffc4ffa9000 	C:\windows\SYSTEM32\IPHLPAPI.DLL
0x00007ffc4ff70000 - 0x00007ffc4ff7a000 	C:\windows\SYSTEM32\WINNSI.DLL
0x00007ffc4f410000 - 0x00007ffc4f424000 	C:\windows\SYSTEM32\dhcpcsvc6.DLL
0x00007ffc4f430000 - 0x00007ffc4f449000 	C:\windows\SYSTEM32\dhcpcsvc.DLL
0x00007ffc544b0000 - 0x00007ffc544ce000 	C:\windows\SYSTEM32\CRYPTSP.dll
0x00007ffc54090000 - 0x00007ffc540c5000 	C:\windows\system32\rsaenh.dll
0x00007ffc546e0000 - 0x00007ffc54706000 	C:\windows\SYSTEM32\bcrypt.dll
0x00007ffc54a20000 - 0x00007ffc54a7e000 	C:\windows\system32\bcryptprimitives.dll
0x00007ffc54a80000 - 0x00007ffc54a8a000 	C:\windows\SYSTEM32\CRYPTBASE.dll
0x0000000060600000 - 0x000000006060d000 	C:\Program Files\Java\jdk1.8.0_73\jre\bin\management.dll

VM Arguments:
jvm_args: -XX:MaxPermSize=256m -XX:+HeapDumpOnOutOfMemoryError -Xmx1024m -Dfile.encoding=GBK -Duser.country=CN -Duser.language=zh -Duser.variant 
java_command: org.gradle.launcher.daemon.bootstrap.GradleDaemon 2.10
java_class_path (initial): E:\AndroidStudio\gradle\gradle-2.10\lib\gradle-launcher-2.10.jar
Launcher Type: SUN_STANDARD

Environment Variables:
PATH=C:\Program Files (x86)\Common Files\Intel\Shared Libraries\redist\intel64\mpirt;C:\Program Files (x86)\Common Files\Intel\Shared Libraries\redist\ia32\mpirt;C:\Program Files (x86)\Common Files\Intel\Shared Libraries\redist\intel64\compiler;C:\Program Files (x86)\Common Files\Intel\Shared Libraries\redist\ia32\compiler;C:\ProgramData\Oracle\Java\javapath;C:\Program Files (x86)\Intel\iCLS Client\;C:\Program Files\Intel\iCLS Client\;C:\windows\system32;C:\windows;C:\windows\System32\Wbem;C:\windows\System32\WindowsPowerShell\v1.0\;C:\Program Files\Intel\Intel(R) Management Engine Components\DAL;C:\Program Files\Intel\Intel(R) Management Engine Components\IPT;C:\Program Files (x86)\Intel\Intel(R) Management Engine Components\DAL;C:\Program Files (x86)\Intel\Intel(R) Management Engine Components\IPT;C:\Program Files (x86)\ATI Technologies\ATI.ACE\Core-Static;C:\Program Files (x86)\Windows Kits\8.1\Windows Performance Toolkit\;C:\Program Files (x86)\Microsoft SQL Server\100\Tools\Binn\;C:\Program Files\Microsoft SQL Server\100\Tools\Binn\;C:\Program Files\Microsoft SQL Server\100\DTS\Binn\;C:\Program Files\Java\jdk1.8.0_73\bin;F:\wamp\bin\mysql\mysql5.1.53\bin
USERNAME=Administrator
OS=Windows_NT
PROCESSOR_IDENTIFIER=Intel64 Family 6 Model 58 Stepping 9, GenuineIntel



---------------  S Y S T E M  ---------------

OS: Windows 8.1 , 64 bit Build 9600 (6.3.9600.16656)

CPU:total 8 (4 cores per cpu, 2 threads per core) family 6 model 58 stepping 9, cmov, cx8, fxsr, mmx, sse, sse2, sse3, ssse3, sse4.1, sse4.2, popcnt, avx, aes, clmul, erms, ht, tsc, tscinvbit, tscinv

Memory: 4k page, physical 8320512k(1226000k free), swap 9893376k(5444k free)

vm_info: Java HotSpot(TM) 64-Bit Server VM (25.73-b02) for windows-amd64 JRE (1.8.0_73-b02), built on Jan 29 2016 17:38:49 by "java_re" with MS VC++ 10.0 (VS2010)

time: Sat Apr 08 21:36:56 2017
elapsed time: 27 seconds (0d 0h 0m 27s)

