#
# There is insufficient memory for the Java Runtime Environment to continue.
# Native memory allocation (malloc) failed to allocate 1048576 bytes for AllocateHeap
# Possible reasons:
#   The system is out of physical RAM or swap space
#   In 32 bit mode, the process size limit was hit
# Possible solutions:
#   Reduce memory load on the system
#   Increase physical memory or swap space
#   Check if swap backing store is full
#   Use 64 bit Java on a 64 bit OS
#   Decrease Java heap size (-Xmx/-Xms)
#   Decrease number of Java threads
#   Decrease Java thread stack sizes (-Xss)
#   Set larger code cache with -XX:ReservedCodeCacheSize=
# This output file may be truncated or incomplete.
#
#  Out of Memory Error (memory/allocation.inline.hpp:61), pid=9916, tid=9120
#
# JRE version:  (8.0_73-b02) (build )
# Java VM: Java HotSpot(TM) 64-Bit Server VM (25.73-b02 mixed mode windows-amd64 compressed oops)
# Failed to write core dump. Minidumps are not enabled by default on client versions of Windows
#

---------------  T H R E A D  ---------------

Current thread (0x000000000294e000):  JavaThread "Unknown thread" [_thread_in_vm, id=9120, stack(0x0000000002790000,0x0000000002890000)]

Stack: [0x0000000002790000,0x0000000002890000]
[error occurred during error reporting (printing stack bounds), id 0xc0000005]

Native frames: (J=compiled Java code, j=interpreted, Vv=VM code, C=native code)


---------------  P R O C E S S  ---------------

Java Threads: ( => current thread )

Other Threads:

=>0x000000000294e000 (exited) JavaThread "Unknown thread" [_thread_in_vm, id=9120, stack(0x0000000002790000,0x0000000002890000)]

VM state:not at safepoint (normal execution)

VM Mutex/Monitor currently owned by a thread: None

Heap:
 PSYoungGen      total 38400K, used 665K [0x00000000eab00000, 0x00000000ed580000, 0x0000000100000000)
  eden space 33280K, 2% used [0x00000000eab00000,0x00000000eaba6670,0x00000000ecb80000)
  from space 5120K, 0% used [0x00000000ed080000,0x00000000ed080000,0x00000000ed580000)
  to   space 5120K, 0% used [0x00000000ecb80000,0x00000000ecb80000,0x00000000ed080000)
 ParOldGen       total 87552K, used 0K [0x00000000c0000000, 0x00000000c5580000, 0x00000000eab00000)
  object space 87552K, 0% used [0x00000000c0000000,0x00000000c0000000,0x00000000c5580000)
 Metaspace       used 769K, capacity 4480K, committed 4480K, reserved 1056768K
  class space    used 75K, capacity 384K, committed 384K, reserved 1048576K

Card table byte_map: [0x0000000011e10000,0x0000000012020000] byte_map_base: 0x0000000011810000

Marking Bits: (ParMarkBitMap*) 0x00000000610b0600
 Begin Bits: [0x0000000012980000, 0x0000000013980000)
 End Bits:   [0x0000000013980000, 0x0000000014980000)

Polling page: 0x0000000000b90000

CodeCache: size=245760Kb used=328Kb max_used=328Kb free=245431Kb
 bounds [0x0000000002a50000, 0x0000000002cc0000, 0x0000000011a50000]
 total_blobs=57 nmethods=0 adapters=37
 compilation: enabled

Compilation events (0 events):
No events

GC Heap History (0 events):
No events

Deoptimization events (0 events):
No events

Internal exceptions (0 events):
No events

Events (10 events):
Event: 0.036 loading class java/lang/Short
Event: 0.036 loading class java/lang/Short done
Event: 0.036 loading class java/lang/Integer
Event: 0.036 loading class java/lang/Integer done
Event: 0.036 loading class java/lang/Long
Event: 0.037 loading class java/lang/Long done
Event: 0.037 loading class java/lang/NullPointerException
Event: 0.037 loading class java/lang/NullPointerException done
Event: 0.037 loading class java/lang/ArithmeticException
Event: 0.037 loading class java/lang/ArithmeticException done


Dynamic libraries:
0x00007ff619f80000 - 0x00007ff619fb7000 	C:\Program Files\Java\jdk1.8.0_73\bin\java.exe
0x00007ffc57bb0000 - 0x00007ffc57d59000 	C:\windows\SYSTEM32\ntdll.dll
0x00007ffc57370000 - 0x00007ffc574a9000 	C:\windows\system32\KERNEL32.DLL
0x00007ffc54fc0000 - 0x00007ffc550ce000 	C:\windows\system32\KERNELBASE.dll
0x00007ffc53650000 - 0x00007ffc536db000 	C:\windows\system32\apphelp.dll
0x00007ffc43410000 - 0x00007ffc4345f000 	C:\windows\AppPatch\AppPatch64\AcGenral.DLL
0x00007ffc56fd0000 - 0x00007ffc57077000 	C:\windows\system32\msvcrt.dll
0x00007ffc549d0000 - 0x00007ffc549fb000 	C:\windows\SYSTEM32\SspiCli.dll
0x00007ffc57550000 - 0x00007ffc575a1000 	C:\windows\system32\SHLWAPI.dll
0x00007ffc57a10000 - 0x00007ffc57b81000 	C:\windows\system32\USER32.dll
0x00007ffc57090000 - 0x00007ffc57206000 	C:\windows\system32\ole32.dll
0x00007ffc55700000 - 0x00007ffc56b0d000 	C:\windows\system32\SHELL32.dll
0x00007ffc541a0000 - 0x00007ffc541bf000 	C:\windows\SYSTEM32\USERENV.dll
0x00007ffc554d0000 - 0x00007ffc55575000 	C:\windows\system32\ADVAPI32.dll
0x00007ffc4dbf0000 - 0x00007ffc4dc0b000 	C:\windows\SYSTEM32\MPR.dll
0x00007ffc576f0000 - 0x00007ffc57826000 	C:\windows\system32\RPCRT4.dll
0x00007ffc57950000 - 0x00007ffc579a7000 	C:\windows\SYSTEM32\sechost.dll
0x00007ffc56cf0000 - 0x00007ffc56ec7000 	C:\windows\SYSTEM32\combase.dll
0x00007ffc55580000 - 0x00007ffc556c5000 	C:\windows\system32\GDI32.dll
0x00007ffc54b60000 - 0x00007ffc54b74000 	C:\windows\SYSTEM32\profapi.dll
0x00007ffc53070000 - 0x00007ffc53111000 	C:\windows\SYSTEM32\SHCORE.dll
0x00007ffc56f80000 - 0x00007ffc56fb4000 	C:\windows\system32\IMM32.DLL
0x00007ffc575b0000 - 0x00007ffc576e8000 	C:\windows\system32\MSCTF.dll
0x00007ffc527f0000 - 0x00007ffc52a4a000 	C:\windows\WinSxS\amd64_microsoft.windows.common-controls_6595b64144ccf1df_6.0.9600.16384_none_62475f7becb72503\COMCTL32.dll
0x000000005e040000 - 0x000000005e112000 	C:\Program Files\Java\jdk1.8.0_73\jre\bin\msvcr100.dll
0x00000000608a0000 - 0x0000000061130000 	C:\Program Files\Java\jdk1.8.0_73\jre\bin\server\jvm.dll
0x00007ffc52e10000 - 0x00007ffc52e19000 	C:\windows\SYSTEM32\WSOCK32.dll
0x00007ffc55130000 - 0x00007ffc5514f000 	C:\windows\system32\WINMM.dll
0x00007ffc53b00000 - 0x00007ffc53b0a000 	C:\windows\SYSTEM32\VERSION.dll
0x00007ffc57080000 - 0x00007ffc57087000 	C:\windows\system32\PSAPI.DLL
0x00007ffc57310000 - 0x00007ffc57368000 	C:\windows\system32\WS2_32.dll
0x00007ffc54c40000 - 0x00007ffc54c6a000 	C:\windows\system32\WINMMBASE.dll
0x00007ffc57540000 - 0x00007ffc57549000 	C:\windows\system32\NSI.dll
0x00007ffc54f70000 - 0x00007ffc54fba000 	C:\windows\SYSTEM32\cfgmgr32.dll
0x00007ffc54c10000 - 0x00007ffc54c36000 	C:\windows\system32\DEVOBJ.dll
0x0000000060890000 - 0x000000006089f000 	C:\Program Files\Java\jdk1.8.0_73\jre\bin\verify.dll
0x0000000060860000 - 0x0000000060889000 	C:\Program Files\Java\jdk1.8.0_73\jre\bin\java.dll
0x0000000060840000 - 0x0000000060856000 	C:\Program Files\Java\jdk1.8.0_73\jre\bin\zip.dll

VM Arguments:
jvm_args: -Djava.awt.headless=true -Xmx1024M -Dfile.encoding=GBK -Duser.country=CN -Duser.language=zh -Duser.variant 
java_command: com.android.dx.command.Main --dex --force-jumbo --num-threads=4 --multi-dex --output F:\CommunityDemo\app\build\intermediates\transforms\dex\debug\folders\1000\5\slice_1 F:\CommunityDemo\app\build\intermediates\transforms\instantRunSlicer\debug\folders\1\5\slice_1
java_class_path (initial): E:\SDK\build-tools\23.0.3\lib\dx.jar
Launcher Type: SUN_STANDARD

Environment Variables:
PATH=C:\Program Files (x86)\Common Files\Intel\Shared Libraries\redist\intel64\mpirt;C:\Program Files (x86)\Common Files\Intel\Shared Libraries\redist\ia32\mpirt;C:\Program Files (x86)\Common Files\Intel\Shared Libraries\redist\intel64\compiler;C:\Program Files (x86)\Common Files\Intel\Shared Libraries\redist\ia32\compiler;C:\ProgramData\Oracle\Java\javapath;C:\Program Files (x86)\Intel\iCLS Client\;C:\Program Files\Intel\iCLS Client\;C:\windows\system32;C:\windows;C:\windows\System32\Wbem;C:\windows\System32\WindowsPowerShell\v1.0\;C:\Program Files\Intel\Intel(R) Management Engine Components\DAL;C:\Program Files\Intel\Intel(R) Management Engine Components\IPT;C:\Program Files (x86)\Intel\Intel(R) Management Engine Components\DAL;C:\Program Files (x86)\Intel\Intel(R) Management Engine Components\IPT;C:\Program Files (x86)\ATI Technologies\ATI.ACE\Core-Static;C:\Program Files (x86)\Windows Kits\8.1\Windows Performance Toolkit\;C:\Program Files (x86)\Microsoft SQL Server\100\Tools\Binn\;C:\Program Files\Microsoft SQL Server\100\Tools\Binn\;C:\Program Files\Microsoft SQL Server\100\DTS\Binn\;C:\Program Files\Java\jdk1.8.0_73\bin;F:\wamp\bin\mysql\mysql5.1.53\bin
USERNAME=Administrator
OS=Windows_NT
PROCESSOR_IDENTIFIER=Intel64 Family 6 Model 58 Stepping 9, GenuineIntel



---------------  S Y S T E M  ---------------

OS: Windows 8.1 , 64 bit Build 9600 (6.3.9600.16656)

CPU:total 8 (4 cores per cpu, 2 threads per core) family 6 model 58 stepping 9, cmov, cx8, fxsr, mmx, sse, sse2, sse3, ssse3, sse4.1, sse4.2, popcnt, avx, aes, clmul, erms, ht, tsc, tscinvbit, tscinv

Memory: 4k page, physical 8320512k(2215768k free), swap 9893376k(144352k free)

vm_info: Java HotSpot(TM) 64-Bit Server VM (25.73-b02) for windows-amd64 JRE (1.8.0_73-b02), built on Jan 29 2016 17:38:49 by "java_re" with MS VC++ 10.0 (VS2010)

time: Sat Apr 08 21:20:31 2017
elapsed time: 0 seconds (0d 0h 0m 0s)

