#
# There is insufficient memory for the Java Runtime Environment to continue.
# Native memory allocation (malloc) failed to allocate 852096 bytes for Chunk::new
# Possible reasons:
#   The system is out of physical RAM or swap space
#   In 32 bit mode, the process size limit was hit
# Possible solutions:
#   Reduce memory load on the system
#   Increase physical memory or swap space
#   Check if swap backing store is full
#   Use 64 bit Java on a 64 bit OS
#   Decrease Java heap size (-Xmx/-Xms)
#   Decrease number of Java threads
#   Decrease Java thread stack sizes (-Xss)
#   Set larger code cache with -XX:ReservedCodeCacheSize=
# This output file may be truncated or incomplete.
#
#  Out of Memory Error (allocation.cpp:390), pid=5056, tid=14900
#
# JRE version: Java(TM) SE Runtime Environment (8.0_73-b02) (build 1.8.0_73-b02)
# Java VM: Java HotSpot(TM) 64-Bit Server VM (25.73-b02 mixed mode windows-amd64 compressed oops)
# Failed to write core dump. Minidumps are not enabled by default on client versions of Windows
#

---------------  T H R E A D  ---------------

Current thread (0x00000000157ea800):  JavaThread "C2 CompilerThread1" daemon [_thread_in_native, id=14900, stack(0x0000000017f30000,0x0000000018030000)]

Stack: [0x0000000017f30000,0x0000000018030000]
[error occurred during error reporting (printing stack bounds), id 0xc0000005]

Native frames: (J=compiled Java code, j=interpreted, Vv=VM code, C=native code)


Current CompileTask:
C2:   1392 1245       4       com.android.dx.ssa.SCCP::simulatePhi (169 bytes)


---------------  P R O C E S S  ---------------

Java Threads: ( => current thread )
  0x0000000017bdb800 JavaThread "pool-2-thread-4" [_thread_in_Java, id=4460, stack(0x0000000019030000,0x0000000019130000)]
  0x0000000017bd5000 JavaThread "pool-2-thread-3" [_thread_in_Java, id=14124, stack(0x0000000018f30000,0x0000000019030000)]
  0x0000000017bad000 JavaThread "pool-2-thread-2" [_thread_in_Java, id=11576, stack(0x0000000018e30000,0x0000000018f30000)]
  0x0000000017ba0000 JavaThread "pool-3-thread-1" [_thread_blocked, id=7344, stack(0x0000000018d30000,0x0000000018e30000)]
  0x0000000017b9f800 JavaThread "pool-2-thread-1" [_thread_blocked, id=14536, stack(0x0000000018c30000,0x0000000018d30000)]
  0x000000001793f800 JavaThread "Service Thread" daemon [_thread_blocked, id=6888, stack(0x0000000018230000,0x0000000018330000)]
  0x000000001791b800 JavaThread "C1 CompilerThread3" daemon [_thread_blocked, id=7200, stack(0x0000000018130000,0x0000000018230000)]
  0x00000000157ee800 JavaThread "C2 CompilerThread2" daemon [_thread_in_native, id=9444, stack(0x0000000018030000,0x0000000018130000)]
=>0x00000000157ea800 JavaThread "C2 CompilerThread1" daemon [_thread_in_native, id=14900, stack(0x0000000017f30000,0x0000000018030000)]
  0x00000000178bc800 JavaThread "C2 CompilerThread0" daemon [_thread_in_native, id=13752, stack(0x0000000017e30000,0x0000000017f30000)]
  0x00000000178ba800 JavaThread "Attach Listener" daemon [_thread_blocked, id=12520, stack(0x0000000017d30000,0x0000000017e30000)]
  0x0000000017870800 JavaThread "Signal Dispatcher" daemon [_thread_blocked, id=15244, stack(0x0000000017c30000,0x0000000017d30000)]
  0x0000000002cba800 JavaThread "Finalizer" daemon [_thread_blocked, id=13276, stack(0x00000000176e0000,0x00000000177e0000)]
  0x00000000157dd800 JavaThread "Reference Handler" daemon [_thread_blocked, id=2544, stack(0x00000000175e0000,0x00000000176e0000)]
  0x000000000279e000 JavaThread "main" [_thread_blocked, id=14180, stack(0x00000000027a0000,0x00000000028a0000)]

Other Threads:
  0x00000000157d8800 VMThread [stack: 0x00000000174e0000,0x00000000175e0000] [id=10864]
  0x00000000179c8000 WatcherThread [stack: 0x0000000018330000,0x0000000018430000] [id=10816]

VM state:not at safepoint (normal execution)

VM Mutex/Monitor currently owned by a thread: None

Heap:
 PSYoungGen      total 38400K, used 6590K [0x00000000eab00000, 0x00000000ef600000, 0x0000000100000000)
  eden space 33280K, 4% used [0x00000000eab00000,0x00000000eac716b0,0x00000000ecb80000)
  from space 5120K, 99% used [0x00000000ecb80000,0x00000000ed07e158,0x00000000ed080000)
  to   space 5120K, 0% used [0x00000000ef100000,0x00000000ef100000,0x00000000ef600000)
 ParOldGen       total 87552K, used 1482K [0x00000000c0000000, 0x00000000c5580000, 0x00000000eab00000)
  object space 87552K, 1% used [0x00000000c0000000,0x00000000c0172a78,0x00000000c5580000)
 Metaspace       used 6062K, capacity 6964K, committed 7040K, reserved 1056768K
  class space    used 602K, capacity 620K, committed 640K, reserved 1048576K

Card table byte_map: [0x0000000012080000,0x0000000012290000] byte_map_base: 0x0000000011a80000

Marking Bits: (ParMarkBitMap*) 0x0000000060a00600
 Begin Bits: [0x0000000012bf0000, 0x0000000013bf0000)
 End Bits:   [0x0000000013bf0000, 0x0000000014bf0000)

Polling page: 0x0000000000e80000

CodeCache: size=245760Kb used=5168Kb max_used=5168Kb free=240591Kb
 bounds [0x0000000002cc0000, 0x00000000031e0000, 0x0000000011cc0000]
 total_blobs=1581 nmethods=1310 adapters=184
 compilation: enabled

Compilation events (10 events):
Event: 1.360 Thread 0x000000001791b800 nmethod 1315 0x00000000031cfb90 code [0x00000000031cfd00, 0x00000000031cfe88]
Event: 1.360 Thread 0x000000001791b800 1316       2       java.util.Collections$UnmodifiableCollection::iterator (9 bytes)
Event: 1.360 Thread 0x000000001791b800 nmethod 1316 0x00000000031cff10 code [0x00000000031d0080, 0x00000000031d0288]
Event: 1.360 Thread 0x000000001791b800 1318       3       com.android.dx.ssa.SsaMethod$1::visitPhiInsn (17 bytes)
Event: 1.360 Thread 0x000000001791b800 nmethod 1318 0x00000000031d0350 code [0x00000000031d04c0, 0x00000000031d08b0]
Event: 1.360 Thread 0x000000001791b800 1314       3       com.android.dx.ssa.SsaMethod$2::visitPhiInsn (6 bytes)
Event: 1.361 Thread 0x000000001791b800 nmethod 1314 0x00000000031d0a50 code [0x00000000031d0bc0, 0x00000000031d0d48]
Event: 1.361 Thread 0x000000001791b800 1313       3       com.android.dx.ssa.MoveParamCombiner$1::visitPhiInsn (1 bytes)
Event: 1.361 Thread 0x000000001791b800 nmethod 1313 0x00000000031d0dd0 code [0x00000000031d0f20, 0x00000000031d1070]
Event: 1.361 Thread 0x000000001791b800 1312       3       com.android.dx.ssa.SsaRenamer$BlockRenamer::visitPhiInsn (6 bytes)

GC Heap History (2 events):
Event: 1.364 GC heap before
{Heap before GC invocations=1 (full 0):
 PSYoungGen      total 38400K, used 33280K [0x00000000eab00000, 0x00000000ed580000, 0x0000000100000000)
  eden space 33280K, 100% used [0x00000000eab00000,0x00000000ecb80000,0x00000000ecb80000)
  from space 5120K, 0% used [0x00000000ed080000,0x00000000ed080000,0x00000000ed580000)
  to   space 5120K, 0% used [0x00000000ecb80000,0x00000000ecb80000,0x00000000ed080000)
 ParOldGen       total 87552K, used 0K [0x00000000c0000000, 0x00000000c5580000, 0x00000000eab00000)
  object space 87552K, 0% used [0x00000000c0000000,0x00000000c0000000,0x00000000c5580000)
 Metaspace       used 6056K, capacity 6964K, committed 7040K, reserved 1056768K
  class space    used 602K, capacity 620K, committed 640K, reserved 1048576K
Event: 1.385 GC heap after
Heap after GC invocations=1 (full 0):
 PSYoungGen      total 38400K, used 5112K [0x00000000eab00000, 0x00000000ef600000, 0x0000000100000000)
  eden space 33280K, 0% used [0x00000000eab00000,0x00000000eab00000,0x00000000ecb80000)
  from space 5120K, 99% used [0x00000000ecb80000,0x00000000ed07e158,0x00000000ed080000)
  to   space 5120K, 0% used [0x00000000ef100000,0x00000000ef100000,0x00000000ef600000)
 ParOldGen       total 87552K, used 1482K [0x00000000c0000000, 0x00000000c5580000, 0x00000000eab00000)
  object space 87552K, 1% used [0x00000000c0000000,0x00000000c0172a78,0x00000000c5580000)
 Metaspace       used 6056K, capacity 6964K, committed 7040K, reserved 1056768K
  class space    used 602K, capacity 620K, committed 640K, reserved 1048576K
}

Deoptimization events (8 events):
Event: 0.657 Thread 0x0000000017b9f800 Uncommon trap: reason=unstable_if action=reinterpret pc=0x0000000002edc8f8 method=java.util.HashMap.getNode(ILjava/lang/Object;)Ljava/util/HashMap$Node; @ 62
Event: 0.832 Thread 0x0000000017bad000 Uncommon trap: reason=class_check action=maybe_recompile pc=0x0000000002feb4bc method=com.android.dx.ssa.NormalSsaInsn.accept(Lcom/android/dx/ssa/SsaInsn$Visitor;)V @ 9
Event: 1.117 Thread 0x0000000017b9f800 Uncommon trap: reason=unstable_if action=reinterpret pc=0x0000000003011444 method=com.android.dx.ssa.SsaMethod.onSourcesChanged(Lcom/android/dx/ssa/SsaInsn;Lcom/android/dx/rop/code/RegisterSpecList;)V @ 4
Event: 1.117 Thread 0x0000000017b9f800 Uncommon trap: reason=predicate action=maybe_recompile pc=0x0000000003013524 method=java.util.ArrayList.remove(Ljava/lang/Object;)Z @ 49
Event: 1.352 Thread 0x0000000017b9f800 Uncommon trap: reason=class_check action=maybe_recompile pc=0x0000000002feb4bc method=com.android.dx.ssa.NormalSsaInsn.accept(Lcom/android/dx/ssa/SsaInsn$Visitor;)V @ 9
Event: 1.352 Thread 0x0000000017b9f800 Uncommon trap: reason=class_check action=maybe_recompile pc=0x0000000002f06e70 method=com.android.dx.ssa.NormalSsaInsn.accept(Lcom/android/dx/ssa/SsaInsn$Visitor;)V @ 9
Event: 1.352 Thread 0x0000000017b9f800 Uncommon trap: reason=class_check action=maybe_recompile pc=0x0000000002f06e70 method=com.android.dx.ssa.NormalSsaInsn.accept(Lcom/android/dx/ssa/SsaInsn$Visitor;)V @ 9
Event: 1.356 Thread 0x0000000017b9f800 Uncommon trap: reason=null_check action=make_not_entrant pc=0x0000000002fdfc20 method=com.android.dx.rop.type.Type.equals(Ljava/lang/Object;)Z @ 8

Internal exceptions (3 events):
Event: 0.118 Thread 0x000000000279e000 Exception <a 'java/lang/NoSuchMethodError': Method sun.misc.Unsafe.defineClass(Ljava/lang/String;[BII)Ljava/lang/Class; name or signature does not match> (0x00000000eab130b8) thrown at [D:\re\puppet\workspace\8-2-build-windows-amd64-cygwin\jdk8u73\6086\hotn‹Ó¨:æ?
Event: 0.118 Thread 0x000000000279e000 Exception <a 'java/lang/NoSuchMethodError': Method sun.misc.Unsafe.prefetchRead(Ljava/lang/Object;J)V name or signature does not match> (0x00000000eab133a0) thrown at [D:\re\puppet\workspace\8-2-build-windows-amd64-cygwin\jdk8u73\6086\hotspot\src\share\vm\)'iL≥ı?
Event: 1.356 Thread 0x0000000017b9f800 Implicit null exception at 0x0000000002fdfb22 to 0x0000000002fdfc12

Events (10 events):
Event: 1.352 Thread 0x0000000017b9f800 DEOPT PACKING pc=0x0000000002f06e70 sp=0x0000000018d2ebc0
Event: 1.352 Thread 0x0000000017b9f800 DEOPT UNPACKING pc=0x0000000002d0582a sp=0x0000000018d2eb60 mode 2
Event: 1.352 Thread 0x0000000017b9f800 Uncommon trap: trap_request=0xffffffde fr.pc=0x0000000002f06e70
Event: 1.352 Thread 0x0000000017b9f800 DEOPT PACKING pc=0x0000000002f06e70 sp=0x0000000018d2ebc0
Event: 1.352 Thread 0x0000000017b9f800 DEOPT UNPACKING pc=0x0000000002d0582a sp=0x0000000018d2eb60 mode 2
Event: 1.356 Thread 0x0000000017b9f800 Uncommon trap: trap_request=0xfffffff4 fr.pc=0x0000000002fdfc20
Event: 1.356 Thread 0x0000000017b9f800 DEOPT PACKING pc=0x0000000002fdfc20 sp=0x0000000018d2e910
Event: 1.356 Thread 0x0000000017b9f800 DEOPT UNPACKING pc=0x0000000002d0582a sp=0x0000000018d2e898 mode 2
Event: 1.361 Executing VM operation: ParallelGCFailedAllocation
Event: 1.386 Executing VM operation: ParallelGCFailedAllocation done


Dynamic libraries:
0x00007ff6295c0000 - 0x00007ff6295f7000 	C:\Program Files\Java\jdk1.8.0_73\bin\java.exe
0x00007ffc57bb0000 - 0x00007ffc57d59000 	C:\windows\SYSTEM32\ntdll.dll
0x00007ffc57370000 - 0x00007ffc574a9000 	C:\windows\system32\KERNEL32.DLL
0x00007ffc54fc0000 - 0x00007ffc550ce000 	C:\windows\system32\KERNELBASE.dll
0x00007ffc53650000 - 0x00007ffc536db000 	C:\windows\system32\apphelp.dll
0x00007ffc358f0000 - 0x00007ffc3593f000 	C:\windows\AppPatch\AppPatch64\AcGenral.DLL
0x00007ffc56fd0000 - 0x00007ffc57077000 	C:\windows\system32\msvcrt.dll
0x00007ffc549d0000 - 0x00007ffc549fb000 	C:\windows\SYSTEM32\SspiCli.dll
0x00007ffc57550000 - 0x00007ffc575a1000 	C:\windows\system32\SHLWAPI.dll
0x00007ffc57a10000 - 0x00007ffc57b81000 	C:\windows\system32\USER32.dll
0x00007ffc57090000 - 0x00007ffc57206000 	C:\windows\system32\ole32.dll
0x00007ffc55700000 - 0x00007ffc56b0d000 	C:\windows\system32\SHELL32.dll
0x00007ffc541a0000 - 0x00007ffc541bf000 	C:\windows\SYSTEM32\USERENV.dll
0x00007ffc554d0000 - 0x00007ffc55575000 	C:\windows\system32\ADVAPI32.dll
0x00007ffc4dbf0000 - 0x00007ffc4dc0b000 	C:\windows\SYSTEM32\MPR.dll
0x00007ffc576f0000 - 0x00007ffc57826000 	C:\windows\system32\RPCRT4.dll
0x00007ffc57950000 - 0x00007ffc579a7000 	C:\windows\SYSTEM32\sechost.dll
0x00007ffc56cf0000 - 0x00007ffc56ec7000 	C:\windows\SYSTEM32\combase.dll
0x00007ffc55580000 - 0x00007ffc556c5000 	C:\windows\system32\GDI32.dll
0x00007ffc54b60000 - 0x00007ffc54b74000 	C:\windows\SYSTEM32\profapi.dll
0x00007ffc53070000 - 0x00007ffc53111000 	C:\windows\SYSTEM32\SHCORE.dll
0x00007ffc56f80000 - 0x00007ffc56fb4000 	C:\windows\system32\IMM32.DLL
0x00007ffc575b0000 - 0x00007ffc576e8000 	C:\windows\system32\MSCTF.dll
0x00007ffc527f0000 - 0x00007ffc52a4a000 	C:\windows\WinSxS\amd64_microsoft.windows.common-controls_6595b64144ccf1df_6.0.9600.16384_none_62475f7becb72503\COMCTL32.dll
0x000000005fbc0000 - 0x000000005fc92000 	C:\Program Files\Java\jdk1.8.0_73\jre\bin\msvcr100.dll
0x00000000601f0000 - 0x0000000060a80000 	C:\Program Files\Java\jdk1.8.0_73\jre\bin\server\jvm.dll
0x00007ffc52d00000 - 0x00007ffc52d09000 	C:\windows\SYSTEM32\WSOCK32.dll
0x00007ffc55130000 - 0x00007ffc5514f000 	C:\windows\system32\WINMM.dll
0x00007ffc53b00000 - 0x00007ffc53b0a000 	C:\windows\SYSTEM32\VERSION.dll
0x00007ffc57080000 - 0x00007ffc57087000 	C:\windows\system32\PSAPI.DLL
0x00007ffc57310000 - 0x00007ffc57368000 	C:\windows\system32\WS2_32.dll
0x00007ffc54c40000 - 0x00007ffc54c6a000 	C:\windows\system32\WINMMBASE.dll
0x00007ffc57540000 - 0x00007ffc57549000 	C:\windows\system32\NSI.dll
0x00007ffc54f70000 - 0x00007ffc54fba000 	C:\windows\SYSTEM32\cfgmgr32.dll
0x00007ffc54c10000 - 0x00007ffc54c36000 	C:\windows\system32\DEVOBJ.dll
0x0000000060100000 - 0x000000006010f000 	C:\Program Files\Java\jdk1.8.0_73\jre\bin\verify.dll
0x00000000600d0000 - 0x00000000600f9000 	C:\Program Files\Java\jdk1.8.0_73\jre\bin\java.dll
0x00000000600b0000 - 0x00000000600c6000 	C:\Program Files\Java\jdk1.8.0_73\jre\bin\zip.dll

VM Arguments:
jvm_args: -Djava.awt.headless=true -Xmx1024M -Dfile.encoding=GBK -Duser.country=CN -Duser.language=zh -Duser.variant 
java_command: com.android.dx.command.Main --dex --force-jumbo --num-threads=4 --multi-dex --output F:\CommunityDemo\app\build\intermediates\transforms\dex\debug\folders\1000\10\BmobSDK_3.5.0_20160630_7fe1e315e849eb93c60e56185e203759b89b5592 F:\CommunityDemo\app\build\intermediates\exploded-aar\cn.bmob.android\bmob-sdk\3.5.0\jars\libs\BmobSDK_3.5.0_20160630.jar
java_class_path (initial): E:\SDK\build-tools\23.0.3\lib\dx.jar
Launcher Type: SUN_STANDARD

Environment Variables:
PATH=C:\Program Files (x86)\Common Files\Intel\Shared Libraries\redist\intel64\mpirt;C:\Program Files (x86)\Common Files\Intel\Shared Libraries\redist\ia32\mpirt;C:\Program Files (x86)\Common Files\Intel\Shared Libraries\redist\intel64\compiler;C:\Program Files (x86)\Common Files\Intel\Shared Libraries\redist\ia32\compiler;C:\ProgramData\Oracle\Java\javapath;C:\Program Files (x86)\Intel\iCLS Client\;C:\Program Files\Intel\iCLS Client\;C:\windows\system32;C:\windows;C:\windows\System32\Wbem;C:\windows\System32\WindowsPowerShell\v1.0\;C:\Program Files\Intel\Intel(R) Management Engine Components\DAL;C:\Program Files\Intel\Intel(R) Management Engine Components\IPT;C:\Program Files (x86)\Intel\Intel(R) Management Engine Components\DAL;C:\Program Files (x86)\Intel\Intel(R) Management Engine Components\IPT;C:\Program Files (x86)\ATI Technologies\ATI.ACE\Core-Static;C:\Program Files (x86)\Windows Kits\8.1\Windows Performance Toolkit\;C:\Program Files (x86)\Microsoft SQL Server\100\Tools\Binn\;C:\Program Files\Microsoft SQL Server\100\Tools\Binn\;C:\Program Files\Microsoft SQL Server\100\DTS\Binn\;C:\Program Files\Java\jdk1.8.0_73\bin;F:\wamp\bin\mysql\mysql5.1.53\bin
USERNAME=Administrator
OS=Windows_NT
PROCESSOR_IDENTIFIER=Intel64 Family 6 Model 58 Stepping 9, GenuineIntel



---------------  S Y S T E M  ---------------

OS: Windows 8.1 , 64 bit Build 9600 (6.3.9600.16656)

CPU:total 8 (4 cores per cpu, 2 threads per core) family 6 model 58 stepping 9, cmov, cx8, fxsr, mmx, sse, sse2, sse3, ssse3, sse4.1, sse4.2, popcnt, avx, aes, clmul, erms, ht, tsc, tscinvbit, tscinv

Memory: 4k page, physical 8320512k(1359172k free), swap 9893376k(6336k free)

vm_info: Java HotSpot(TM) 64-Bit Server VM (25.73-b02) for windows-amd64 JRE (1.8.0_73-b02), built on Jan 29 2016 17:38:49 by "java_re" with MS VC++ 10.0 (VS2010)

time: Fri Apr 07 17:18:03 2017
elapsed time: 1 seconds (0d 0h 0m 1s)

