#
# There is insufficient memory for the Java Runtime Environment to continue.
# Native memory allocation (malloc) failed to allocate 685616 bytes for Chunk::new
# Possible reasons:
#   The system is out of physical RAM or swap space
#   In 32 bit mode, the process size limit was hit
# Possible solutions:
#   Reduce memory load on the system
#   Increase physical memory or swap space
#   Check if swap backing store is full
#   Use 64 bit Java on a 64 bit OS
#   Decrease Java heap size (-Xmx/-Xms)
#   Decrease number of Java threads
#   Decrease Java thread stack sizes (-Xss)
#   Set larger code cache with -XX:ReservedCodeCacheSize=
# This output file may be truncated or incomplete.
#
#  Out of Memory Error (allocation.cpp:390), pid=1760, tid=6812
#
# JRE version: Java(TM) SE Runtime Environment (8.0_73-b02) (build 1.8.0_73-b02)
# Java VM: Java HotSpot(TM) 64-Bit Server VM (25.73-b02 mixed mode windows-amd64 compressed oops)
# Failed to write core dump. Minidumps are not enabled by default on client versions of Windows
#

---------------  T H R E A D  ---------------

Current thread (0x000000001787d000):  JavaThread "C2 CompilerThread1" daemon [_thread_in_native, id=6812, stack(0x0000000017ea0000,0x0000000017fa0000)]

Stack: [0x0000000017ea0000,0x0000000017fa0000]
[error occurred during error reporting (printing stack bounds), id 0xc0000005]

Native frames: (J=compiled Java code, j=interpreted, Vv=VM code, C=native code)


Current CompileTask:
C2:   1995 1347       4       com.android.dx.ssa.SCCP::simulateStmt (481 bytes)


---------------  P R O C E S S  ---------------

Java Threads: ( => current thread )
  0x0000000017b93000 JavaThread "pool-2-thread-4" [_thread_in_Java, id=11584, stack(0x0000000018fa0000,0x00000000190a0000)]
  0x0000000017af1000 JavaThread "pool-2-thread-3" [_thread_blocked, id=2448, stack(0x0000000018ea0000,0x0000000018fa0000)]
  0x0000000017aea000 JavaThread "pool-2-thread-2" [_thread_in_vm, id=10176, stack(0x0000000018da0000,0x0000000018ea0000)]
  0x0000000017ae7800 JavaThread "pool-3-thread-1" [_thread_blocked, id=5336, stack(0x0000000018ca0000,0x0000000018da0000)]
  0x0000000017ae6800 JavaThread "pool-2-thread-1" [_thread_blocked, id=15248, stack(0x0000000018ba0000,0x0000000018ca0000)]
  0x0000000017891000 JavaThread "Service Thread" daemon [_thread_blocked, id=16064, stack(0x00000000181a0000,0x00000000182a0000)]
  0x0000000017888800 JavaThread "C1 CompilerThread3" daemon [_thread_blocked, id=13680, stack(0x00000000180a0000,0x00000000181a0000)]
  0x0000000017885000 JavaThread "C2 CompilerThread2" daemon [_thread_in_native, id=11400, stack(0x0000000017fa0000,0x00000000180a0000)]
=>0x000000001787d000 JavaThread "C2 CompilerThread1" daemon [_thread_in_native, id=6812, stack(0x0000000017ea0000,0x0000000017fa0000)]
  0x0000000017826000 JavaThread "C2 CompilerThread0" daemon [_thread_in_native, id=4284, stack(0x0000000017da0000,0x0000000017ea0000)]
  0x0000000017824000 JavaThread "Attach Listener" daemon [_thread_blocked, id=15812, stack(0x0000000017ca0000,0x0000000017da0000)]
  0x00000000177d9000 JavaThread "Signal Dispatcher" daemon [_thread_blocked, id=13100, stack(0x0000000017ba0000,0x0000000017ca0000)]
  0x0000000002c5a000 JavaThread "Finalizer" daemon [_thread_blocked, id=11456, stack(0x0000000017650000,0x0000000017750000)]
  0x000000001577d000 JavaThread "Reference Handler" daemon [_thread_blocked, id=7984, stack(0x0000000017550000,0x0000000017650000)]
  0x000000000286e000 JavaThread "main" [_thread_in_Java, id=15448, stack(0x0000000002730000,0x0000000002830000)]

Other Threads:
  0x0000000015778800 VMThread [stack: 0x0000000017450000,0x0000000017550000] [id=14628]
  0x0000000017917800 WatcherThread [stack: 0x00000000182a0000,0x00000000183a0000] [id=14796]

VM state:not at safepoint (normal execution)

VM Mutex/Monitor currently owned by a thread: None

Heap:
 PSYoungGen      total 38400K, used 15362K [0x00000000eab00000, 0x00000000ed580000, 0x0000000100000000)
  eden space 33280K, 30% used [0x00000000eab00000,0x00000000eb508890,0x00000000ecb80000)
  from space 5120K, 99% used [0x00000000ecb80000,0x00000000ed078050,0x00000000ed080000)
  to   space 5120K, 0% used [0x00000000ed080000,0x00000000ed080000,0x00000000ed580000)
 ParOldGen       total 87552K, used 1075K [0x00000000c0000000, 0x00000000c5580000, 0x00000000eab00000)
  object space 87552K, 1% used [0x00000000c0000000,0x00000000c010cd68,0x00000000c5580000)
 Metaspace       used 6105K, capacity 6964K, committed 7040K, reserved 1056768K
  class space    used 601K, capacity 620K, committed 640K, reserved 1048576K

Card table byte_map: [0x0000000012020000,0x0000000012230000] byte_map_base: 0x0000000011a20000

Marking Bits: (ParMarkBitMap*) 0x00000000610b0600
 Begin Bits: [0x0000000012b90000, 0x0000000013b90000)
 End Bits:   [0x0000000013b90000, 0x0000000014b90000)

Polling page: 0x0000000000f70000

CodeCache: size=245760Kb used=5503Kb max_used=5517Kb free=240256Kb
 bounds [0x0000000002c60000, 0x00000000031d0000, 0x0000000011c60000]
 total_blobs=1607 nmethods=1336 adapters=184
 compilation: enabled

Compilation events (10 events):
Event: 1.949 Thread 0x0000000017888800 nmethod 1346 0x00000000031c26d0 code [0x00000000031c29e0, 0x00000000031c39d8]
Event: 1.949 Thread 0x0000000017888800 1345       2       java.util.Collections$UnmodifiableCollection::iterator (9 bytes)
Event: 1.949 Thread 0x0000000017888800 nmethod 1345 0x00000000031a8910 code [0x00000000031a8a80, 0x00000000031a8c88]
Event: 1.949 Thread 0x0000000017888800 1337       1       com.android.dx.rop.code.Insn$BaseVisitor::visitThrowingCstInsn (1 bytes)
Event: 1.949 Thread 0x0000000017888800 nmethod 1337 0x00000000031ab610 code [0x00000000031ab760, 0x00000000031ab870]
Event: 1.949 Thread 0x0000000017888800 1343       3       com.android.dx.cf.code.Merger::mergeLocals (122 bytes)
Event: 1.971 Thread 0x000000001787d000 nmethod 1338 0x00000000031c7690 code [0x00000000031c7840, 0x00000000031c8678]
Event: 1.971 Thread 0x000000001787d000 1350       4       com.android.dx.rop.type.Type::equals (31 bytes)
Event: 1.972 Thread 0x000000001787d000 nmethod 1350 0x00000000031c7310 code [0x00000000031c7460, 0x00000000031c75d8]
Event: 1.972 Thread 0x000000001787d000 1347       4       com.android.dx.ssa.SCCP::simulateStmt (481 bytes)

GC Heap History (2 events):
Event: 1.761 GC heap before
{Heap before GC invocations=1 (full 0):
 PSYoungGen      total 38400K, used 33280K [0x00000000eab00000, 0x00000000ed580000, 0x0000000100000000)
  eden space 33280K, 100% used [0x00000000eab00000,0x00000000ecb80000,0x00000000ecb80000)
  from space 5120K, 0% used [0x00000000ed080000,0x00000000ed080000,0x00000000ed580000)
  to   space 5120K, 0% used [0x00000000ecb80000,0x00000000ecb80000,0x00000000ed080000)
 ParOldGen       total 87552K, used 0K [0x00000000c0000000, 0x00000000c5580000, 0x00000000eab00000)
  object space 87552K, 0% used [0x00000000c0000000,0x00000000c0000000,0x00000000c5580000)
 Metaspace       used 6067K, capacity 6898K, committed 7040K, reserved 1056768K
  class space    used 599K, capacity 618K, committed 640K, reserved 1048576K
Event: 1.910 GC heap after
Heap after GC invocations=1 (full 0):
 PSYoungGen      total 38400K, used 5088K [0x00000000eab00000, 0x00000000ed580000, 0x0000000100000000)
  eden space 33280K, 0% used [0x00000000eab00000,0x00000000eab00000,0x00000000ecb80000)
  from space 5120K, 99% used [0x00000000ecb80000,0x00000000ed078050,0x00000000ed080000)
  to   space 5120K, 0% used [0x00000000ed080000,0x00000000ed080000,0x00000000ed580000)
 ParOldGen       total 87552K, used 1075K [0x00000000c0000000, 0x00000000c5580000, 0x00000000eab00000)
  object space 87552K, 1% used [0x00000000c0000000,0x00000000c010cd68,0x00000000c5580000)
 Metaspace       used 6067K, capacity 6898K, committed 7040K, reserved 1056768K
  class space    used 599K, capacity 618K, committed 640K, reserved 1048576K
}

Deoptimization events (9 events):
Event: 0.553 Thread 0x000000000286e000 Uncommon trap: reason=unstable_if action=reinterpret pc=0x0000000002dae7d4 method=java.lang.String.compareTo(Ljava/lang/String;)I @ 38
Event: 1.170 Thread 0x0000000017af1000 Uncommon trap: reason=class_check action=maybe_recompile pc=0x0000000002f4ebd0 method=com.android.dx.ssa.NormalSsaInsn.accept(Lcom/android/dx/ssa/SsaInsn$Visitor;)V @ 9
Event: 1.223 Thread 0x0000000017ae6800 Uncommon trap: reason=predicate action=maybe_recompile pc=0x0000000002ff0564 method=java.util.ArrayList.remove(Ljava/lang/Object;)Z @ 49
Event: 1.933 Thread 0x0000000017b93000 Uncommon trap: reason=unstable_if action=reinterpret pc=0x0000000002fc05d4 method=com.android.dx.rop.code.RegisterSpecSet.<init>(I)V @ 2
Event: 1.946 Thread 0x0000000017af1000 Uncommon trap: reason=class_check action=maybe_recompile pc=0x0000000002f4ebd0 method=com.android.dx.ssa.NormalSsaInsn.accept(Lcom/android/dx/ssa/SsaInsn$Visitor;)V @ 9
Event: 1.946 Thread 0x0000000017af1000 Uncommon trap: reason=class_check action=maybe_recompile pc=0x0000000002e9a0b0 method=com.android.dx.ssa.NormalSsaInsn.accept(Lcom/android/dx/ssa/SsaInsn$Visitor;)V @ 9
Event: 1.946 Thread 0x0000000017af1000 Uncommon trap: reason=class_check action=maybe_recompile pc=0x0000000002e9a0b0 method=com.android.dx.ssa.NormalSsaInsn.accept(Lcom/android/dx/ssa/SsaInsn$Visitor;)V @ 9
Event: 1.965 Thread 0x0000000017af1000 Uncommon trap: reason=null_check action=make_not_entrant pc=0x0000000002f6ede0 method=com.android.dx.rop.type.Type.equals(Ljava/lang/Object;)Z @ 8
Event: 1.968 Thread 0x0000000017aea000 Uncommon trap: reason=class_check action=maybe_recompile pc=0x0000000002f4ebd0 method=com.android.dx.ssa.NormalSsaInsn.accept(Lcom/android/dx/ssa/SsaInsn$Visitor;)V @ 9

Internal exceptions (3 events):
Event: 0.170 Thread 0x000000000286e000 Exception <a 'java/lang/NoSuchMethodError': Method sun.misc.Unsafe.defineClass(Ljava/lang/String;[BII)Ljava/lang/Class; name or signature does not match> (0x00000000eab130b8) thrown at [D:\re\puppet\workspace\8-2-build-windows-amd64-cygwin\jdk8u73\6086\hotÈj
Wö»Å?
Event: 0.170 Thread 0x000000000286e000 Exception <a 'java/lang/NoSuchMethodError': Method sun.misc.Unsafe.prefetchRead(Ljava/lang/Object;J)V name or signature does not match> (0x00000000eab133a0) thrown at [D:\re\puppet\workspace\8-2-build-windows-amd64-cygwin\jdk8u73\6086\hotspot\src\share\vm\X>Ênÿ?
Event: 1.965 Thread 0x0000000017af1000 Implicit null exception at 0x0000000002f6ece2 to 0x0000000002f6edd2

Events (10 events):
Event: 1.946 Thread 0x0000000017af1000 DEOPT UNPACKING pc=0x0000000002ca582a sp=0x0000000018f9e410 mode 2
Event: 1.946 Thread 0x0000000017af1000 Uncommon trap: trap_request=0xffffffde fr.pc=0x0000000002e9a0b0
Event: 1.946 Thread 0x0000000017af1000 DEOPT PACKING pc=0x0000000002e9a0b0 sp=0x0000000018f9e470
Event: 1.946 Thread 0x0000000017af1000 DEOPT UNPACKING pc=0x0000000002ca582a sp=0x0000000018f9e410 mode 2
Event: 1.965 Thread 0x0000000017af1000 Uncommon trap: trap_request=0xfffffff4 fr.pc=0x0000000002f6ede0
Event: 1.965 Thread 0x0000000017af1000 DEOPT PACKING pc=0x0000000002f6ede0 sp=0x0000000018f9e170
Event: 1.965 Thread 0x0000000017af1000 DEOPT UNPACKING pc=0x0000000002ca582a sp=0x0000000018f9e0f8 mode 2
Event: 1.968 Thread 0x0000000017aea000 Uncommon trap: trap_request=0xffffffde fr.pc=0x0000000002f4ebd0
Event: 1.968 Thread 0x0000000017aea000 DEOPT PACKING pc=0x0000000002f4ebd0 sp=0x0000000018e9e6e0
Event: 1.968 Thread 0x0000000017aea000 DEOPT UNPACKING pc=0x0000000002ca582a sp=0x0000000018e9e6c0 mode 2


Dynamic libraries:
0x00007ff619f80000 - 0x00007ff619fb7000 	C:\Program Files\Java\jdk1.8.0_73\bin\java.exe
0x00007ffc57bb0000 - 0x00007ffc57d59000 	C:\windows\SYSTEM32\ntdll.dll
0x00007ffc57370000 - 0x00007ffc574a9000 	C:\windows\system32\KERNEL32.DLL
0x00007ffc54fc0000 - 0x00007ffc550ce000 	C:\windows\system32\KERNELBASE.dll
0x00007ffc53650000 - 0x00007ffc536db000 	C:\windows\system32\apphelp.dll
0x00007ffc43410000 - 0x00007ffc4345f000 	C:\windows\AppPatch\AppPatch64\AcGenral.DLL
0x00007ffc56fd0000 - 0x00007ffc57077000 	C:\windows\system32\msvcrt.dll
0x00007ffc549d0000 - 0x00007ffc549fb000 	C:\windows\SYSTEM32\SspiCli.dll
0x00007ffc57550000 - 0x00007ffc575a1000 	C:\windows\system32\SHLWAPI.dll
0x00007ffc57a10000 - 0x00007ffc57b81000 	C:\windows\system32\USER32.dll
0x00007ffc57090000 - 0x00007ffc57206000 	C:\windows\system32\ole32.dll
0x00007ffc55700000 - 0x00007ffc56b0d000 	C:\windows\system32\SHELL32.dll
0x00007ffc541a0000 - 0x00007ffc541bf000 	C:\windows\SYSTEM32\USERENV.dll
0x00007ffc554d0000 - 0x00007ffc55575000 	C:\windows\system32\ADVAPI32.dll
0x00007ffc4dbf0000 - 0x00007ffc4dc0b000 	C:\windows\SYSTEM32\MPR.dll
0x00007ffc576f0000 - 0x00007ffc57826000 	C:\windows\system32\RPCRT4.dll
0x00007ffc57950000 - 0x00007ffc579a7000 	C:\windows\SYSTEM32\sechost.dll
0x00007ffc56cf0000 - 0x00007ffc56ec7000 	C:\windows\SYSTEM32\combase.dll
0x00007ffc55580000 - 0x00007ffc556c5000 	C:\windows\system32\GDI32.dll
0x00007ffc54b60000 - 0x00007ffc54b74000 	C:\windows\SYSTEM32\profapi.dll
0x00007ffc53070000 - 0x00007ffc53111000 	C:\windows\SYSTEM32\SHCORE.dll
0x00007ffc56f80000 - 0x00007ffc56fb4000 	C:\windows\system32\IMM32.DLL
0x00007ffc575b0000 - 0x00007ffc576e8000 	C:\windows\system32\MSCTF.dll
0x00007ffc527f0000 - 0x00007ffc52a4a000 	C:\windows\WinSxS\amd64_microsoft.windows.common-controls_6595b64144ccf1df_6.0.9600.16384_none_62475f7becb72503\COMCTL32.dll
0x000000005e040000 - 0x000000005e112000 	C:\Program Files\Java\jdk1.8.0_73\jre\bin\msvcr100.dll
0x00000000608a0000 - 0x0000000061130000 	C:\Program Files\Java\jdk1.8.0_73\jre\bin\server\jvm.dll
0x00007ffc52e10000 - 0x00007ffc52e19000 	C:\windows\SYSTEM32\WSOCK32.dll
0x00007ffc55130000 - 0x00007ffc5514f000 	C:\windows\system32\WINMM.dll
0x00007ffc53b00000 - 0x00007ffc53b0a000 	C:\windows\SYSTEM32\VERSION.dll
0x00007ffc57080000 - 0x00007ffc57087000 	C:\windows\system32\PSAPI.DLL
0x00007ffc57310000 - 0x00007ffc57368000 	C:\windows\system32\WS2_32.dll
0x00007ffc54c40000 - 0x00007ffc54c6a000 	C:\windows\system32\WINMMBASE.dll
0x00007ffc57540000 - 0x00007ffc57549000 	C:\windows\system32\NSI.dll
0x00007ffc54f70000 - 0x00007ffc54fba000 	C:\windows\SYSTEM32\cfgmgr32.dll
0x00007ffc54c10000 - 0x00007ffc54c36000 	C:\windows\system32\DEVOBJ.dll
0x0000000060890000 - 0x000000006089f000 	C:\Program Files\Java\jdk1.8.0_73\jre\bin\verify.dll
0x0000000060860000 - 0x0000000060889000 	C:\Program Files\Java\jdk1.8.0_73\jre\bin\java.dll
0x0000000060840000 - 0x0000000060856000 	C:\Program Files\Java\jdk1.8.0_73\jre\bin\zip.dll

VM Arguments:
jvm_args: -Djava.awt.headless=true -Xmx1024M -Dfile.encoding=GBK -Duser.country=CN -Duser.language=zh -Duser.variant 
java_command: com.android.dx.command.Main --dex --force-jumbo --num-threads=4 --multi-dex --output F:\CommunityDemo\app\build\intermediates\transforms\dex\debug\folders\1000\10\BmobSDK_3.5.0_20160630_7fe1e315e849eb93c60e56185e203759b89b5592 F:\CommunityDemo\app\build\intermediates\exploded-aar\cn.bmob.android\bmob-sdk\3.5.0\jars\libs\BmobSDK_3.5.0_20160630.jar
java_class_path (initial): E:\SDK\build-tools\23.0.3\lib\dx.jar
Launcher Type: SUN_STANDARD

Environment Variables:
PATH=C:\Program Files (x86)\Common Files\Intel\Shared Libraries\redist\intel64\mpirt;C:\Program Files (x86)\Common Files\Intel\Shared Libraries\redist\ia32\mpirt;C:\Program Files (x86)\Common Files\Intel\Shared Libraries\redist\intel64\compiler;C:\Program Files (x86)\Common Files\Intel\Shared Libraries\redist\ia32\compiler;C:\ProgramData\Oracle\Java\javapath;C:\Program Files (x86)\Intel\iCLS Client\;C:\Program Files\Intel\iCLS Client\;C:\windows\system32;C:\windows;C:\windows\System32\Wbem;C:\windows\System32\WindowsPowerShell\v1.0\;C:\Program Files\Intel\Intel(R) Management Engine Components\DAL;C:\Program Files\Intel\Intel(R) Management Engine Components\IPT;C:\Program Files (x86)\Intel\Intel(R) Management Engine Components\DAL;C:\Program Files (x86)\Intel\Intel(R) Management Engine Components\IPT;C:\Program Files (x86)\ATI Technologies\ATI.ACE\Core-Static;C:\Program Files (x86)\Windows Kits\8.1\Windows Performance Toolkit\;C:\Program Files (x86)\Microsoft SQL Server\100\Tools\Binn\;C:\Program Files\Microsoft SQL Server\100\Tools\Binn\;C:\Program Files\Microsoft SQL Server\100\DTS\Binn\;C:\Program Files\Java\jdk1.8.0_73\bin;F:\wamp\bin\mysql\mysql5.1.53\bin
USERNAME=Administrator
OS=Windows_NT
PROCESSOR_IDENTIFIER=Intel64 Family 6 Model 58 Stepping 9, GenuineIntel



---------------  S Y S T E M  ---------------

OS: Windows 8.1 , 64 bit Build 9600 (6.3.9600.16656)

CPU:total 8 (4 cores per cpu, 2 threads per core) family 6 model 58 stepping 9, cmov, cx8, fxsr, mmx, sse, sse2, sse3, ssse3, sse4.1, sse4.2, popcnt, avx, aes, clmul, erms, ht, tsc, tscinvbit, tscinv

Memory: 4k page, physical 8320512k(1854468k free), swap 9893376k(5312k free)

vm_info: Java HotSpot(TM) 64-Bit Server VM (25.73-b02) for windows-amd64 JRE (1.8.0_73-b02), built on Jan 29 2016 17:38:49 by "java_re" with MS VC++ 10.0 (VS2010)

time: Sat Apr 08 21:52:37 2017
elapsed time: 1 seconds (0d 0h 0m 1s)

