#
# There is insufficient memory for the Java Runtime Environment to continue.
# Native memory allocation (malloc) failed to allocate 141696 bytes for Chunk::new
# Possible reasons:
#   The system is out of physical RAM or swap space
#   In 32 bit mode, the process size limit was hit
# Possible solutions:
#   Reduce memory load on the system
#   Increase physical memory or swap space
#   Check if swap backing store is full
#   Use 64 bit Java on a 64 bit OS
#   Decrease Java heap size (-Xmx/-Xms)
#   Decrease number of Java threads
#   Decrease Java thread stack sizes (-Xss)
#   Set larger code cache with -XX:ReservedCodeCacheSize=
# This output file may be truncated or incomplete.
#
#  Out of Memory Error (allocation.cpp:390), pid=11260, tid=14348
#
# JRE version: Java(TM) SE Runtime Environment (8.0_73-b02) (build 1.8.0_73-b02)
# Java VM: Java HotSpot(TM) 64-Bit Server VM (25.73-b02 mixed mode windows-amd64 compressed oops)
# Failed to write core dump. Minidumps are not enabled by default on client versions of Windows
#

---------------  T H R E A D  ---------------

Current thread (0x00000000179f1800):  JavaThread "C2 CompilerThread2" daemon [_thread_in_native, id=14348, stack(0x0000000018140000,0x0000000018240000)]

Stack: [0x0000000018140000,0x0000000018240000]
[error occurred during error reporting (printing stack bounds), id 0xc0000005]

Native frames: (J=compiled Java code, j=interpreted, Vv=VM code, C=native code)


Current CompileTask:
C2:   1627  897   !   4       com.android.dx.rop.code.RegisterSpec::intern (70 bytes)


---------------  P R O C E S S  ---------------

Java Threads: ( => current thread )
  0x0000000017c83000 JavaThread "pool-2-thread-4" [_thread_in_Java, id=14132, stack(0x0000000019140000,0x0000000019240000)]
  0x0000000017c7c000 JavaThread "pool-2-thread-3" [_thread_in_Java, id=8664, stack(0x0000000019040000,0x0000000019140000)]
  0x0000000017c51000 JavaThread "pool-2-thread-2" [_thread_blocked, id=12160, stack(0x0000000018f40000,0x0000000019040000)]
  0x0000000017c4e800 JavaThread "pool-3-thread-1" [_thread_blocked, id=7532, stack(0x0000000018e40000,0x0000000018f40000)]
  0x0000000017c4c000 JavaThread "pool-2-thread-1" [_thread_blocked, id=7456, stack(0x0000000018d40000,0x0000000018e40000)]
  0x0000000017a51000 JavaThread "Service Thread" daemon [_thread_blocked, id=10972, stack(0x0000000018340000,0x0000000018440000)]
  0x0000000017a0e800 JavaThread "C1 CompilerThread3" daemon [_thread_in_native, id=12348, stack(0x0000000018240000,0x0000000018340000)]
=>0x00000000179f1800 JavaThread "C2 CompilerThread2" daemon [_thread_in_native, id=14348, stack(0x0000000018140000,0x0000000018240000)]
  0x00000000179dd800 JavaThread "C2 CompilerThread1" daemon [_thread_blocked, id=12524, stack(0x0000000018040000,0x0000000018140000)]
  0x00000000179c5800 JavaThread "C2 CompilerThread0" daemon [_thread_in_native, id=12564, stack(0x0000000017f40000,0x0000000018040000)]
  0x00000000179c4000 JavaThread "Attach Listener" daemon [_thread_blocked, id=13260, stack(0x0000000017e40000,0x0000000017f40000)]
  0x0000000017979000 JavaThread "Signal Dispatcher" daemon [_thread_blocked, id=12948, stack(0x0000000017d40000,0x0000000017e40000)]
  0x0000000002e34800 JavaThread "Finalizer" daemon [_thread_blocked, id=14104, stack(0x0000000017840000,0x0000000017940000)]
  0x000000001595d800 JavaThread "Reference Handler" daemon [_thread_blocked, id=5360, stack(0x0000000017740000,0x0000000017840000)]
  0x00000000028de000 JavaThread "main" [_thread_blocked, id=7572, stack(0x0000000002c40000,0x0000000002d40000)]

Other Threads:
  0x0000000015958800 VMThread [stack: 0x0000000017640000,0x0000000017740000] [id=12488]
  0x0000000017ace000 WatcherThread [stack: 0x0000000018440000,0x0000000018540000] [id=6956]

VM state:not at safepoint (normal execution)

VM Mutex/Monitor currently owned by a thread: None

Heap:
 PSYoungGen      total 38400K, used 22637K [0x00000000eab00000, 0x00000000ed580000, 0x0000000100000000)
  eden space 33280K, 68% used [0x00000000eab00000,0x00000000ec11b688,0x00000000ecb80000)
  from space 5120K, 0% used [0x00000000ed080000,0x00000000ed080000,0x00000000ed580000)
  to   space 5120K, 0% used [0x00000000ecb80000,0x00000000ecb80000,0x00000000ed080000)
 ParOldGen       total 87552K, used 0K [0x00000000c0000000, 0x00000000c5580000, 0x00000000eab00000)
  object space 87552K, 0% used [0x00000000c0000000,0x00000000c0000000,0x00000000c5580000)
 Metaspace       used 5825K, capacity 6770K, committed 7040K, reserved 1056768K
  class space    used 596K, capacity 618K, committed 640K, reserved 1048576K

Card table byte_map: [0x0000000012200000,0x0000000012410000] byte_map_base: 0x0000000011c00000

Marking Bits: (ParMarkBitMap*) 0x00000000610b0600
 Begin Bits: [0x0000000012d70000, 0x0000000013d70000)
 End Bits:   [0x0000000013d70000, 0x0000000014d70000)

Polling page: 0x0000000002890000

CodeCache: size=245760Kb used=3821Kb max_used=3821Kb free=241938Kb
 bounds [0x0000000002e40000, 0x0000000003200000, 0x0000000011e40000]
 total_blobs=1205 nmethods=934 adapters=184
 compilation: enabled

Compilation events (10 events):
Event: 1.621 Thread 0x0000000017a0e800 nmethod 925 0x00000000031f5490 code [0x00000000031f56a0, 0x00000000031f6308]
Event: 1.621 Thread 0x0000000017a0e800  926       3       com.android.dx.ssa.SsaMethod::mapRegisters (87 bytes)
Event: 1.622 Thread 0x00000000179dd800  929  s    4       java.util.Vector::add (39 bytes)
Event: 1.622 Thread 0x0000000017a0e800 nmethod 926 0x00000000031f6710 code [0x00000000031f6980, 0x00000000031f7ae8]
Event: 1.622 Thread 0x0000000017a0e800  928       3       com.android.dx.rop.code.Rop::<init> (137 bytes)
Event: 1.623 Thread 0x0000000017a0e800 nmethod 928 0x00000000031f82d0 code [0x00000000031f84c0, 0x00000000031f8d18]
Event: 1.623 Thread 0x0000000017a0e800  927       3       java.lang.Float::isNaN (12 bytes)
Event: 1.623 Thread 0x0000000017a0e800 nmethod 927 0x00000000031f90d0 code [0x00000000031f9220, 0x00000000031f93d0]
Event: 1.625 Thread 0x00000000179dd800 nmethod 929 0x00000000031fc410 code [0x00000000031fc560, 0x00000000031fc928]
Event: 1.626 Thread 0x0000000017a0e800  930       3       com.android.dx.ssa.back.FirstFitLocalCombiningAllocator::tryMapRegs (110 bytes)

GC Heap History (0 events):
No events

Deoptimization events (1 events):
Event: 0.629 Thread 0x00000000028de000 Uncommon trap: reason=unstable_if action=reinterpret pc=0x0000000002f8f714 method=java.lang.String.compareTo(Ljava/lang/String;)I @ 38

Internal exceptions (2 events):
Event: 0.129 Thread 0x00000000028de000 Exception <a 'java/lang/NoSuchMethodError': Method sun.misc.Unsafe.defineClass(Ljava/lang/String;[BII)Ljava/lang/Class; name or signature does not match> (0x00000000eab130b8) thrown at [D:\re\puppet\workspace\8-2-build-windows-amd64-cygwin\jdk8u73\6086\hotJŽúƒÀ?
Event: 0.129 Thread 0x00000000028de000 Exception <a 'java/lang/NoSuchMethodError': Method sun.misc.Unsafe.prefetchRead(Ljava/lang/Object;J)V name or signature does not match> (0x00000000eab133a0) thrown at [D:\re\puppet\workspace\8-2-build-windows-amd64-cygwin\jdk8u73\6086\hotspot\src\share\vm\

Events (10 events):
Event: 1.310 loading class com/android/dx/cf/code/BytecodeArray$ConstantParserVisitor
Event: 1.310 loading class com/android/dx/cf/code/BytecodeArray$ConstantParserVisitor done
Event: 1.403 loading class java/util/ArrayList$1
Event: 1.403 loading class java/util/ArrayList$1 done
Event: 1.497 Executing VM operation: ForceSafepoint
Event: 1.498 Executing VM operation: ForceSafepoint done
Event: 1.544 loading class com/android/dx/cf/attrib/AttLocalVariableTypeTable
Event: 1.544 loading class com/android/dx/cf/attrib/AttLocalVariableTypeTable done
Event: 1.547 loading class com/android/dx/dex/file/MethodAnnotationStruct
Event: 1.547 loading class com/android/dx/dex/file/MethodAnnotationStruct done


Dynamic libraries:
0x00007ff619f80000 - 0x00007ff619fb7000 	C:\Program Files\Java\jdk1.8.0_73\bin\java.exe
0x00007ffc57bb0000 - 0x00007ffc57d59000 	C:\windows\SYSTEM32\ntdll.dll
0x00007ffc57370000 - 0x00007ffc574a9000 	C:\windows\system32\KERNEL32.DLL
0x00007ffc54fc0000 - 0x00007ffc550ce000 	C:\windows\system32\KERNELBASE.dll
0x00007ffc53650000 - 0x00007ffc536db000 	C:\windows\system32\apphelp.dll
0x00007ffc43410000 - 0x00007ffc4345f000 	C:\windows\AppPatch\AppPatch64\AcGenral.DLL
0x00007ffc56fd0000 - 0x00007ffc57077000 	C:\windows\system32\msvcrt.dll
0x00007ffc549d0000 - 0x00007ffc549fb000 	C:\windows\SYSTEM32\SspiCli.dll
0x00007ffc57550000 - 0x00007ffc575a1000 	C:\windows\system32\SHLWAPI.dll
0x00007ffc57a10000 - 0x00007ffc57b81000 	C:\windows\system32\USER32.dll
0x00007ffc57090000 - 0x00007ffc57206000 	C:\windows\system32\ole32.dll
0x00007ffc55700000 - 0x00007ffc56b0d000 	C:\windows\system32\SHELL32.dll
0x00007ffc541a0000 - 0x00007ffc541bf000 	C:\windows\SYSTEM32\USERENV.dll
0x00007ffc554d0000 - 0x00007ffc55575000 	C:\windows\system32\ADVAPI32.dll
0x00007ffc4dbf0000 - 0x00007ffc4dc0b000 	C:\windows\SYSTEM32\MPR.dll
0x00007ffc576f0000 - 0x00007ffc57826000 	C:\windows\system32\RPCRT4.dll
0x00007ffc57950000 - 0x00007ffc579a7000 	C:\windows\SYSTEM32\sechost.dll
0x00007ffc56cf0000 - 0x00007ffc56ec7000 	C:\windows\SYSTEM32\combase.dll
0x00007ffc55580000 - 0x00007ffc556c5000 	C:\windows\system32\GDI32.dll
0x00007ffc54b60000 - 0x00007ffc54b74000 	C:\windows\SYSTEM32\profapi.dll
0x00007ffc53070000 - 0x00007ffc53111000 	C:\windows\SYSTEM32\SHCORE.dll
0x00007ffc56f80000 - 0x00007ffc56fb4000 	C:\windows\system32\IMM32.DLL
0x00007ffc575b0000 - 0x00007ffc576e8000 	C:\windows\system32\MSCTF.dll
0x00007ffc527f0000 - 0x00007ffc52a4a000 	C:\windows\WinSxS\amd64_microsoft.windows.common-controls_6595b64144ccf1df_6.0.9600.16384_none_62475f7becb72503\COMCTL32.dll
0x000000005e040000 - 0x000000005e112000 	C:\Program Files\Java\jdk1.8.0_73\jre\bin\msvcr100.dll
0x00000000608a0000 - 0x0000000061130000 	C:\Program Files\Java\jdk1.8.0_73\jre\bin\server\jvm.dll
0x00007ffc52e10000 - 0x00007ffc52e19000 	C:\windows\SYSTEM32\WSOCK32.dll
0x00007ffc55130000 - 0x00007ffc5514f000 	C:\windows\system32\WINMM.dll
0x00007ffc53b00000 - 0x00007ffc53b0a000 	C:\windows\SYSTEM32\VERSION.dll
0x00007ffc57080000 - 0x00007ffc57087000 	C:\windows\system32\PSAPI.DLL
0x00007ffc57310000 - 0x00007ffc57368000 	C:\windows\system32\WS2_32.dll
0x00007ffc54c40000 - 0x00007ffc54c6a000 	C:\windows\system32\WINMMBASE.dll
0x00007ffc57540000 - 0x00007ffc57549000 	C:\windows\system32\NSI.dll
0x00007ffc54f70000 - 0x00007ffc54fba000 	C:\windows\SYSTEM32\cfgmgr32.dll
0x00007ffc54c10000 - 0x00007ffc54c36000 	C:\windows\system32\DEVOBJ.dll
0x0000000060890000 - 0x000000006089f000 	C:\Program Files\Java\jdk1.8.0_73\jre\bin\verify.dll
0x0000000060860000 - 0x0000000060889000 	C:\Program Files\Java\jdk1.8.0_73\jre\bin\java.dll
0x0000000060840000 - 0x0000000060856000 	C:\Program Files\Java\jdk1.8.0_73\jre\bin\zip.dll

VM Arguments:
jvm_args: -Djava.awt.headless=true -Xmx1024M -Dfile.encoding=GBK -Duser.country=CN -Duser.language=zh -Duser.variant 
java_command: com.android.dx.command.Main --dex --force-jumbo --num-threads=4 --multi-dex --output F:\CommunityDemo\app\build\intermediates\transforms\dex\debug\folders\1000\10\internal_impl-23.3.0_31d6fe3970397d3c4cf764b0f49fe07fd804b394 F:\CommunityDemo\app\build\intermediates\exploded-aar\com.android.support\support-v4\23.3.0\jars\libs\internal_impl-23.3.0.jar
java_class_path (initial): E:\SDK\build-tools\23.0.3\lib\dx.jar
Launcher Type: SUN_STANDARD

Environment Variables:
PATH=C:\Program Files (x86)\Common Files\Intel\Shared Libraries\redist\intel64\mpirt;C:\Program Files (x86)\Common Files\Intel\Shared Libraries\redist\ia32\mpirt;C:\Program Files (x86)\Common Files\Intel\Shared Libraries\redist\intel64\compiler;C:\Program Files (x86)\Common Files\Intel\Shared Libraries\redist\ia32\compiler;C:\ProgramData\Oracle\Java\javapath;C:\Program Files (x86)\Intel\iCLS Client\;C:\Program Files\Intel\iCLS Client\;C:\windows\system32;C:\windows;C:\windows\System32\Wbem;C:\windows\System32\WindowsPowerShell\v1.0\;C:\Program Files\Intel\Intel(R) Management Engine Components\DAL;C:\Program Files\Intel\Intel(R) Management Engine Components\IPT;C:\Program Files (x86)\Intel\Intel(R) Management Engine Components\DAL;C:\Program Files (x86)\Intel\Intel(R) Management Engine Components\IPT;C:\Program Files (x86)\ATI Technologies\ATI.ACE\Core-Static;C:\Program Files (x86)\Windows Kits\8.1\Windows Performance Toolkit\;C:\Program Files (x86)\Microsoft SQL Server\100\Tools\Binn\;C:\Program Files\Microsoft SQL Server\100\Tools\Binn\;C:\Program Files\Microsoft SQL Server\100\DTS\Binn\;C:\Program Files\Java\jdk1.8.0_73\bin;F:\wamp\bin\mysql\mysql5.1.53\bin
USERNAME=Administrator
OS=Windows_NT
PROCESSOR_IDENTIFIER=Intel64 Family 6 Model 58 Stepping 9, GenuineIntel



---------------  S Y S T E M  ---------------

OS: Windows 8.1 , 64 bit Build 9600 (6.3.9600.16656)

CPU:total 8 (4 cores per cpu, 2 threads per core) family 6 model 58 stepping 9, cmov, cx8, fxsr, mmx, sse, sse2, sse3, ssse3, sse4.1, sse4.2, popcnt, avx, aes, clmul, erms, ht, tsc, tscinvbit, tscinv

Memory: 4k page, physical 8320512k(1590944k free), swap 9893376k(5212k free)

vm_info: Java HotSpot(TM) 64-Bit Server VM (25.73-b02) for windows-amd64 JRE (1.8.0_73-b02), built on Jan 29 2016 17:38:49 by "java_re" with MS VC++ 10.0 (VS2010)

time: Sat Apr 08 21:52:37 2017
elapsed time: 1 seconds (0d 0h 0m 1s)

