#
# There is insufficient memory for the Java Runtime Environment to continue.
# Native memory allocation (malloc) failed to allocate 651376 bytes for Chunk::new
# Possible reasons:
#   The system is out of physical RAM or swap space
#   In 32 bit mode, the process size limit was hit
# Possible solutions:
#   Reduce memory load on the system
#   Increase physical memory or swap space
#   Check if swap backing store is full
#   Use 64 bit Java on a 64 bit OS
#   Decrease Java heap size (-Xmx/-Xms)
#   Decrease number of Java threads
#   Decrease Java thread stack sizes (-Xss)
#   Set larger code cache with -XX:ReservedCodeCacheSize=
# This output file may be truncated or incomplete.
#
#  Out of Memory Error (allocation.cpp:390), pid=13064, tid=16208
#
# JRE version: Java(TM) SE Runtime Environment (8.0_73-b02) (build 1.8.0_73-b02)
# Java VM: Java HotSpot(TM) 64-Bit Server VM (25.73-b02 mixed mode windows-amd64 compressed oops)
# Failed to write core dump. Minidumps are not enabled by default on client versions of Windows
#

---------------  T H R E A D  ---------------

Current thread (0x0000000017264800):  JavaThread "C2 CompilerThread0" daemon [_thread_in_native, id=16208, stack(0x00000000177e0000,0x00000000178e0000)]

Stack: [0x00000000177e0000,0x00000000178e0000]
[error occurred during error reporting (printing stack bounds), id 0xc0000005]

Native frames: (J=compiled Java code, j=interpreted, Vv=VM code, C=native code)


Current CompileTask:
C2:   2509 1319       4       com.android.dx.ssa.SsaRenamer$BlockRenamer::process (191 bytes)


---------------  P R O C E S S  ---------------

Java Threads: ( => current thread )
  0x0000000017dfd000 JavaThread "pool-2-thread-4" [_thread_in_Java, id=6344, stack(0x00000000189e0000,0x0000000018ae0000)]
  0x0000000017dfa000 JavaThread "pool-2-thread-3" [_thread_in_Java, id=14128, stack(0x00000000188e0000,0x00000000189e0000)]
  0x0000000017df7000 JavaThread "pool-2-thread-2" [_thread_in_Java, id=14804, stack(0x00000000187e0000,0x00000000188e0000)]
  0x0000000017df0800 JavaThread "pool-3-thread-1" [_thread_blocked, id=13844, stack(0x00000000186e0000,0x00000000187e0000)]
  0x000000001750d800 JavaThread "pool-2-thread-1" [_thread_in_Java, id=10836, stack(0x00000000185e0000,0x00000000186e0000)]
  0x00000000172f3800 JavaThread "Service Thread" daemon [_thread_blocked, id=10204, stack(0x0000000017be0000,0x0000000017ce0000)]
  0x00000000172d7000 JavaThread "C1 CompilerThread3" daemon [_thread_blocked, id=14308, stack(0x0000000017ae0000,0x0000000017be0000)]
  0x00000000172bf800 JavaThread "C2 CompilerThread2" daemon [_thread_in_native, id=12668, stack(0x00000000179e0000,0x0000000017ae0000)]
  0x00000000172b4000 JavaThread "C2 CompilerThread1" daemon [_thread_in_native, id=10444, stack(0x00000000178e0000,0x00000000179e0000)]
=>0x0000000017264800 JavaThread "C2 CompilerThread0" daemon [_thread_in_native, id=16208, stack(0x00000000177e0000,0x00000000178e0000)]
  0x0000000017262800 JavaThread "Attach Listener" daemon [_thread_blocked, id=10768, stack(0x00000000176e0000,0x00000000177e0000)]
  0x0000000017218800 JavaThread "Signal Dispatcher" daemon [_thread_blocked, id=12376, stack(0x00000000175e0000,0x00000000176e0000)]
  0x0000000002699000 JavaThread "Finalizer" daemon [_thread_blocked, id=14672, stack(0x0000000017090000,0x0000000017190000)]
  0x00000000151bd000 JavaThread "Reference Handler" daemon [_thread_blocked, id=12400, stack(0x0000000016f90000,0x0000000017090000)]
  0x000000000217e000 JavaThread "main" [_thread_blocked, id=13004, stack(0x0000000002180000,0x0000000002280000)]

Other Threads:
  0x00000000151b8800 VMThread [stack: 0x0000000016e90000,0x0000000016f90000] [id=9356]
  0x00000000172f7000 WatcherThread [stack: 0x0000000017ce0000,0x0000000017de0000] [id=5096]

VM state:not at safepoint (normal execution)

VM Mutex/Monitor currently owned by a thread: None

Heap:
 PSYoungGen      total 38400K, used 27626K [0x00000000eab00000, 0x00000000ef600000, 0x0000000100000000)
  eden space 33280K, 67% used [0x00000000eab00000,0x00000000ec100c40,0x00000000ecb80000)
  from space 5120K, 99% used [0x00000000ecb80000,0x00000000ed079e90,0x00000000ed080000)
  to   space 5120K, 0% used [0x00000000ef100000,0x00000000ef100000,0x00000000ef600000)
 ParOldGen       total 87552K, used 1255K [0x00000000c0000000, 0x00000000c5580000, 0x00000000eab00000)
  object space 87552K, 1% used [0x00000000c0000000,0x00000000c0139d08,0x00000000c5580000)
 Metaspace       used 6158K, capacity 7030K, committed 7296K, reserved 1056768K
  class space    used 607K, capacity 622K, committed 640K, reserved 1048576K

Card table byte_map: [0x0000000011a60000,0x0000000011c70000] byte_map_base: 0x0000000011460000

Marking Bits: (ParMarkBitMap*) 0x00000000610b0600
 Begin Bits: [0x00000000125d0000, 0x00000000135d0000)
 End Bits:   [0x00000000135d0000, 0x00000000145d0000)

Polling page: 0x0000000000850000

CodeCache: size=245760Kb used=5841Kb max_used=5841Kb free=239918Kb
 bounds [0x00000000026a0000, 0x0000000002c60000, 0x00000000116a0000]
 total_blobs=1692 nmethods=1421 adapters=184
 compilation: enabled

Compilation events (10 events):
Event: 2.505 Thread 0x00000000172d7000 1424       3       java.util.HashMap$EntryIterator::next (5 bytes)
Event: 2.506 Thread 0x00000000172d7000 nmethod 1424 0x0000000002c51750 code [0x0000000002c518c0, 0x0000000002c51ba8]
Event: 2.506 Thread 0x00000000172d7000 1425       3       java.util.HashMap$EntryIterator::next (5 bytes)
Event: 2.506 Thread 0x00000000172d7000 nmethod 1425 0x0000000002c51350 code [0x0000000002c514c0, 0x0000000002c516c8]
Event: 2.506 Thread 0x00000000172d7000 1426       3       com.android.dx.ssa.ConstCollector$2::map (28 bytes)
Event: 2.506 Thread 0x00000000172d7000 nmethod 1426 0x0000000002c50c90 code [0x0000000002c50e00, 0x0000000002c51228]
Event: 2.506 Thread 0x00000000172d7000 1427       3       com.android.dx.rop.code.RegisterSpec::withType (13 bytes)
Event: 2.506 Thread 0x00000000172d7000 nmethod 1427 0x0000000002c50850 code [0x0000000002c509c0, 0x0000000002c50ba8]
Event: 2.506 Thread 0x00000000172d7000 1428       3       com.android.dx.ssa.SsaMethod::onSourceChanged (65 bytes)
Event: 2.507 Thread 0x00000000172d7000 nmethod 1428 0x0000000002c57350 code [0x0000000002c57520, 0x0000000002c57d98]

GC Heap History (2 events):
Event: 1.773 GC heap before
{Heap before GC invocations=1 (full 0):
 PSYoungGen      total 38400K, used 33280K [0x00000000eab00000, 0x00000000ed580000, 0x0000000100000000)
  eden space 33280K, 100% used [0x00000000eab00000,0x00000000ecb80000,0x00000000ecb80000)
  from space 5120K, 0% used [0x00000000ed080000,0x00000000ed080000,0x00000000ed580000)
  to   space 5120K, 0% used [0x00000000ecb80000,0x00000000ecb80000,0x00000000ed080000)
 ParOldGen       total 87552K, used 0K [0x00000000c0000000, 0x00000000c5580000, 0x00000000eab00000)
  object space 87552K, 0% used [0x00000000c0000000,0x00000000c0000000,0x00000000c5580000)
 Metaspace       used 6005K, capacity 6902K, committed 7040K, reserved 1056768K
  class space    used 606K, capacity 622K, committed 640K, reserved 1048576K
Event: 1.920 GC heap after
Heap after GC invocations=1 (full 0):
 PSYoungGen      total 38400K, used 5095K [0x00000000eab00000, 0x00000000ef600000, 0x0000000100000000)
  eden space 33280K, 0% used [0x00000000eab00000,0x00000000eab00000,0x00000000ecb80000)
  from space 5120K, 99% used [0x00000000ecb80000,0x00000000ed079e90,0x00000000ed080000)
  to   space 5120K, 0% used [0x00000000ef100000,0x00000000ef100000,0x00000000ef600000)
 ParOldGen       total 87552K, used 1255K [0x00000000c0000000, 0x00000000c5580000, 0x00000000eab00000)
  object space 87552K, 1% used [0x00000000c0000000,0x00000000c0139d08,0x00000000c5580000)
 Metaspace       used 6005K, capacity 6902K, committed 7040K, reserved 1056768K
  class space    used 606K, capacity 622K, committed 640K, reserved 1048576K
}

Deoptimization events (6 events):
Event: 0.521 Thread 0x000000000217e000 Uncommon trap: reason=unstable_if action=reinterpret pc=0x00000000027effd4 method=java.lang.String.compareTo(Ljava/lang/String;)I @ 38
Event: 1.401 Thread 0x000000001750d800 Uncommon trap: reason=unstable_if action=reinterpret pc=0x00000000028be0bc method=java.util.HashMap.getNode(ILjava/lang/Object;)Ljava/util/HashMap$Node; @ 129
Event: 1.547 Thread 0x0000000017dfa000 Uncommon trap: reason=unstable_if action=reinterpret pc=0x00000000029a196c method=com.android.dx.rop.code.RegisterSpecSet.put(Lcom/android/dx/rop/code/RegisterSpec;)V @ 77
Event: 1.554 Thread 0x0000000017dfa000 Uncommon trap: reason=unstable_if action=reinterpret pc=0x00000000029af420 method=com.android.dx.rop.code.RegisterSpecSet.put(Lcom/android/dx/rop/code/RegisterSpec;)V @ 77
Event: 1.956 Thread 0x0000000017df7000 Uncommon trap: reason=unstable_if action=reinterpret pc=0x000000000295fba0 method=com.android.dx.rop.code.RegisterSpec.equals(ILcom/android/dx/rop/type/TypeBearer;Lcom/android/dx/rop/code/LocalItem;)Z @ 42
Event: 2.294 Thread 0x000000001750d800 Uncommon trap: reason=unstable_if action=reinterpret pc=0x0000000002b21004 method=com.android.dx.ssa.SCCP.simulateBranch(Lcom/android/dx/ssa/SsaInsn;)V @ 107

Internal exceptions (2 events):
Event: 0.061 Thread 0x000000000217e000 Exception <a 'java/lang/NoSuchMethodError': Method sun.misc.Unsafe.defineClass(Ljava/lang/String;[BII)Ljava/lang/Class; name or signature does not match> (0x00000000eab130b8) thrown at [D:\re\puppet\workspace\8-2-build-windows-amd64-cygwin\jdk8u73\6086\hotDÍŠê¡M¯?
Event: 0.061 Thread 0x000000000217e000 Exception <a 'java/lang/NoSuchMethodError': Method sun.misc.Unsafe.prefetchRead(Ljava/lang/Object;J)V name or signature does not match> (0x00000000eab133a0) thrown at [D:\re\puppet\workspace\8-2-build-windows-amd64-cygwin\jdk8u73\6086\hotspot\src\share\vm\

Events (10 events):
Event: 1.733 Executing VM operation: ParallelGCFailedAllocation
Event: 1.920 Executing VM operation: ParallelGCFailedAllocation done
Event: 1.956 Thread 0x0000000017df7000 Uncommon trap: trap_request=0xffffff65 fr.pc=0x000000000295fba0
Event: 1.956 Thread 0x0000000017df7000 DEOPT PACKING pc=0x000000000295fba0 sp=0x00000000188de8d0
Event: 1.956 Thread 0x0000000017df7000 DEOPT UNPACKING pc=0x00000000026e582a sp=0x00000000188de858 mode 2
Event: 2.294 Thread 0x000000001750d800 Uncommon trap: trap_request=0xffffff65 fr.pc=0x0000000002b21004
Event: 2.294 Thread 0x000000001750d800 DEOPT PACKING pc=0x0000000002b21004 sp=0x00000000186de6f0
Event: 2.294 Thread 0x000000001750d800 DEOPT UNPACKING pc=0x00000000026e582a sp=0x00000000186de698 mode 2
Event: 2.361 loading class com/android/dx/cf/attrib/AttExceptions
Event: 2.361 loading class com/android/dx/cf/attrib/AttExceptions done


Dynamic libraries:
0x00007ff619f80000 - 0x00007ff619fb7000 	C:\Program Files\Java\jdk1.8.0_73\bin\java.exe
0x00007ffc57bb0000 - 0x00007ffc57d59000 	C:\windows\SYSTEM32\ntdll.dll
0x00007ffc57370000 - 0x00007ffc574a9000 	C:\windows\system32\KERNEL32.DLL
0x00007ffc54fc0000 - 0x00007ffc550ce000 	C:\windows\system32\KERNELBASE.dll
0x00007ffc53650000 - 0x00007ffc536db000 	C:\windows\system32\apphelp.dll
0x00007ffc43410000 - 0x00007ffc4345f000 	C:\windows\AppPatch\AppPatch64\AcGenral.DLL
0x00007ffc56fd0000 - 0x00007ffc57077000 	C:\windows\system32\msvcrt.dll
0x00007ffc549d0000 - 0x00007ffc549fb000 	C:\windows\SYSTEM32\SspiCli.dll
0x00007ffc57550000 - 0x00007ffc575a1000 	C:\windows\system32\SHLWAPI.dll
0x00007ffc57a10000 - 0x00007ffc57b81000 	C:\windows\system32\USER32.dll
0x00007ffc57090000 - 0x00007ffc57206000 	C:\windows\system32\ole32.dll
0x00007ffc55700000 - 0x00007ffc56b0d000 	C:\windows\system32\SHELL32.dll
0x00007ffc541a0000 - 0x00007ffc541bf000 	C:\windows\SYSTEM32\USERENV.dll
0x00007ffc554d0000 - 0x00007ffc55575000 	C:\windows\system32\ADVAPI32.dll
0x00007ffc4dbf0000 - 0x00007ffc4dc0b000 	C:\windows\SYSTEM32\MPR.dll
0x00007ffc576f0000 - 0x00007ffc57826000 	C:\windows\system32\RPCRT4.dll
0x00007ffc57950000 - 0x00007ffc579a7000 	C:\windows\SYSTEM32\sechost.dll
0x00007ffc56cf0000 - 0x00007ffc56ec7000 	C:\windows\SYSTEM32\combase.dll
0x00007ffc55580000 - 0x00007ffc556c5000 	C:\windows\system32\GDI32.dll
0x00007ffc54b60000 - 0x00007ffc54b74000 	C:\windows\SYSTEM32\profapi.dll
0x00007ffc53070000 - 0x00007ffc53111000 	C:\windows\SYSTEM32\SHCORE.dll
0x00007ffc56f80000 - 0x00007ffc56fb4000 	C:\windows\system32\IMM32.DLL
0x00007ffc575b0000 - 0x00007ffc576e8000 	C:\windows\system32\MSCTF.dll
0x00007ffc527f0000 - 0x00007ffc52a4a000 	C:\windows\WinSxS\amd64_microsoft.windows.common-controls_6595b64144ccf1df_6.0.9600.16384_none_62475f7becb72503\COMCTL32.dll
0x000000005e040000 - 0x000000005e112000 	C:\Program Files\Java\jdk1.8.0_73\jre\bin\msvcr100.dll
0x00000000608a0000 - 0x0000000061130000 	C:\Program Files\Java\jdk1.8.0_73\jre\bin\server\jvm.dll
0x00007ffc52e10000 - 0x00007ffc52e19000 	C:\windows\SYSTEM32\WSOCK32.dll
0x00007ffc55130000 - 0x00007ffc5514f000 	C:\windows\system32\WINMM.dll
0x00007ffc53b00000 - 0x00007ffc53b0a000 	C:\windows\SYSTEM32\VERSION.dll
0x00007ffc57080000 - 0x00007ffc57087000 	C:\windows\system32\PSAPI.DLL
0x00007ffc57310000 - 0x00007ffc57368000 	C:\windows\system32\WS2_32.dll
0x00007ffc54c40000 - 0x00007ffc54c6a000 	C:\windows\system32\WINMMBASE.dll
0x00007ffc57540000 - 0x00007ffc57549000 	C:\windows\system32\NSI.dll
0x00007ffc54f70000 - 0x00007ffc54fba000 	C:\windows\SYSTEM32\cfgmgr32.dll
0x00007ffc54c10000 - 0x00007ffc54c36000 	C:\windows\system32\DEVOBJ.dll
0x0000000060890000 - 0x000000006089f000 	C:\Program Files\Java\jdk1.8.0_73\jre\bin\verify.dll
0x0000000060860000 - 0x0000000060889000 	C:\Program Files\Java\jdk1.8.0_73\jre\bin\java.dll
0x0000000060840000 - 0x0000000060856000 	C:\Program Files\Java\jdk1.8.0_73\jre\bin\zip.dll

VM Arguments:
jvm_args: -Djava.awt.headless=true -Xmx1024M -Dfile.encoding=GBK -Duser.country=CN -Duser.language=zh -Duser.variant 
java_command: com.android.dx.command.Main --dex --force-jumbo --num-threads=4 --multi-dex --output F:\CommunityDemo\app\build\intermediates\transforms\dex\debug\folders\1000\10\com.android.support-appcompat-v7-23.3.0_c63d598a61ae5f99505446737b5945f76c205bd9 F:\CommunityDemo\app\build\intermediates\exploded-aar\com.android.support\appcompat-v7\23.3.0\jars\classes.jar
java_class_path (initial): E:\SDK\build-tools\23.0.3\lib\dx.jar
Launcher Type: SUN_STANDARD

Environment Variables:
PATH=C:\Program Files (x86)\Common Files\Intel\Shared Libraries\redist\intel64\mpirt;C:\Program Files (x86)\Common Files\Intel\Shared Libraries\redist\ia32\mpirt;C:\Program Files (x86)\Common Files\Intel\Shared Libraries\redist\intel64\compiler;C:\Program Files (x86)\Common Files\Intel\Shared Libraries\redist\ia32\compiler;C:\ProgramData\Oracle\Java\javapath;C:\Program Files (x86)\Intel\iCLS Client\;C:\Program Files\Intel\iCLS Client\;C:\windows\system32;C:\windows;C:\windows\System32\Wbem;C:\windows\System32\WindowsPowerShell\v1.0\;C:\Program Files\Intel\Intel(R) Management Engine Components\DAL;C:\Program Files\Intel\Intel(R) Management Engine Components\IPT;C:\Program Files (x86)\Intel\Intel(R) Management Engine Components\DAL;C:\Program Files (x86)\Intel\Intel(R) Management Engine Components\IPT;C:\Program Files (x86)\ATI Technologies\ATI.ACE\Core-Static;C:\Program Files (x86)\Windows Kits\8.1\Windows Performance Toolkit\;C:\Program Files (x86)\Microsoft SQL Server\100\Tools\Binn\;C:\Program Files\Microsoft SQL Server\100\Tools\Binn\;C:\Program Files\Microsoft SQL Server\100\DTS\Binn\;C:\Program Files\Java\jdk1.8.0_73\bin;F:\wamp\bin\mysql\mysql5.1.53\bin
USERNAME=Administrator
OS=Windows_NT
PROCESSOR_IDENTIFIER=Intel64 Family 6 Model 58 Stepping 9, GenuineIntel



---------------  S Y S T E M  ---------------

OS: Windows 8.1 , 64 bit Build 9600 (6.3.9600.16656)

CPU:total 8 (4 cores per cpu, 2 threads per core) family 6 model 58 stepping 9, cmov, cx8, fxsr, mmx, sse, sse2, sse3, ssse3, sse4.1, sse4.2, popcnt, avx, aes, clmul, erms, ht, tsc, tscinvbit, tscinv

Memory: 4k page, physical 8320512k(1547508k free), swap 9893376k(5572k free)

vm_info: Java HotSpot(TM) 64-Bit Server VM (25.73-b02) for windows-amd64 JRE (1.8.0_73-b02), built on Jan 29 2016 17:38:49 by "java_re" with MS VC++ 10.0 (VS2010)

time: Sat Apr 08 21:52:33 2017
elapsed time: 2 seconds (0d 0h 0m 2s)

