#
# There is insufficient memory for the Java Runtime Environment to continue.
# Native memory allocation (malloc) failed to allocate 587856 bytes for Chunk::new
# Possible reasons:
#   The system is out of physical RAM or swap space
#   In 32 bit mode, the process size limit was hit
# Possible solutions:
#   Reduce memory load on the system
#   Increase physical memory or swap space
#   Check if swap backing store is full
#   Use 64 bit Java on a 64 bit OS
#   Decrease Java heap size (-Xmx/-Xms)
#   Decrease number of Java threads
#   Decrease Java thread stack sizes (-Xss)
#   Set larger code cache with -XX:ReservedCodeCacheSize=
# This output file may be truncated or incomplete.
#
#  Out of Memory Error (allocation.cpp:390), pid=16136, tid=3564
#
# JRE version: Java(TM) SE Runtime Environment (8.0_73-b02) (build 1.8.0_73-b02)
# Java VM: Java HotSpot(TM) 64-Bit Server VM (25.73-b02 mixed mode windows-amd64 compressed oops)
# Failed to write core dump. Minidumps are not enabled by default on client versions of Windows
#

---------------  T H R E A D  ---------------

Current thread (0x0000000017663800):  JavaThread "C2 CompilerThread1" daemon [_thread_in_native, id=3564, stack(0x0000000017c80000,0x0000000017d80000)]

Stack: [0x0000000017c80000,0x0000000017d80000]
[error occurred during error reporting (printing stack bounds), id 0xc0000005]

Native frames: (J=compiled Java code, j=interpreted, Vv=VM code, C=native code)


Current CompileTask:
C2:   1536 1295       4       com.android.dx.ssa.LocalVariableExtractor::processBlock (383 bytes)


---------------  P R O C E S S  ---------------

Java Threads: ( => current thread )
  0x00000000177be800 JavaThread "pool-3-thread-1" [_thread_blocked, id=13900, stack(0x0000000018280000,0x0000000018380000)]
  0x00000000177be000 JavaThread "pool-2-thread-1" [_thread_in_Java, id=7088, stack(0x0000000018180000,0x0000000018280000)]
  0x0000000017672800 JavaThread "Service Thread" daemon [_thread_blocked, id=16220, stack(0x0000000017f80000,0x0000000018080000)]
  0x0000000017669800 JavaThread "C1 CompilerThread3" daemon [_thread_blocked, id=14460, stack(0x0000000017e80000,0x0000000017f80000)]
  0x0000000017666000 JavaThread "C2 CompilerThread2" daemon [_thread_in_native, id=8096, stack(0x0000000017d80000,0x0000000017e80000)]
=>0x0000000017663800 JavaThread "C2 CompilerThread1" daemon [_thread_in_native, id=3564, stack(0x0000000017c80000,0x0000000017d80000)]
  0x0000000017609000 JavaThread "C2 CompilerThread0" daemon [_thread_in_native, id=16344, stack(0x0000000017b80000,0x0000000017c80000)]
  0x00000000175ba800 JavaThread "Attach Listener" daemon [_thread_blocked, id=15804, stack(0x0000000017a80000,0x0000000017b80000)]
  0x00000000175b9800 JavaThread "Signal Dispatcher" daemon [_thread_blocked, id=12168, stack(0x0000000017980000,0x0000000017a80000)]
  0x0000000002a75800 JavaThread "Finalizer" daemon [_thread_blocked, id=4108, stack(0x0000000017480000,0x0000000017580000)]
  0x0000000002a74000 JavaThread "Reference Handler" daemon [_thread_blocked, id=15228, stack(0x0000000017380000,0x0000000017480000)]
  0x000000000287e000 JavaThread "main" [_thread_blocked, id=7216, stack(0x0000000002880000,0x0000000002980000)]

Other Threads:
  0x0000000015599800 VMThread [stack: 0x0000000017280000,0x0000000017380000] [id=6752]
  0x00000000176be000 WatcherThread [stack: 0x0000000018080000,0x0000000018180000] [id=11680]

VM state:not at safepoint (normal execution)

VM Mutex/Monitor currently owned by a thread: None

Heap:
 PSYoungGen      total 38400K, used 32315K [0x00000000eab00000, 0x00000000ef600000, 0x0000000100000000)
  eden space 33280K, 81% used [0x00000000eab00000,0x00000000ec594178,0x00000000ecb80000)
  from space 5120K, 99% used [0x00000000ecb80000,0x00000000ed07aad0,0x00000000ed080000)
  to   space 5120K, 0% used [0x00000000ef100000,0x00000000ef100000,0x00000000ef600000)
 ParOldGen       total 87552K, used 2221K [0x00000000c0000000, 0x00000000c5580000, 0x00000000eab00000)
  object space 87552K, 2% used [0x00000000c0000000,0x00000000c022b528,0x00000000c5580000)
 Metaspace       used 6065K, capacity 6966K, committed 7040K, reserved 1056768K
  class space    used 603K, capacity 622K, committed 640K, reserved 1048576K

Card table byte_map: [0x0000000011e40000,0x0000000012050000] byte_map_base: 0x0000000011840000

Marking Bits: (ParMarkBitMap*) 0x00000000610b0600
 Begin Bits: [0x00000000129b0000, 0x00000000139b0000)
 End Bits:   [0x00000000139b0000, 0x00000000149b0000)

Polling page: 0x0000000000aa0000

CodeCache: size=245760Kb used=5147Kb max_used=5147Kb free=240613Kb
 bounds [0x0000000002a80000, 0x0000000002f90000, 0x0000000011a80000]
 total_blobs=1569 nmethods=1298 adapters=184
 compilation: enabled

Compilation events (10 events):
Event: 1.526 Thread 0x0000000017666000 nmethod 1291 0x0000000002f89650 code [0x0000000002f897c0, 0x0000000002f89df8]
Event: 1.526 Thread 0x0000000017666000 1317       4       com.android.dx.ssa.SCCP::simulatePhi (169 bytes)
Event: 1.529 Thread 0x0000000017669800 1319       2       com.android.dx.rop.code.Rops::pickIf (154 bytes)
Event: 1.529 Thread 0x0000000017669800 nmethod 1319 0x0000000002f88410 code [0x0000000002f88620, 0x0000000002f88c58]
Event: 1.529 Thread 0x0000000017669800 1320       2       com.android.dx.cf.code.RopperMachine::updateReturnOp (115 bytes)
Event: 1.530 Thread 0x0000000017669800 nmethod 1320 0x0000000002f875d0 code [0x0000000002f877e0, 0x0000000002f87eb8]
Event: 1.530 Thread 0x0000000017669800 1321       2       com.android.dx.ssa.ConstCollector::updateConstUses (248 bytes)
Event: 1.532 Thread 0x0000000017669800 nmethod 1321 0x0000000002f8a550 code [0x0000000002f8a7c0, 0x0000000002f8b178]
Event: 1.532 Thread 0x0000000017669800 1323       2       java.lang.Character::forDigit (42 bytes)
Event: 1.533 Thread 0x0000000017669800 nmethod 1323 0x0000000002f87250 code [0x0000000002f873a0, 0x0000000002f87550]

GC Heap History (2 events):
Event: 1.306 GC heap before
{Heap before GC invocations=1 (full 0):
 PSYoungGen      total 38400K, used 33280K [0x00000000eab00000, 0x00000000ed580000, 0x0000000100000000)
  eden space 33280K, 100% used [0x00000000eab00000,0x00000000ecb80000,0x00000000ecb80000)
  from space 5120K, 0% used [0x00000000ed080000,0x00000000ed080000,0x00000000ed580000)
  to   space 5120K, 0% used [0x00000000ecb80000,0x00000000ecb80000,0x00000000ed080000)
 ParOldGen       total 87552K, used 0K [0x00000000c0000000, 0x00000000c5580000, 0x00000000eab00000)
  object space 87552K, 0% used [0x00000000c0000000,0x00000000c0000000,0x00000000c5580000)
 Metaspace       used 5975K, capacity 6900K, committed 7040K, reserved 1056768K
  class space    used 600K, capacity 620K, committed 640K, reserved 1048576K
Event: 1.327 GC heap after
Heap after GC invocations=1 (full 0):
 PSYoungGen      total 38400K, used 5098K [0x00000000eab00000, 0x00000000ef600000, 0x0000000100000000)
  eden space 33280K, 0% used [0x00000000eab00000,0x00000000eab00000,0x00000000ecb80000)
  from space 5120K, 99% used [0x00000000ecb80000,0x00000000ed07aad0,0x00000000ed080000)
  to   space 5120K, 0% used [0x00000000ef100000,0x00000000ef100000,0x00000000ef600000)
 ParOldGen       total 87552K, used 2221K [0x00000000c0000000, 0x00000000c5580000, 0x00000000eab00000)
  object space 87552K, 2% used [0x00000000c0000000,0x00000000c022b528,0x00000000c5580000)
 Metaspace       used 5975K, capacity 6900K, committed 7040K, reserved 1056768K
  class space    used 600K, capacity 620K, committed 640K, reserved 1048576K
}

Deoptimization events (10 events):
Event: 1.006 Thread 0x000000000287e000 Uncommon trap: reason=null_check action=make_not_entrant pc=0x0000000002d5c6e0 method=com.android.dx.ssa.SsaRenamer.getLocalForNewReg(I)Lcom/android/dx/rop/code/LocalItem; @ 19
Event: 1.152 Thread 0x00000000177c1000 Uncommon trap: reason=null_check action=make_not_entrant pc=0x0000000002db2088 method=com.android.dx.ssa.SsaRenamer.getLocalForNewReg(I)Lcom/android/dx/rop/code/LocalItem; @ 19
Event: 1.170 Thread 0x00000000177c1000 Uncommon trap: reason=unstable_if action=reinterpret pc=0x0000000002d32aa4 method=com.android.dx.ssa.SsaRenamer$BlockRenamer.addMapping(ILcom/android/dx/rop/code/RegisterSpec;)V @ 120
Event: 1.224 Thread 0x00000000177c1000 Uncommon trap: reason=unstable_if action=reinterpret pc=0x0000000002d81e9c method=com.android.dx.rop.code.RegisterSpec.equals(ILcom/android/dx/rop/type/TypeBearer;Lcom/android/dx/rop/code/LocalItem;)Z @ 42
Event: 1.337 Thread 0x00000000177be000 Uncommon trap: reason=bimorphic action=maybe_recompile pc=0x0000000002cd020c method=java.util.HashMap.getNode(ILjava/lang/Object;)Ljava/util/HashMap$Node; @ 126
Event: 1.337 Thread 0x00000000177be000 Uncommon trap: reason=class_check action=maybe_recompile pc=0x0000000002ddd8b8 method=java.util.HashMap.putVal(ILjava/lang/Object;Ljava/lang/Object;ZZ)Ljava/lang/Object; @ 203
Event: 1.523 Thread 0x00000000177be000 Uncommon trap: reason=class_check action=maybe_recompile pc=0x0000000002f4c130 method=com.android.dx.ssa.SCCP.setLatticeValueTo(IILcom/android/dx/rop/cst/Constant;)Z @ 43
Event: 1.523 Thread 0x00000000177be000 Uncommon trap: reason=class_check action=maybe_recompile pc=0x0000000002f4c130 method=com.android.dx.ssa.SCCP.setLatticeValueTo(IILcom/android/dx/rop/cst/Constant;)Z @ 43
Event: 1.523 Thread 0x00000000177be000 Uncommon trap: reason=class_check action=maybe_recompile pc=0x0000000002f4c130 method=com.android.dx.ssa.SCCP.setLatticeValueTo(IILcom/android/dx/rop/cst/Constant;)Z @ 43
Event: 1.523 Thread 0x00000000177be000 Uncommon trap: reason=class_check action=maybe_recompile pc=0x0000000002f4c130 method=com.android.dx.ssa.SCCP.setLatticeValueTo(IILcom/android/dx/rop/cst/Constant;)Z @ 43

Internal exceptions (4 events):
Event: 0.088 Thread 0x000000000287e000 Exception <a 'java/lang/NoSuchMethodError': Method sun.misc.Unsafe.defineClass(Ljava/lang/String;[BII)Ljava/lang/Class; name or signature does not match> (0x00000000eab130b8) thrown at [D:\re\puppet\workspace\8-2-build-windows-amd64-cygwin\jdk8u73\6086\hotd66Óïú∂?
Event: 0.088 Thread 0x000000000287e000 Exception <a 'java/lang/NoSuchMethodError': Method sun.misc.Unsafe.prefetchRead(Ljava/lang/Object;J)V name or signature does not match> (0x00000000eab133a0) thrown at [D:\re\puppet\workspace\8-2-build-windows-amd64-cygwin\jdk8u73\6086\hotspot\src\share\vm\SùÂ≤€?
Event: 1.006 Thread 0x000000000287e000 Implicit null exception at 0x0000000002d5aade to 0x0000000002d5c695
Event: 1.152 Thread 0x00000000177c1000 Implicit null exception at 0x0000000002daff48 to 0x0000000002db2069

Events (10 events):
Event: 1.523 Thread 0x00000000177be000 DEOPT PACKING pc=0x0000000002f4c130 sp=0x000000001827ecd0
Event: 1.523 Thread 0x00000000177be000 DEOPT UNPACKING pc=0x0000000002ac582a sp=0x000000001827ec18 mode 2
Event: 1.523 Thread 0x00000000177be000 Uncommon trap: trap_request=0xffffffde fr.pc=0x0000000002f4c130
Event: 1.523 Thread 0x00000000177be000 DEOPT PACKING pc=0x0000000002f4c130 sp=0x000000001827ecd0
Event: 1.523 Thread 0x00000000177be000 DEOPT UNPACKING pc=0x0000000002ac582a sp=0x000000001827ec18 mode 2
Event: 1.523 Thread 0x00000000177be000 Uncommon trap: trap_request=0xffffffde fr.pc=0x0000000002f4c130
Event: 1.523 Thread 0x00000000177be000 DEOPT PACKING pc=0x0000000002f4c130 sp=0x000000001827ecd0
Event: 1.523 Thread 0x00000000177be000 DEOPT UNPACKING pc=0x0000000002ac582a sp=0x000000001827ec18 mode 2
Event: 1.531 Thread 0x00000000177be000 DEOPT PACKING pc=0x0000000002e087bc sp=0x000000001827ecb0
Event: 1.531 Thread 0x00000000177be000 DEOPT UNPACKING pc=0x0000000002ac787f sp=0x000000001827ea78 mode 0


Dynamic libraries:
0x00007ff619f80000 - 0x00007ff619fb7000 	C:\Program Files\Java\jdk1.8.0_73\bin\java.exe
0x00007ffc57bb0000 - 0x00007ffc57d59000 	C:\windows\SYSTEM32\ntdll.dll
0x00007ffc57370000 - 0x00007ffc574a9000 	C:\windows\system32\KERNEL32.DLL
0x00007ffc54fc0000 - 0x00007ffc550ce000 	C:\windows\system32\KERNELBASE.dll
0x00007ffc53650000 - 0x00007ffc536db000 	C:\windows\system32\apphelp.dll
0x00007ffc43410000 - 0x00007ffc4345f000 	C:\windows\AppPatch\AppPatch64\AcGenral.DLL
0x00007ffc56fd0000 - 0x00007ffc57077000 	C:\windows\system32\msvcrt.dll
0x00007ffc549d0000 - 0x00007ffc549fb000 	C:\windows\SYSTEM32\SspiCli.dll
0x00007ffc57550000 - 0x00007ffc575a1000 	C:\windows\system32\SHLWAPI.dll
0x00007ffc57a10000 - 0x00007ffc57b81000 	C:\windows\system32\USER32.dll
0x00007ffc57090000 - 0x00007ffc57206000 	C:\windows\system32\ole32.dll
0x00007ffc55700000 - 0x00007ffc56b0d000 	C:\windows\system32\SHELL32.dll
0x00007ffc541a0000 - 0x00007ffc541bf000 	C:\windows\SYSTEM32\USERENV.dll
0x00007ffc554d0000 - 0x00007ffc55575000 	C:\windows\system32\ADVAPI32.dll
0x00007ffc4dbf0000 - 0x00007ffc4dc0b000 	C:\windows\SYSTEM32\MPR.dll
0x00007ffc576f0000 - 0x00007ffc57826000 	C:\windows\system32\RPCRT4.dll
0x00007ffc57950000 - 0x00007ffc579a7000 	C:\windows\SYSTEM32\sechost.dll
0x00007ffc56cf0000 - 0x00007ffc56ec7000 	C:\windows\SYSTEM32\combase.dll
0x00007ffc55580000 - 0x00007ffc556c5000 	C:\windows\system32\GDI32.dll
0x00007ffc54b60000 - 0x00007ffc54b74000 	C:\windows\SYSTEM32\profapi.dll
0x00007ffc53070000 - 0x00007ffc53111000 	C:\windows\SYSTEM32\SHCORE.dll
0x00007ffc56f80000 - 0x00007ffc56fb4000 	C:\windows\system32\IMM32.DLL
0x00007ffc575b0000 - 0x00007ffc576e8000 	C:\windows\system32\MSCTF.dll
0x00007ffc527f0000 - 0x00007ffc52a4a000 	C:\windows\WinSxS\amd64_microsoft.windows.common-controls_6595b64144ccf1df_6.0.9600.16384_none_62475f7becb72503\COMCTL32.dll
0x000000005e040000 - 0x000000005e112000 	C:\Program Files\Java\jdk1.8.0_73\jre\bin\msvcr100.dll
0x00000000608a0000 - 0x0000000061130000 	C:\Program Files\Java\jdk1.8.0_73\jre\bin\server\jvm.dll
0x00007ffc52e10000 - 0x00007ffc52e19000 	C:\windows\SYSTEM32\WSOCK32.dll
0x00007ffc55130000 - 0x00007ffc5514f000 	C:\windows\system32\WINMM.dll
0x00007ffc53b00000 - 0x00007ffc53b0a000 	C:\windows\SYSTEM32\VERSION.dll
0x00007ffc57080000 - 0x00007ffc57087000 	C:\windows\system32\PSAPI.DLL
0x00007ffc57310000 - 0x00007ffc57368000 	C:\windows\system32\WS2_32.dll
0x00007ffc54c40000 - 0x00007ffc54c6a000 	C:\windows\system32\WINMMBASE.dll
0x00007ffc57540000 - 0x00007ffc57549000 	C:\windows\system32\NSI.dll
0x00007ffc54f70000 - 0x00007ffc54fba000 	C:\windows\SYSTEM32\cfgmgr32.dll
0x00007ffc54c10000 - 0x00007ffc54c36000 	C:\windows\system32\DEVOBJ.dll
0x0000000060890000 - 0x000000006089f000 	C:\Program Files\Java\jdk1.8.0_73\jre\bin\verify.dll
0x0000000060860000 - 0x0000000060889000 	C:\Program Files\Java\jdk1.8.0_73\jre\bin\java.dll
0x0000000060840000 - 0x0000000060856000 	C:\Program Files\Java\jdk1.8.0_73\jre\bin\zip.dll

VM Arguments:
jvm_args: -Djava.awt.headless=true -Xmx1024M -Dfile.encoding=GBK -Duser.country=CN -Duser.language=zh -Duser.variant 
java_command: com.android.dx.command.Main --dex --force-jumbo --num-threads=4 --multi-dex --output F:\CommunityDemo\app\build\intermediates\transforms\dex\debug\folders\1000\10\instant-run_d616f7bde91c8f71427e828905608c7d59607465 F:\CommunityDemo\app\build\intermediates\incremental-runtime-classes\debug\instant-run.jar
java_class_path (initial): E:\SDK\build-tools\23.0.3\lib\dx.jar
Launcher Type: SUN_STANDARD

Environment Variables:
PATH=C:\Program Files (x86)\Common Files\Intel\Shared Libraries\redist\intel64\mpirt;C:\Program Files (x86)\Common Files\Intel\Shared Libraries\redist\ia32\mpirt;C:\Program Files (x86)\Common Files\Intel\Shared Libraries\redist\intel64\compiler;C:\Program Files (x86)\Common Files\Intel\Shared Libraries\redist\ia32\compiler;C:\ProgramData\Oracle\Java\javapath;C:\Program Files (x86)\Intel\iCLS Client\;C:\Program Files\Intel\iCLS Client\;C:\windows\system32;C:\windows;C:\windows\System32\Wbem;C:\windows\System32\WindowsPowerShell\v1.0\;C:\Program Files\Intel\Intel(R) Management Engine Components\DAL;C:\Program Files\Intel\Intel(R) Management Engine Components\IPT;C:\Program Files (x86)\Intel\Intel(R) Management Engine Components\DAL;C:\Program Files (x86)\Intel\Intel(R) Management Engine Components\IPT;C:\Program Files (x86)\ATI Technologies\ATI.ACE\Core-Static;C:\Program Files (x86)\Windows Kits\8.1\Windows Performance Toolkit\;C:\Program Files (x86)\Microsoft SQL Server\100\Tools\Binn\;C:\Program Files\Microsoft SQL Server\100\Tools\Binn\;C:\Program Files\Microsoft SQL Server\100\DTS\Binn\;C:\Program Files\Java\jdk1.8.0_73\bin;F:\wamp\bin\mysql\mysql5.1.53\bin
USERNAME=Administrator
OS=Windows_NT
PROCESSOR_IDENTIFIER=Intel64 Family 6 Model 58 Stepping 9, GenuineIntel



---------------  S Y S T E M  ---------------

OS: Windows 8.1 , 64 bit Build 9600 (6.3.9600.16656)

CPU:total 8 (4 cores per cpu, 2 threads per core) family 6 model 58 stepping 9, cmov, cx8, fxsr, mmx, sse, sse2, sse3, ssse3, sse4.1, sse4.2, popcnt, avx, aes, clmul, erms, ht, tsc, tscinvbit, tscinv

Memory: 4k page, physical 8320512k(2112736k free), swap 9893376k(5564k free)

vm_info: Java HotSpot(TM) 64-Bit Server VM (25.73-b02) for windows-amd64 JRE (1.8.0_73-b02), built on Jan 29 2016 17:38:49 by "java_re" with MS VC++ 10.0 (VS2010)

time: Sat Apr 08 21:20:33 2017
elapsed time: 1 seconds (0d 0h 0m 1s)

