#
# There is insufficient memory for the Java Runtime Environment to continue.
# Native memory allocation (malloc) failed to allocate 32744 bytes for ChunkPool::allocate
# Possible reasons:
#   The system is out of physical RAM or swap space
#   In 32 bit mode, the process size limit was hit
# Possible solutions:
#   Reduce memory load on the system
#   Increase physical memory or swap space
#   Check if swap backing store is full
#   Use 64 bit Java on a 64 bit OS
#   Decrease Java heap size (-Xmx/-Xms)
#   Decrease number of Java threads
#   Decrease Java thread stack sizes (-Xss)
#   Set larger code cache with -XX:ReservedCodeCacheSize=
# This output file may be truncated or incomplete.
#
#  Out of Memory Error (allocation.cpp:273), pid=13860, tid=14352
#
# JRE version: Java(TM) SE Runtime Environment (8.0_73-b02) (build 1.8.0_73-b02)
# Java VM: Java HotSpot(TM) 64-Bit Server VM (25.73-b02 mixed mode windows-amd64 compressed oops)
# Failed to write core dump. Minidumps are not enabled by default on client versions of Windows
#

---------------  T H R E A D  ---------------

Current thread (0x000000001723a000):  JavaThread "C2 CompilerThread1" daemon [_thread_in_native, id=14352, stack(0x0000000017860000,0x0000000017960000)]

Stack: [0x0000000017860000,0x0000000017960000]
[error occurred during error reporting (printing stack bounds), id 0xc0000005]

Native frames: (J=compiled Java code, j=interpreted, Vv=VM code, C=native code)


Current CompileTask:
C2:   1385 1246       4       com.android.dx.ssa.LiteralOpUpgrader$1::visitNonMoveInsn (203 bytes)


---------------  P R O C E S S  ---------------

Java Threads: ( => current thread )
  0x000000001749a000 JavaThread "pool-2-thread-4" [_thread_blocked, id=14868, stack(0x0000000018960000,0x0000000018a60000)]
  0x000000001755e800 JavaThread "pool-2-thread-3" [_thread_blocked, id=9920, stack(0x0000000018860000,0x0000000018960000)]
  0x000000001755e000 JavaThread "pool-2-thread-2" [_thread_blocked, id=10448, stack(0x0000000018760000,0x0000000018860000)]
  0x000000001747a000 JavaThread "pool-3-thread-1" [_thread_blocked, id=14132, stack(0x0000000018660000,0x0000000018760000)]
  0x0000000017477000 JavaThread "pool-2-thread-1" [_thread_in_Java, id=13796, stack(0x0000000018560000,0x0000000018660000)]
  0x0000000017259000 JavaThread "Service Thread" daemon [_thread_blocked, id=13616, stack(0x0000000017b60000,0x0000000017c60000)]
  0x0000000017250000 JavaThread "C1 CompilerThread3" daemon [_thread_in_native, id=14732, stack(0x0000000017a60000,0x0000000017b60000)]
  0x000000001724d000 JavaThread "C2 CompilerThread2" daemon [_thread_in_native, id=2136, stack(0x0000000017960000,0x0000000017a60000)]
=>0x000000001723a000 JavaThread "C2 CompilerThread1" daemon [_thread_in_native, id=14352, stack(0x0000000017860000,0x0000000017960000)]
  0x00000000171e5800 JavaThread "C2 CompilerThread0" daemon [_thread_in_native, id=9200, stack(0x0000000017760000,0x0000000017860000)]
  0x00000000171e4000 JavaThread "Attach Listener" daemon [_thread_blocked, id=10268, stack(0x0000000017660000,0x0000000017760000)]
  0x0000000017199000 JavaThread "Signal Dispatcher" daemon [_thread_blocked, id=11700, stack(0x0000000017560000,0x0000000017660000)]
  0x000000000264a800 JavaThread "Finalizer" daemon [_thread_blocked, id=8136, stack(0x0000000017060000,0x0000000017160000)]
  0x000000001516d800 JavaThread "Reference Handler" daemon [_thread_blocked, id=3424, stack(0x0000000016f60000,0x0000000017060000)]
  0x000000000254e000 JavaThread "main" [_thread_in_Java, id=7592, stack(0x0000000002380000,0x0000000002480000)]

Other Threads:
  0x0000000015168800 VMThread [stack: 0x0000000016e60000,0x0000000016f60000] [id=10328]
  0x00000000172e7800 WatcherThread [stack: 0x0000000017c60000,0x0000000017d60000] [id=7312]

VM state:not at safepoint (normal execution)

VM Mutex/Monitor currently owned by a thread: None

Heap:
 PSYoungGen      total 38400K, used 17728K [0x00000000eab00000, 0x00000000ef600000, 0x0000000100000000)
  eden space 33280K, 37% used [0x00000000eab00000,0x00000000eb756c88,0x00000000ecb80000)
  from space 5120K, 99% used [0x00000000ecb80000,0x00000000ed079600,0x00000000ed080000)
  to   space 5120K, 0% used [0x00000000ef100000,0x00000000ef100000,0x00000000ef600000)
 ParOldGen       total 87552K, used 1452K [0x00000000c0000000, 0x00000000c5580000, 0x00000000eab00000)
  object space 87552K, 1% used [0x00000000c0000000,0x00000000c016b380,0x00000000c5580000)
 Metaspace       used 6023K, capacity 6902K, committed 7040K, reserved 1056768K
  class space    used 600K, capacity 622K, committed 640K, reserved 1048576K

Card table byte_map: [0x0000000011a10000,0x0000000011c20000] byte_map_base: 0x0000000011410000

Marking Bits: (ParMarkBitMap*) 0x0000000060a00600
 Begin Bits: [0x0000000012580000, 0x0000000013580000)
 End Bits:   [0x0000000013580000, 0x0000000014580000)

Polling page: 0x0000000000810000

CodeCache: size=245760Kb used=4991Kb max_used=4991Kb free=240768Kb
 bounds [0x0000000002650000, 0x0000000002b40000, 0x0000000011650000]
 total_blobs=1525 nmethods=1254 adapters=184
 compilation: enabled

Compilation events (10 events):
Event: 1.380 Thread 0x0000000017250000 nmethod 1258 0x0000000002b238d0 code [0x0000000002b23a20, 0x0000000002b23b70]
Event: 1.380 Thread 0x0000000017250000 1253       3       com.android.dx.ssa.SsaMethod::onSourceChanged (65 bytes)
Event: 1.381 Thread 0x0000000017250000 nmethod 1253 0x0000000002b29790 code [0x0000000002b29960, 0x0000000002b2a1b8]
Event: 1.381 Thread 0x0000000017250000 1263       3       com.android.dx.cf.code.Ropper::getRopMethod (64 bytes)
Event: 1.382 Thread 0x0000000017250000 nmethod 1263 0x0000000002b2a690 code [0x0000000002b2a8e0, 0x0000000002b2b678]
Event: 1.382 Thread 0x0000000017250000 1266       3       com.android.dx.rop.code.LocalVariableExtractor::doit (49 bytes)
Event: 1.382 Thread 0x0000000017250000 nmethod 1266 0x0000000002b2bf50 code [0x0000000002b2c0e0, 0x0000000002b2c598]
Event: 1.382 Thread 0x0000000017250000 1239       3       com.android.dx.ssa.SsaMethod::makeNewGotoBlock (52 bytes)
Event: 1.383 Thread 0x0000000017250000 nmethod 1239 0x0000000002b2c7d0 code [0x0000000002b2ca20, 0x0000000002b2d828]
Event: 1.383 Thread 0x0000000017250000 1267       3       com.android.dx.ssa.SsaConverter::edgeSplitPredecessors (44 bytes)

GC Heap History (2 events):
Event: 1.238 GC heap before
{Heap before GC invocations=1 (full 0):
 PSYoungGen      total 38400K, used 33280K [0x00000000eab00000, 0x00000000ed580000, 0x0000000100000000)
  eden space 33280K, 100% used [0x00000000eab00000,0x00000000ecb80000,0x00000000ecb80000)
  from space 5120K, 0% used [0x00000000ed080000,0x00000000ed080000,0x00000000ed580000)
  to   space 5120K, 0% used [0x00000000ecb80000,0x00000000ecb80000,0x00000000ed080000)
 ParOldGen       total 87552K, used 0K [0x00000000c0000000, 0x00000000c5580000, 0x00000000eab00000)
  object space 87552K, 0% used [0x00000000c0000000,0x00000000c0000000,0x00000000c5580000)
 Metaspace       used 5943K, capacity 6838K, committed 7040K, reserved 1056768K
  class space    used 600K, capacity 622K, committed 640K, reserved 1048576K
Event: 1.260 GC heap after
Heap after GC invocations=1 (full 0):
 PSYoungGen      total 38400K, used 5093K [0x00000000eab00000, 0x00000000ef600000, 0x0000000100000000)
  eden space 33280K, 0% used [0x00000000eab00000,0x00000000eab00000,0x00000000ecb80000)
  from space 5120K, 99% used [0x00000000ecb80000,0x00000000ed079600,0x00000000ed080000)
  to   space 5120K, 0% used [0x00000000ef100000,0x00000000ef100000,0x00000000ef600000)
 ParOldGen       total 87552K, used 1452K [0x00000000c0000000, 0x00000000c5580000, 0x00000000eab00000)
  object space 87552K, 1% used [0x00000000c0000000,0x00000000c016b380,0x00000000c5580000)
 Metaspace       used 5943K, capacity 6838K, committed 7040K, reserved 1056768K
  class space    used 600K, capacity 622K, committed 640K, reserved 1048576K
}

Deoptimization events (9 events):
Event: 0.353 Thread 0x000000000254e000 Uncommon trap: reason=unstable_if action=reinterpret pc=0x00000000027a4e54 method=java.lang.String.compareTo(Ljava/lang/String;)I @ 38
Event: 0.842 Thread 0x000000001755e800 Uncommon trap: reason=unstable_if action=reinterpret pc=0x00000000028700d8 method=java.util.HashMap.getNode(ILjava/lang/Object;)Ljava/util/HashMap$Node; @ 129
Event: 0.859 Thread 0x000000001755e800 Uncommon trap: reason=class_check action=maybe_recompile pc=0x00000000028c47d4 method=com.android.dx.ssa.NormalSsaInsn.accept(Lcom/android/dx/ssa/SsaInsn$Visitor;)V @ 9
Event: 0.865 Thread 0x0000000017477000 Uncommon trap: reason=class_check action=maybe_recompile pc=0x00000000028c47d4 method=com.android.dx.ssa.NormalSsaInsn.accept(Lcom/android/dx/ssa/SsaInsn$Visitor;)V @ 9
Event: 0.865 Thread 0x0000000017477000 Uncommon trap: reason=class_check action=maybe_recompile pc=0x00000000028c47d4 method=com.android.dx.ssa.NormalSsaInsn.accept(Lcom/android/dx/ssa/SsaInsn$Visitor;)V @ 9
Event: 0.866 Thread 0x0000000017477000 Uncommon trap: reason=class_check action=maybe_recompile pc=0x00000000028c47d4 method=com.android.dx.ssa.NormalSsaInsn.accept(Lcom/android/dx/ssa/SsaInsn$Visitor;)V @ 9
Event: 0.866 Thread 0x0000000017477000 Uncommon trap: reason=class_check action=maybe_recompile pc=0x000000000288c070 method=com.android.dx.ssa.NormalSsaInsn.accept(Lcom/android/dx/ssa/SsaInsn$Visitor;)V @ 9
Event: 0.981 Thread 0x000000001755e000 Uncommon trap: reason=unstable_if action=reinterpret pc=0x000000000296b924 method=com.android.dx.rop.code.LocalItem.hashCode()I @ 25
Event: 1.066 Thread 0x000000001755e800 Uncommon trap: reason=unstable_if action=reinterpret pc=0x000000000290385c method=com.android.dx.rop.cst.Constant.compareTo(Lcom/android/dx/rop/cst/Constant;)I @ 12

Internal exceptions (2 events):
Event: 0.070 Thread 0x000000000254e000 Exception <a 'java/lang/NoSuchMethodError': Method sun.misc.Unsafe.defineClass(Ljava/lang/String;[BII)Ljava/lang/Class; name or signature does not match> (0x00000000eab130b8) thrown at [D:\re\puppet\workspace\8-2-build-windows-amd64-cygwin\jdk8u73\6086\hotÒ“:¾ýù±?
Event: 0.070 Thread 0x000000000254e000 Exception <a 'java/lang/NoSuchMethodError': Method sun.misc.Unsafe.prefetchRead(Ljava/lang/Object;J)V name or signature does not match> (0x00000000eab133a0) thrown at [D:\re\puppet\workspace\8-2-build-windows-amd64-cygwin\jdk8u73\6086\hotspot\src\share\vm\

Events (10 events):
Event: 1.030 loading class java/util/DualPivotQuicksort done
Event: 1.066 Thread 0x000000001755e800 Uncommon trap: trap_request=0xffffff65 fr.pc=0x000000000290385c
Event: 1.066 Thread 0x000000001755e800 DEOPT PACKING pc=0x000000000290385c sp=0x000000001895ec10
Event: 1.066 Thread 0x000000001755e800 DEOPT UNPACKING pc=0x000000000269582a sp=0x000000001895ebb0 mode 2
Event: 1.198 Executing VM operation: ForceSafepoint
Event: 1.226 Executing VM operation: ForceSafepoint done
Event: 1.238 Executing VM operation: ParallelGCFailedAllocation
Event: 1.260 Executing VM operation: ParallelGCFailedAllocation done
Event: 1.372 loading class com/android/dx/rop/code/RegisterSpec$1
Event: 1.372 loading class com/android/dx/rop/code/RegisterSpec$1 done


Dynamic libraries:
0x00007ff6295c0000 - 0x00007ff6295f7000 	C:\Program Files\Java\jdk1.8.0_73\bin\java.exe
0x00007ffc57bb0000 - 0x00007ffc57d59000 	C:\windows\SYSTEM32\ntdll.dll
0x00007ffc57370000 - 0x00007ffc574a9000 	C:\windows\system32\KERNEL32.DLL
0x00007ffc54fc0000 - 0x00007ffc550ce000 	C:\windows\system32\KERNELBASE.dll
0x00007ffc53650000 - 0x00007ffc536db000 	C:\windows\system32\apphelp.dll
0x00007ffc358f0000 - 0x00007ffc3593f000 	C:\windows\AppPatch\AppPatch64\AcGenral.DLL
0x00007ffc56fd0000 - 0x00007ffc57077000 	C:\windows\system32\msvcrt.dll
0x00007ffc549d0000 - 0x00007ffc549fb000 	C:\windows\SYSTEM32\SspiCli.dll
0x00007ffc57550000 - 0x00007ffc575a1000 	C:\windows\system32\SHLWAPI.dll
0x00007ffc57a10000 - 0x00007ffc57b81000 	C:\windows\system32\USER32.dll
0x00007ffc57090000 - 0x00007ffc57206000 	C:\windows\system32\ole32.dll
0x00007ffc55700000 - 0x00007ffc56b0d000 	C:\windows\system32\SHELL32.dll
0x00007ffc541a0000 - 0x00007ffc541bf000 	C:\windows\SYSTEM32\USERENV.dll
0x00007ffc554d0000 - 0x00007ffc55575000 	C:\windows\system32\ADVAPI32.dll
0x00007ffc4dbf0000 - 0x00007ffc4dc0b000 	C:\windows\SYSTEM32\MPR.dll
0x00007ffc576f0000 - 0x00007ffc57826000 	C:\windows\system32\RPCRT4.dll
0x00007ffc57950000 - 0x00007ffc579a7000 	C:\windows\SYSTEM32\sechost.dll
0x00007ffc56cf0000 - 0x00007ffc56ec7000 	C:\windows\SYSTEM32\combase.dll
0x00007ffc55580000 - 0x00007ffc556c5000 	C:\windows\system32\GDI32.dll
0x00007ffc54b60000 - 0x00007ffc54b74000 	C:\windows\SYSTEM32\profapi.dll
0x00007ffc53070000 - 0x00007ffc53111000 	C:\windows\SYSTEM32\SHCORE.dll
0x00007ffc56f80000 - 0x00007ffc56fb4000 	C:\windows\system32\IMM32.DLL
0x00007ffc575b0000 - 0x00007ffc576e8000 	C:\windows\system32\MSCTF.dll
0x00007ffc527f0000 - 0x00007ffc52a4a000 	C:\windows\WinSxS\amd64_microsoft.windows.common-controls_6595b64144ccf1df_6.0.9600.16384_none_62475f7becb72503\COMCTL32.dll
0x000000005fbc0000 - 0x000000005fc92000 	C:\Program Files\Java\jdk1.8.0_73\jre\bin\msvcr100.dll
0x00000000601f0000 - 0x0000000060a80000 	C:\Program Files\Java\jdk1.8.0_73\jre\bin\server\jvm.dll
0x00007ffc52d00000 - 0x00007ffc52d09000 	C:\windows\SYSTEM32\WSOCK32.dll
0x00007ffc55130000 - 0x00007ffc5514f000 	C:\windows\system32\WINMM.dll
0x00007ffc53b00000 - 0x00007ffc53b0a000 	C:\windows\SYSTEM32\VERSION.dll
0x00007ffc57080000 - 0x00007ffc57087000 	C:\windows\system32\PSAPI.DLL
0x00007ffc57310000 - 0x00007ffc57368000 	C:\windows\system32\WS2_32.dll
0x00007ffc54c40000 - 0x00007ffc54c6a000 	C:\windows\system32\WINMMBASE.dll
0x00007ffc57540000 - 0x00007ffc57549000 	C:\windows\system32\NSI.dll
0x00007ffc54f70000 - 0x00007ffc54fba000 	C:\windows\SYSTEM32\cfgmgr32.dll
0x00007ffc54c10000 - 0x00007ffc54c36000 	C:\windows\system32\DEVOBJ.dll
0x0000000060100000 - 0x000000006010f000 	C:\Program Files\Java\jdk1.8.0_73\jre\bin\verify.dll
0x00000000600d0000 - 0x00000000600f9000 	C:\Program Files\Java\jdk1.8.0_73\jre\bin\java.dll
0x00000000600b0000 - 0x00000000600c6000 	C:\Program Files\Java\jdk1.8.0_73\jre\bin\zip.dll

VM Arguments:
jvm_args: -Djava.awt.headless=true -Xmx1024M -Dfile.encoding=GBK -Duser.country=CN -Duser.language=zh -Duser.variant 
java_command: com.android.dx.command.Main --dex --force-jumbo --num-threads=4 --multi-dex --output F:\CommunityDemo\app\build\intermediates\transforms\dex\debug\folders\1000\10\internal_impl-23.3.0_31d6fe3970397d3c4cf764b0f49fe07fd804b394 F:\CommunityDemo\app\build\intermediates\exploded-aar\com.android.support\support-v4\23.3.0\jars\libs\internal_impl-23.3.0.jar
java_class_path (initial): E:\SDK\build-tools\23.0.3\lib\dx.jar
Launcher Type: SUN_STANDARD

Environment Variables:
PATH=C:\Program Files (x86)\Common Files\Intel\Shared Libraries\redist\intel64\mpirt;C:\Program Files (x86)\Common Files\Intel\Shared Libraries\redist\ia32\mpirt;C:\Program Files (x86)\Common Files\Intel\Shared Libraries\redist\intel64\compiler;C:\Program Files (x86)\Common Files\Intel\Shared Libraries\redist\ia32\compiler;C:\ProgramData\Oracle\Java\javapath;C:\Program Files (x86)\Intel\iCLS Client\;C:\Program Files\Intel\iCLS Client\;C:\windows\system32;C:\windows;C:\windows\System32\Wbem;C:\windows\System32\WindowsPowerShell\v1.0\;C:\Program Files\Intel\Intel(R) Management Engine Components\DAL;C:\Program Files\Intel\Intel(R) Management Engine Components\IPT;C:\Program Files (x86)\Intel\Intel(R) Management Engine Components\DAL;C:\Program Files (x86)\Intel\Intel(R) Management Engine Components\IPT;C:\Program Files (x86)\ATI Technologies\ATI.ACE\Core-Static;C:\Program Files (x86)\Windows Kits\8.1\Windows Performance Toolkit\;C:\Program Files (x86)\Microsoft SQL Server\100\Tools\Binn\;C:\Program Files\Microsoft SQL Server\100\Tools\Binn\;C:\Program Files\Microsoft SQL Server\100\DTS\Binn\;C:\Program Files\Java\jdk1.8.0_73\bin;F:\wamp\bin\mysql\mysql5.1.53\bin
USERNAME=Administrator
OS=Windows_NT
PROCESSOR_IDENTIFIER=Intel64 Family 6 Model 58 Stepping 9, GenuineIntel



---------------  S Y S T E M  ---------------

OS: Windows 8.1 , 64 bit Build 9600 (6.3.9600.16656)

CPU:total 8 (4 cores per cpu, 2 threads per core) family 6 model 58 stepping 9, cmov, cx8, fxsr, mmx, sse, sse2, sse3, ssse3, sse4.1, sse4.2, popcnt, avx, aes, clmul, erms, ht, tsc, tscinvbit, tscinv

Memory: 4k page, physical 8320512k(1359980k free), swap 9893376k(5112k free)

vm_info: Java HotSpot(TM) 64-Bit Server VM (25.73-b02) for windows-amd64 JRE (1.8.0_73-b02), built on Jan 29 2016 17:38:49 by "java_re" with MS VC++ 10.0 (VS2010)

time: Fri Apr 07 17:18:03 2017
elapsed time: 1 seconds (0d 0h 0m 1s)

