#
# There is insufficient memory for the Java Runtime Environment to continue.
# Native memory allocation (malloc) failed to allocate 1526800 bytes for Chunk::new
# Possible reasons:
#   The system is out of physical RAM or swap space
#   In 32 bit mode, the process size limit was hit
# Possible solutions:
#   Reduce memory load on the system
#   Increase physical memory or swap space
#   Check if swap backing store is full
#   Use 64 bit Java on a 64 bit OS
#   Decrease Java heap size (-Xmx/-Xms)
#   Decrease number of Java threads
#   Decrease Java thread stack sizes (-Xss)
#   Set larger code cache with -XX:ReservedCodeCacheSize=
# This output file may be truncated or incomplete.
#
#  Out of Memory Error (allocation.cpp:390), pid=428, tid=7824
#
# JRE version: Java(TM) SE Runtime Environment (8.0_73-b02) (build 1.8.0_73-b02)
# Java VM: Java HotSpot(TM) 64-Bit Server VM (25.73-b02 mixed mode windows-amd64 compressed oops)
# Failed to write core dump. Minidumps are not enabled by default on client versions of Windows
#

---------------  T H R E A D  ---------------

Current thread (0x0000000016ff7000):  JavaThread "C2 CompilerThread0" daemon [_thread_in_native, id=7824, stack(0x0000000017570000,0x0000000017670000)]

Stack: [0x0000000017570000,0x0000000017670000]
[error occurred during error reporting (printing stack bounds), id 0xc0000005]

Native frames: (J=compiled Java code, j=interpreted, Vv=VM code, C=native code)


Current CompileTask:
C2:3920932 18262       4       com.android.build.gradle.internal.incremental.StringSwitch::visitClassifier (261 bytes)


---------------  P R O C E S S  ---------------

Java Threads: ( => current thread )
  0x000000001e8ca000 JavaThread "Forward streams with process: command 'C:\Program Files\Java\jdk1.8.0_73\bin\java.exe' Thread 3" [_thread_in_native, id=11840, stack(0x0000000026e30000,0x0000000026f30000)]
  0x000000001e8c6800 JavaThread "Forward streams with process: command 'C:\Program Files\Java\jdk1.8.0_73\bin\java.exe' Thread 2" [_thread_in_native, id=11548, stack(0x0000000027640000,0x0000000027740000)]
  0x000000001e8c9800 JavaThread "Forward streams with process: command 'C:\Program Files\Java\jdk1.8.0_73\bin\java.exe'" [_thread_blocked, id=11488, stack(0x0000000027540000,0x0000000027640000)]
  0x000000001b8f9000 JavaThread "Forward streams with process: command 'C:\Program Files\Java\jdk1.8.0_73\bin\java.exe' Thread 3" [_thread_in_native, id=12092, stack(0x0000000027130000,0x0000000027230000)]
  0x000000001b8f8800 JavaThread "Forward streams with process: command 'C:\Program Files\Java\jdk1.8.0_73\bin\java.exe' Thread 2" [_thread_in_native, id=12072, stack(0x0000000027030000,0x0000000027130000)]
  0x000000001b8f7800 JavaThread "Forward streams with process: command 'C:\Program Files\Java\jdk1.8.0_73\bin\java.exe'" [_thread_blocked, id=12044, stack(0x0000000026f30000,0x0000000027030000)]
  0x000000001b8ee800 JavaThread "Run command 'C:\Program Files\Java\jdk1.8.0_73\bin\java.exe'" [_thread_in_native, id=11820, stack(0x0000000025510000,0x0000000025610000)]
  0x000000001b8f7000 JavaThread "Forward streams with process: command 'C:\Program Files\Java\jdk1.8.0_73\bin\java.exe' Thread 3" [_thread_in_native, id=11792, stack(0x0000000026b40000,0x0000000026c40000)]
  0x000000001b8f3000 JavaThread "Forward streams with process: command 'C:\Program Files\Java\jdk1.8.0_73\bin\java.exe' Thread 2" [_thread_in_native, id=11764, stack(0x0000000025710000,0x0000000025810000)]
  0x000000001b8f6000 JavaThread "Forward streams with process: command 'C:\Program Files\Java\jdk1.8.0_73\bin\java.exe'" [_thread_blocked, id=11736, stack(0x0000000025610000,0x0000000025710000)]
  0x000000001b8f4800 JavaThread "Forward streams with process: command 'C:\Program Files\Java\jdk1.8.0_73\bin\java.exe' Thread 3" [_thread_in_native, id=11604, stack(0x0000000026a40000,0x0000000026b40000)]
  0x000000001b8f2800 JavaThread "Forward streams with process: command 'C:\Program Files\Java\jdk1.8.0_73\bin\java.exe' Thread 2" [_thread_in_native, id=11576, stack(0x0000000025930000,0x0000000025a30000)]
  0x000000001b8f5800 JavaThread "Forward streams with process: command 'C:\Program Files\Java\jdk1.8.0_73\bin\java.exe'" [_thread_blocked, id=11516, stack(0x0000000025830000,0x0000000025930000)]
  0x000000001b8ed000 JavaThread "Run command 'C:\Program Files\Java\jdk1.8.0_73\bin\java.exe'" [_thread_in_native, id=11188, stack(0x0000000025310000,0x0000000025410000)]
  0x000000001b8eb800 JavaThread "Run command 'C:\Program Files\Java\jdk1.8.0_73\bin\java.exe'" [_thread_in_native, id=11300, stack(0x0000000025110000,0x0000000025210000)]
  0x000000001b8ee000 JavaThread "Run command 'C:\Program Files\Java\jdk1.8.0_73\bin\java.exe'" [_thread_in_native, id=1284, stack(0x0000000024dc0000,0x0000000024ec0000)]
  0x00000000181a9800 JavaThread "pool-12-thread-8" [_thread_blocked, id=11472, stack(0x0000000025410000,0x0000000025510000)]
  0x00000000181aa000 JavaThread "pool-12-thread-7" [_thread_blocked, id=11464, stack(0x0000000025210000,0x0000000025310000)]
  0x00000000181a8000 JavaThread "pool-12-thread-6" [_thread_blocked, id=11456, stack(0x0000000024ec0000,0x0000000024fc0000)]
  0x00000000181a7000 JavaThread "pool-12-thread-5" [_thread_blocked, id=11448, stack(0x0000000024cc0000,0x0000000024dc0000)]
  0x00000000181a4000 JavaThread "pool-12-thread-4" [_thread_blocked, id=11444, stack(0x0000000024bc0000,0x0000000024cc0000)]
  0x00000000181a3800 JavaThread "pool-12-thread-3" [_thread_blocked, id=11440, stack(0x0000000023a70000,0x0000000023b70000)]
  0x00000000181a6800 JavaThread "pool-12-thread-2" [_thread_blocked, id=11436, stack(0x0000000021df0000,0x0000000021ef0000)]
  0x000000001819f000 JavaThread "pool-12-thread-1" [_thread_blocked, id=11432, stack(0x000000001c630000,0x000000001c730000)]
  0x00000000181a2000 JavaThread "Stdin handler" [_thread_blocked, id=11292, stack(0x0000000019b30000,0x0000000019c30000)]
  0x000000001819e000 JavaThread "Daemon worker Thread 8" [_thread_blocked, id=11280, stack(0x0000000019a30000,0x0000000019b30000)]
  0x00000000181a1000 JavaThread "Cancel handler" [_thread_blocked, id=11276, stack(0x0000000019930000,0x0000000019a30000)]
  0x000000001819d800 JavaThread "Handler for socket connection from /127.0.0.1:9543 to /127.0.0.1:29067" [_thread_in_native, id=11272, stack(0x0000000019830000,0x0000000019930000)]
  0x000000001819f800 JavaThread "Daemon Thread 8" [_thread_blocked, id=11268, stack(0x0000000019730000,0x0000000019830000)]
  0x000000001b8f0000 JavaThread "pool-2-thread-3" [_thread_blocked, id=9732, stack(0x0000000023970000,0x0000000023a70000)]
  0x000000001b8ef800 JavaThread "pool-2-thread-1" [_thread_blocked, id=9656, stack(0x0000000023870000,0x0000000023970000)]
  0x000000001b8f1800 JavaThread "pool-2-thread-4" [_thread_blocked, id=7688, stack(0x0000000023770000,0x0000000023870000)]
  0x000000001b8f1000 JavaThread "pool-2-thread-2" [_thread_blocked, id=6832, stack(0x00000000233f0000,0x00000000234f0000)]
  0x000000001e8c8800 JavaThread "File lock request listener" [_thread_in_native, id=7756, stack(0x000000001c810000,0x000000001c910000)]
  0x0000000018a85000 JavaThread "Incoming local TCP Connector on port 9543" [_thread_in_native, id=2516, stack(0x0000000019430000,0x0000000019530000)]
  0x00000000170a6000 JavaThread "Service Thread" daemon [_thread_blocked, id=5980, stack(0x0000000017970000,0x0000000017a70000)]
  0x0000000017000800 JavaThread "C1 CompilerThread3" daemon [_thread_blocked, id=8008, stack(0x0000000017870000,0x0000000017970000)]
  0x0000000016ffd800 JavaThread "C2 CompilerThread2" daemon [_thread_blocked, id=9980, stack(0x0000000017770000,0x0000000017870000)]
  0x0000000016ffa000 JavaThread "C2 CompilerThread1" daemon [_thread_blocked, id=4212, stack(0x0000000017670000,0x0000000017770000)]
=>0x0000000016ff7000 JavaThread "C2 CompilerThread0" daemon [_thread_in_native, id=7824, stack(0x0000000017570000,0x0000000017670000)]
  0x0000000016ff5800 JavaThread "Attach Listener" daemon [_thread_blocked, id=9840, stack(0x0000000017470000,0x0000000017570000)]
  0x0000000016fa9000 JavaThread "Signal Dispatcher" daemon [_thread_blocked, id=212, stack(0x0000000017370000,0x0000000017470000)]
  0x000000000246a000 JavaThread "Finalizer" daemon [_thread_blocked, id=6036, stack(0x0000000016e70000,0x0000000016f70000)]
  0x0000000002463000 JavaThread "Reference Handler" daemon [_thread_blocked, id=4744, stack(0x0000000016d70000,0x0000000016e70000)]
  0x0000000002372800 JavaThread "main" [_thread_blocked, id=8260, stack(0x0000000002250000,0x0000000002350000)]

Other Threads:
  0x0000000014f89800 VMThread [stack: 0x0000000016c70000,0x0000000016d70000] [id=8040]
  0x00000000170f9000 WatcherThread [stack: 0x0000000017a70000,0x0000000017b70000] [id=6204]

VM state:not at safepoint (normal execution)

VM Mutex/Monitor currently owned by a thread: None

Heap:
 PSYoungGen      total 173568K, used 159464K [0x00000000eab00000, 0x00000000f7380000, 0x0000000100000000)
  eden space 158208K, 91% used [0x00000000eab00000,0x00000000f37f60a8,0x00000000f4580000)
  from space 15360K, 98% used [0x00000000f4b00000,0x00000000f59c4010,0x00000000f5a00000)
  to   space 23552K, 0% used [0x00000000f5c80000,0x00000000f5c80000,0x00000000f7380000)
 ParOldGen       total 89600K, used 30349K [0x00000000c0000000, 0x00000000c5780000, 0x00000000eab00000)
  object space 89600K, 33% used [0x00000000c0000000,0x00000000c1da3648,0x00000000c5780000)
 Metaspace       used 65048K, capacity 67468K, committed 69376K, reserved 1110016K
  class space    used 8285K, capacity 8691K, committed 9216K, reserved 1048576K

Card table byte_map: [0x0000000011830000,0x0000000011a40000] byte_map_base: 0x0000000011230000

Marking Bits: (ParMarkBitMap*) 0x0000000076f50600
 Begin Bits: [0x00000000123a0000, 0x00000000133a0000)
 End Bits:   [0x00000000133a0000, 0x00000000143a0000)

Polling page: 0x0000000000580000

CodeCache: size=245760Kb used=53067Kb max_used=53067Kb free=192692Kb
 bounds [0x0000000002470000, 0x00000000058a0000, 0x0000000011470000]
 total_blobs=14643 nmethods=13884 adapters=669
 compilation: enabled

Compilation events (10 events):
Event: 3919.460 Thread 0x0000000016ffd800 nmethod 18260 0x0000000005896290 code [0x0000000005896480, 0x00000000058971d0]
Event: 3919.461 Thread 0x0000000016ffa000 nmethod 18261 0x000000000588b0d0 code [0x000000000588b260, 0x000000000588b748]
Event: 3919.506 Thread 0x0000000017000800 18263       3       com.google.common.collect.MapMakerInternalMap::reclaimKey (19 bytes)
Event: 3919.507 Thread 0x0000000017000800 nmethod 18263 0x0000000005882e50 code [0x0000000005882fe0, 0x0000000005883308]
Event: 3919.507 Thread 0x0000000017000800 18265       3       com.google.common.collect.MapMakerInternalMap$Segment::enqueueNotification (42 bytes)
Event: 3919.507 Thread 0x0000000017000800 nmethod 18265 0x000000000588aa90 code [0x000000000588ac20, 0x000000000588af18]
Event: 3919.507 Thread 0x0000000017000800 18264   !   3       com.google.common.collect.MapMakerInternalMap$Segment::reclaimKey (176 bytes)
Event: 3919.509 Thread 0x0000000017000800 nmethod 18264 0x0000000005897e90 code [0x00000000058981c0, 0x000000000589a188]
Event: 3919.703 Thread 0x0000000017000800 18266       3       com.android.utils.FileUtils::mkdirs (42 bytes)
Event: 3919.704 Thread 0x0000000017000800 nmethod 18266 0x0000000005878410 code [0x0000000005878620, 0x00000000058790f8]

GC Heap History (10 events):
Event: 3541.951 GC heap before
{Heap before GC invocations=44 (full 8):
 PSYoungGen      total 198656K, used 184053K [0x00000000eab00000, 0x00000000f8700000, 0x0000000100000000)
  eden space 176128K, 100% used [0x00000000eab00000,0x00000000f5700000,0x00000000f5700000)
  from space 22528K, 35% used [0x00000000f5700000,0x00000000f5ebd400,0x00000000f6d00000)
  to   space 21504K, 0% used [0x00000000f7200000,0x00000000f7200000,0x00000000f8700000)
 ParOldGen       total 89600K, used 40727K [0x00000000c0000000, 0x00000000c5780000, 0x00000000eab00000)
  object space 89600K, 45% used [0x00000000c0000000,0x00000000c27c5d18,0x00000000c5780000)
 Metaspace       used 65508K, capacity 68644K, committed 69120K, reserved 1110016K
  class space    used 8413K, capacity 8899K, committed 9216K, reserved 1048576K
Event: 3541.962 GC heap after
Heap after GC invocations=44 (full 8):
 PSYoungGen      total 187392K, used 17181K [0x00000000eab00000, 0x00000000f8300000, 0x0000000100000000)
  eden space 169984K, 0% used [0x00000000eab00000,0x00000000eab00000,0x00000000f5100000)
  from space 17408K, 98% used [0x00000000f7200000,0x00000000f82c74a8,0x00000000f8300000)
  to   space 23552K, 0% used [0x00000000f5500000,0x00000000f5500000,0x00000000f6c00000)
 ParOldGen       total 89600K, used 40735K [0x00000000c0000000, 0x00000000c5780000, 0x00000000eab00000)
  object space 89600K, 45% used [0x00000000c0000000,0x00000000c27c7d18,0x00000000c5780000)
 Metaspace       used 65508K, capacity 68644K, committed 69120K, reserved 1110016K
  class space    used 8413K, capacity 8899K, committed 9216K, reserved 1048576K
}
Event: 3543.815 GC heap before
{Heap before GC invocations=45 (full 8):
 PSYoungGen      total 187392K, used 40613K [0x00000000eab00000, 0x00000000f8300000, 0x0000000100000000)
  eden space 169984K, 13% used [0x00000000eab00000,0x00000000ec1e2230,0x00000000f5100000)
  from space 17408K, 98% used [0x00000000f7200000,0x00000000f82c74a8,0x00000000f8300000)
  to   space 23552K, 0% used [0x00000000f5500000,0x00000000f5500000,0x00000000f6c00000)
 ParOldGen       total 89600K, used 40735K [0x00000000c0000000, 0x00000000c5780000, 0x00000000eab00000)
  object space 89600K, 45% used [0x00000000c0000000,0x00000000c27c7d18,0x00000000c5780000)
 Metaspace       used 65526K, capacity 68662K, committed 69120K, reserved 1110016K
  class space    used 8415K, capacity 8902K, committed 9216K, reserved 1048576K
Event: 3543.818 GC heap after
Heap after GC invocations=45 (full 8):
 PSYoungGen      total 172544K, used 2058K [0x00000000eab00000, 0x00000000f7f00000, 0x0000000100000000)
  eden space 169984K, 0% used [0x00000000eab00000,0x00000000eab00000,0x00000000f5100000)
  from space 2560K, 80% used [0x00000000f5500000,0x00000000f57028b0,0x00000000f5780000)
  to   space 23552K, 0% used [0x00000000f6800000,0x00000000f6800000,0x00000000f7f00000)
 ParOldGen       total 89600K, used 40743K [0x00000000c0000000, 0x00000000c5780000, 0x00000000eab00000)
  object space 89600K, 45% used [0x00000000c0000000,0x00000000c27c9d18,0x00000000c5780000)
 Metaspace       used 65526K, capacity 68662K, committed 69120K, reserved 1110016K
  class space    used 8415K, capacity 8902K, committed 9216K, reserved 1048576K
}
Event: 3543.818 GC heap before
{Heap before GC invocations=46 (full 9):
 PSYoungGen      total 172544K, used 2058K [0x00000000eab00000, 0x00000000f7f00000, 0x0000000100000000)
  eden space 169984K, 0% used [0x00000000eab00000,0x00000000eab00000,0x00000000f5100000)
  from space 2560K, 80% used [0x00000000f5500000,0x00000000f57028b0,0x00000000f5780000)
  to   space 23552K, 0% used [0x00000000f6800000,0x00000000f6800000,0x00000000f7f00000)
 ParOldGen       total 89600K, used 40743K [0x00000000c0000000, 0x00000000c5780000, 0x00000000eab00000)
  object space 89600K, 45% used [0x00000000c0000000,0x00000000c27c9d18,0x00000000c5780000)
 Metaspace       used 65526K, capacity 68662K, committed 69120K, reserved 1110016K
  class space    used 8415K, capacity 8902K, committed 9216K, reserved 1048576K
Event: 3544.069 GC heap after
Heap after GC invocations=46 (full 9):
 PSYoungGen      total 172544K, used 0K [0x00000000eab00000, 0x00000000f7f00000, 0x0000000100000000)
  eden space 169984K, 0% used [0x00000000eab00000,0x00000000eab00000,0x00000000f5100000)
  from space 2560K, 0% used [0x00000000f5500000,0x00000000f5500000,0x00000000f5780000)
  to   space 23552K, 0% used [0x00000000f6800000,0x00000000f6800000,0x00000000f7f00000)
 ParOldGen       total 89600K, used 30333K [0x00000000c0000000, 0x00000000c5780000, 0x00000000eab00000)
  object space 89600K, 33% used [0x00000000c0000000,0x00000000c1d9f648,0x00000000c5780000)
 Metaspace       used 64464K, capacity 66418K, committed 69120K, reserved 1110016K
  class space    used 8175K, capacity 8461K, committed 9216K, reserved 1048576K
}
Event: 3911.134 GC heap before
{Heap before GC invocations=47 (full 9):
 PSYoungGen      total 172544K, used 169984K [0x00000000eab00000, 0x00000000f7f00000, 0x0000000100000000)
  eden space 169984K, 100% used [0x00000000eab00000,0x00000000f5100000,0x00000000f5100000)
  from space 2560K, 0% used [0x00000000f5500000,0x00000000f5500000,0x00000000f5780000)
  to   space 23552K, 0% used [0x00000000f6800000,0x00000000f6800000,0x00000000f7f00000)
 ParOldGen       total 89600K, used 30333K [0x00000000c0000000, 0x00000000c5780000, 0x00000000eab00000)
  object space 89600K, 33% used [0x00000000c0000000,0x00000000c1d9f648,0x00000000c5780000)
 Metaspace       used 64737K, capacity 66870K, committed 69376K, reserved 1110016K
  class space    used 8227K, capacity 8544K, committed 9216K, reserved 1048576K
Event: 3911.155 GC heap after
Heap after GC invocations=47 (full 9):
 PSYoungGen      total 179200K, used 10864K [0x00000000eab00000, 0x00000000f7700000, 0x0000000100000000)
  eden space 163840K, 0% used [0x00000000eab00000,0x00000000eab00000,0x00000000f4b00000)
  from space 15360K, 70% used [0x00000000f6800000,0x00000000f729c030,0x00000000f7700000)
  to   space 22528K, 0% used [0x00000000f4b00000,0x00000000f4b00000,0x00000000f6100000)
 ParOldGen       total 89600K, used 30341K [0x00000000c0000000, 0x00000000c5780000, 0x00000000eab00000)
  object space 89600K, 33% used [0x00000000c0000000,0x00000000c1da1648,0x00000000c5780000)
 Metaspace       used 64737K, capacity 66870K, committed 69376K, reserved 1110016K
  class space    used 8227K, capacity 8544K, committed 9216K, reserved 1048576K
}
Event: 3916.988 GC heap before
{Heap before GC invocations=48 (full 9):
 PSYoungGen      total 179200K, used 174704K [0x00000000eab00000, 0x00000000f7700000, 0x0000000100000000)
  eden space 163840K, 100% used [0x00000000eab00000,0x00000000f4b00000,0x00000000f4b00000)
  from space 15360K, 70% used [0x00000000f6800000,0x00000000f729c030,0x00000000f7700000)
  to   space 22528K, 0% used [0x00000000f4b00000,0x00000000f4b00000,0x00000000f6100000)
 ParOldGen       total 89600K, used 30341K [0x00000000c0000000, 0x00000000c5780000, 0x00000000eab00000)
  object space 89600K, 33% used [0x00000000c0000000,0x00000000c1da1648,0x00000000c5780000)
 Metaspace       used 64914K, capacity 67244K, committed 69376K, reserved 1110016K
  class space    used 8276K, capacity 8675K, committed 9216K, reserved 1048576K
Event: 3917.001 GC heap after
Heap after GC invocations=48 (full 9):
 PSYoungGen      total 173568K, used 15120K [0x00000000eab00000, 0x00000000f7380000, 0x0000000100000000)
  eden space 158208K, 0% used [0x00000000eab00000,0x00000000eab00000,0x00000000f4580000)
  from space 15360K, 98% used [0x00000000f4b00000,0x00000000f59c4010,0x00000000f5a00000)
  to   space 23552K, 0% used [0x00000000f5c80000,0x00000000f5c80000,0x00000000f7380000)
 ParOldGen       total 89600K, used 30349K [0x00000000c0000000, 0x00000000c5780000, 0x00000000eab00000)
  object space 89600K, 33% used [0x00000000c0000000,0x00000000c1da3648,0x00000000c5780000)
 Metaspace       used 64914K, capacity 67244K, committed 69376K, reserved 1110016K
  class space    used 8276K, capacity 8675K, committed 9216K, reserved 1048576K
}

Deoptimization events (10 events):
Event: 3910.798 Thread 0x000000001819e000 Uncommon trap: reason=array_check action=maybe_recompile pc=0x0000000003d7a1b8 method=java.util.ComparableTimSort.mergeLo(IIII)V @ 587
Event: 3910.807 Thread 0x000000001819e000 Uncommon trap: reason=array_check action=maybe_recompile pc=0x0000000003d7a0b0 method=java.util.ComparableTimSort.mergeLo(IIII)V @ 371
Event: 3910.843 Thread 0x000000001819e000 Uncommon trap: reason=array_check action=maybe_recompile pc=0x00000000055fdad4 method=java.util.ComparableTimSort.mergeHi(IIII)V @ 277
Event: 3918.196 Thread 0x000000001819e000 Uncommon trap: reason=array_check action=maybe_recompile pc=0x000000000457487c method=java.util.ComparableTimSort.mergeHi(IIII)V @ 415
Event: 3918.196 Thread 0x000000001819e000 Uncommon trap: reason=array_check action=maybe_recompile pc=0x000000000457487c method=java.util.ComparableTimSort.mergeHi(IIII)V @ 415
Event: 3918.198 Thread 0x000000001819e000 Uncommon trap: reason=array_check action=maybe_recompile pc=0x00000000057dc40c method=java.util.ComparableTimSort.mergeLo(IIII)V @ 465
Event: 3918.198 Thread 0x000000001819e000 Uncommon trap: reason=array_check action=maybe_recompile pc=0x00000000057dc40c method=java.util.ComparableTimSort.mergeLo(IIII)V @ 465
Event: 3918.203 Thread 0x000000001819e000 Uncommon trap: reason=array_check action=maybe_recompile pc=0x000000000360dfd4 method=java.util.ComparableTimSort.mergeLo(IIII)V @ 465
Event: 3918.499 Thread 0x000000001819e000 Uncommon trap: reason=bimorphic action=maybe_recompile pc=0x0000000004563a54 method=com.sun.tools.javac.comp.Check.checkType(Lcom/sun/tools/javac/util/JCDiagnostic$DiagnosticPosition;Lcom/sun/tools/javac/code/Type;Lcom/sun/tools/javac/code/Type;Lcom/sun/to∫ùNiˇúÆ@
Event: 3918.499 Thread 0x000000001819e000 Uncommon trap: reason=bimorphic action=maybe_recompile pc=0x0000000004563a54 method=com.sun.tools.javac.comp.Check.checkType(Lcom/sun/tools/javac/util/JCDiagnostic$DiagnosticPosition;Lcom/sun/tools/javac/code/Type;Lcom/sun/tools/javac/code/Type;Lcom/sun/to

Internal exceptions (10 events):
Event: 3910.305 Thread 0x000000001819d800 Exception <a 'java/lang/NoSuchMethodError': <clinit>> (0x00000000eadb1558) thrown at [D:\re\puppet\workspace\8-2-build-windows-amd64-cygwin\jdk8u73\6086\hotspot\src\share\vm\prims\jni.cpp, line 1591]
Event: 3910.306 Thread 0x000000001819d800 Exception <a 'java/lang/NoSuchMethodError': <clinit>> (0x00000000eadbdb40) thrown at [D:\re\puppet\workspace\8-2-build-windows-amd64-cygwin\jdk8u73\6086\hotspot\src\share\vm\prims\jni.cpp, line 1591]
Event: 3910.307 Thread 0x000000001819d800 Exception <a 'java/lang/NoSuchMethodError': <clinit>> (0x00000000eadd50c8) thrown at [D:\re\puppet\workspace\8-2-build-windows-amd64-cygwin\jdk8u73\6086\hotspot\src\share\vm\prims\jni.cpp, line 1591]
Event: 3910.309 Thread 0x000000001819d800 Exception <a 'java/lang/NoSuchMethodError': <clinit>> (0x00000000eae07888) thrown at [D:\re\puppet\workspace\8-2-build-windows-amd64-cygwin\jdk8u73\6086\hotspot\src\share\vm\prims\jni.cpp, line 1591]
Event: 3910.310 Thread 0x000000001819d800 Exception <a 'java/lang/NoSuchMethodError': <clinit>> (0x00000000eae10a48) thrown at [D:\re\puppet\workspace\8-2-build-windows-amd64-cygwin\jdk8u73\6086\hotspot\src\share\vm\prims\jni.cpp, line 1591]
Event: 3910.311 Thread 0x000000001819d800 Exception <a 'java/lang/NoSuchMethodError': <clinit>> (0x00000000eae32c70) thrown at [D:\re\puppet\workspace\8-2-build-windows-amd64-cygwin\jdk8u73\6086\hotspot\src\share\vm\prims\jni.cpp, line 1591]
Event: 3910.321 Thread 0x000000001819e000 Exception <a 'java/lang/NoSuchMethodError': <clinit>> (0x00000000eaeb5318) thrown at [D:\re\puppet\workspace\8-2-build-windows-amd64-cygwin\jdk8u73\6086\hotspot\src\share\vm\prims\jni.cpp, line 1591]
Event: 3910.321 Thread 0x000000001819e000 Exception <a 'java/lang/NoSuchMethodError': <clinit>> (0x00000000eaebd490) thrown at [D:\re\puppet\workspace\8-2-build-windows-amd64-cygwin\jdk8u73\6086\hotspot\src\share\vm\prims\jni.cpp, line 1591]
Event: 3910.351 Thread 0x000000001819e000 Exception <a 'java/lang/ClassNotFoundException': asLocalRepo15_9uksmvdifgp080agcacnz7yzsBeanInfo> (0x00000000eb0addc8) thrown at [D:\re\puppet\workspace\8-2-build-windows-amd64-cygwin\jdk8u73\6086\hotspot\src\share\vm\classfile\systemDictionary.cpp, line 2‚4P©≥åÆ@
Event: 3910.351 Thread 0x000000001819e000 Exception <a 'java/lang/ClassNotFoundException': asLocalRepo15_9uksmvdifgp080agcacnz7yzsCustomizer> (0x00000000eb0b72f0) thrown at [D:\re\puppet\workspace\8-2-build-windows-amd64-cygwin\jdk8u73\6086\hotspot\src\share\vm\classfile\systemDictionary.cpp, lineºjùúåÆ@

Events (10 events):
Event: 3919.810 Thread 0x000000001b8f4000 Thread added: 0x000000001b8f4000
Event: 3919.810 Thread 0x000000001b8f7800 Thread added: 0x000000001b8f7800
Event: 3919.810 Thread 0x000000001b8f8800 Thread added: 0x000000001b8f8800
Event: 3919.810 Thread 0x000000001b8f9000 Thread added: 0x000000001b8f9000
Event: 3919.899 Thread 0x000000001b8f4000 Thread exited: 0x000000001b8f4000
Event: 3919.962 Thread 0x000000001b8f4000 Thread added: 0x000000001b8f4000
Event: 3919.962 Thread 0x000000001e8c9800 Thread added: 0x000000001e8c9800
Event: 3919.962 Thread 0x000000001b8f4000 Thread exited: 0x000000001b8f4000
Event: 3919.962 Thread 0x000000001e8c6800 Thread added: 0x000000001e8c6800
Event: 3919.962 Thread 0x000000001e8ca000 Thread added: 0x000000001e8ca000


Dynamic libraries:
0x00007ff605310000 - 0x00007ff605347000 	C:\Program Files\Java\jdk1.8.0_73\bin\java.exe
0x00007fff323a0000 - 0x00007fff32549000 	C:\windows\SYSTEM32\ntdll.dll
0x00007fff32260000 - 0x00007fff32399000 	C:\windows\system32\KERNEL32.DLL
0x00007fff2f660000 - 0x00007fff2f76e000 	C:\windows\system32\KERNELBASE.dll
0x00007fff2de40000 - 0x00007fff2decb000 	C:\windows\system32\apphelp.dll
0x00007fff25b70000 - 0x00007fff25bbf000 	C:\windows\AppPatch\AppPatch64\AcGenral.DLL
0x00007fff2f9f0000 - 0x00007fff2fa97000 	C:\windows\system32\msvcrt.dll
0x00007fff2f1c0000 - 0x00007fff2f1eb000 	C:\windows\SYSTEM32\SspiCli.dll
0x00007fff31cd0000 - 0x00007fff31d21000 	C:\windows\system32\SHLWAPI.dll
0x00007fff31b50000 - 0x00007fff31cc1000 	C:\windows\system32\USER32.dll
0x00007fff2fc90000 - 0x00007fff2fe06000 	C:\windows\system32\ole32.dll
0x00007fff30500000 - 0x00007fff3190d000 	C:\windows\system32\SHELL32.dll
0x00007fff2e990000 - 0x00007fff2e9af000 	C:\windows\SYSTEM32\USERENV.dll
0x00007fff30450000 - 0x00007fff304f5000 	C:\windows\system32\ADVAPI32.dll
0x00007fff28420000 - 0x00007fff2843b000 	C:\windows\SYSTEM32\MPR.dll
0x00007fff2ffd0000 - 0x00007fff30106000 	C:\windows\system32\RPCRT4.dll
0x00007fff31d30000 - 0x00007fff31d87000 	C:\windows\SYSTEM32\sechost.dll
0x00007fff30270000 - 0x00007fff30447000 	C:\windows\SYSTEM32\combase.dll
0x00007fff30120000 - 0x00007fff30265000 	C:\windows\system32\GDI32.dll
0x00007fff2f350000 - 0x00007fff2f364000 	C:\windows\SYSTEM32\profapi.dll
0x00007fff2d860000 - 0x00007fff2d901000 	C:\windows\SYSTEM32\SHCORE.dll
0x00007fff32220000 - 0x00007fff32254000 	C:\windows\system32\IMM32.DLL
0x00007fff32020000 - 0x00007fff32158000 	C:\windows\system32\MSCTF.dll
0x00007fff2d060000 - 0x00007fff2d2ba000 	C:\windows\WinSxS\amd64_microsoft.windows.common-controls_6595b64144ccf1df_6.0.9600.16384_none_62475f7becb72503\COMCTL32.dll
0x00000000761e0000 - 0x00000000762b2000 	C:\Program Files\Java\jdk1.8.0_73\jre\bin\msvcr100.dll
0x0000000076740000 - 0x0000000076fd0000 	C:\Program Files\Java\jdk1.8.0_73\jre\bin\server\jvm.dll
0x00007fff2c900000 - 0x00007fff2c909000 	C:\windows\SYSTEM32\WSOCK32.dll
0x00007fff2f870000 - 0x00007fff2f88f000 	C:\windows\system32\WINMM.dll
0x00007fff2e2f0000 - 0x00007fff2e2fa000 	C:\windows\SYSTEM32\VERSION.dll
0x00007fff30110000 - 0x00007fff30117000 	C:\windows\system32\PSAPI.DLL
0x00007fff2f990000 - 0x00007fff2f9e8000 	C:\windows\system32\WS2_32.dll
0x00007fff2f450000 - 0x00007fff2f47a000 	C:\windows\system32\WINMMBASE.dll
0x00007fff2f980000 - 0x00007fff2f989000 	C:\windows\system32\NSI.dll
0x00007fff2f8e0000 - 0x00007fff2f92a000 	C:\windows\SYSTEM32\cfgmgr32.dll
0x00007fff2f400000 - 0x00007fff2f426000 	C:\windows\system32\DEVOBJ.dll
0x0000000076650000 - 0x000000007665f000 	C:\Program Files\Java\jdk1.8.0_73\jre\bin\verify.dll
0x0000000076620000 - 0x0000000076649000 	C:\Program Files\Java\jdk1.8.0_73\jre\bin\java.dll
0x0000000076600000 - 0x0000000076616000 	C:\Program Files\Java\jdk1.8.0_73\jre\bin\zip.dll
0x00000000765e0000 - 0x00000000765fa000 	C:\Program Files\Java\jdk1.8.0_73\jre\bin\net.dll
0x00007fff2ec40000 - 0x00007fff2ec98000 	C:\windows\system32\mswsock.dll
0x00000000765c0000 - 0x00000000765d1000 	C:\Program Files\Java\jdk1.8.0_73\jre\bin\nio.dll
0x00007fff2b870000 - 0x00007fff2b882000 	C:\Users\Administrator\.gradle\native\19\windows-amd64\native-platform.dll
0x00007fff2a940000 - 0x00007fff2a969000 	C:\windows\SYSTEM32\IPHLPAPI.DLL
0x00007fff2a930000 - 0x00007fff2a93a000 	C:\windows\SYSTEM32\WINNSI.DLL
0x00007fff29e20000 - 0x00007fff29e34000 	C:\windows\SYSTEM32\dhcpcsvc6.DLL
0x00007fff29e00000 - 0x00007fff29e19000 	C:\windows\SYSTEM32\dhcpcsvc.DLL
0x00007fff2eca0000 - 0x00007fff2ecbe000 	C:\windows\SYSTEM32\CRYPTSP.dll
0x00007fff2e880000 - 0x00007fff2e8b5000 	C:\windows\system32\rsaenh.dll
0x00007fff2eed0000 - 0x00007fff2eef6000 	C:\windows\SYSTEM32\bcrypt.dll
0x00007fff2f210000 - 0x00007fff2f26e000 	C:\windows\system32\bcryptprimitives.dll
0x00007fff2f270000 - 0x00007fff2f27a000 	C:\windows\SYSTEM32\CRYPTBASE.dll
0x00000000763c0000 - 0x00000000763cd000 	C:\Program Files\Java\jdk1.8.0_73\jre\bin\management.dll
0x00000000762f0000 - 0x0000000076314000 	C:\Program Files\Java\jdk1.8.0_73\jre\bin\sunec.dll
0x0000000074690000 - 0x000000007469b000 	C:\Program Files\Java\jdk1.8.0_73\jre\bin\sunmscapi.dll
0x00007fff2f480000 - 0x00007fff2f657000 	C:\windows\system32\CRYPT32.dll
0x00007fff2f430000 - 0x00007fff2f442000 	C:\windows\system32\MSASN1.dll

VM Arguments:
jvm_args: -XX:MaxPermSize=256m -XX:+HeapDumpOnOutOfMemoryError -Xmx1024m -Dfile.encoding=GBK -Duser.country=CN -Duser.language=zh -Duser.variant 
java_command: org.gradle.launcher.daemon.bootstrap.GradleDaemon 2.10
java_class_path (initial): E:\AndroidStudio\gradle\gradle-2.10\lib\gradle-launcher-2.10.jar
Launcher Type: SUN_STANDARD

Environment Variables:
PATH=C:\Program Files (x86)\Common Files\Intel\Shared Libraries\redist\intel64\mpirt;C:\Program Files (x86)\Common Files\Intel\Shared Libraries\redist\ia32\mpirt;C:\Program Files (x86)\Common Files\Intel\Shared Libraries\redist\intel64\compiler;C:\Program Files (x86)\Common Files\Intel\Shared Libraries\redist\ia32\compiler;C:\ProgramData\Oracle\Java\javapath;C:\Program Files (x86)\Intel\iCLS Client\;C:\Program Files\Intel\iCLS Client\;C:\windows\system32;C:\windows;C:\windows\System32\Wbem;C:\windows\System32\WindowsPowerShell\v1.0\;C:\Program Files\Intel\Intel(R) Management Engine Components\DAL;C:\Program Files\Intel\Intel(R) Management Engine Components\IPT;C:\Program Files (x86)\Intel\Intel(R) Management Engine Components\DAL;C:\Program Files (x86)\Intel\Intel(R) Management Engine Components\IPT;C:\Program Files (x86)\ATI Technologies\ATI.ACE\Core-Static;C:\Program Files (x86)\Windows Kits\8.1\Windows Performance Toolkit\;C:\Program Files (x86)\Microsoft SQL Server\100\Tools\Binn\;C:\Program Files\Microsoft SQL Server\100\Tools\Binn\;C:\Program Files\Microsoft SQL Server\100\DTS\Binn\;C:\Program Files\Java\jdk1.8.0_73\bin;F:\wamp\bin\mysql\mysql5.1.53\bin
USERNAME=Administrator
OS=Windows_NT
PROCESSOR_IDENTIFIER=Intel64 Family 6 Model 58 Stepping 9, GenuineIntel



---------------  S Y S T E M  ---------------

OS: Windows 8.1 , 64 bit Build 9600 (6.3.9600.16656)

CPU:total 8 (4 cores per cpu, 2 threads per core) family 6 model 58 stepping 9, cmov, cx8, fxsr, mmx, sse, sse2, sse3, ssse3, sse4.1, sse4.2, popcnt, avx, aes, clmul, erms, ht, tsc, tscinvbit, tscinv

Memory: 4k page, physical 8320512k(1289048k free), swap 9893376k(5724k free)

vm_info: Java HotSpot(TM) 64-Bit Server VM (25.73-b02) for windows-amd64 JRE (1.8.0_73-b02), built on Jan 29 2016 17:38:49 by "java_re" with MS VC++ 10.0 (VS2010)

time: Sun Mar 12 17:24:24 2017
elapsed time: 3920 seconds (0d 1h 5m 20s)

