#
# There is insufficient memory for the Java Runtime Environment to continue.
# Native memory allocation (malloc) failed to allocate 705696 bytes for Chunk::new
# Possible reasons:
#   The system is out of physical RAM or swap space
#   In 32 bit mode, the process size limit was hit
# Possible solutions:
#   Reduce memory load on the system
#   Increase physical memory or swap space
#   Check if swap backing store is full
#   Use 64 bit Java on a 64 bit OS
#   Decrease Java heap size (-Xmx/-Xms)
#   Decrease number of Java threads
#   Decrease Java thread stack sizes (-Xss)
#   Set larger code cache with -XX:ReservedCodeCacheSize=
# This output file may be truncated or incomplete.
#
#  Out of Memory Error (allocation.cpp:390), pid=6940, tid=18588
#
# JRE version: Java(TM) SE Runtime Environment (8.0_73-b02) (build 1.8.0_73-b02)
# Java VM: Java HotSpot(TM) 64-Bit Server VM (25.73-b02 mixed mode windows-amd64 compressed oops)
# Failed to write core dump. Minidumps are not enabled by default on client versions of Windows
#

---------------  T H R E A D  ---------------

Current thread (0x0000000016e7b000):  JavaThread "C2 CompilerThread1" daemon [_thread_in_native, id=18588, stack(0x00000000174f0000,0x00000000175f0000)]

Stack: [0x00000000174f0000,0x00000000175f0000]
[error occurred during error reporting (printing stack bounds), id 0xc0000005]

Native frames: (J=compiled Java code, j=interpreted, Vv=VM code, C=native code)


Current CompileTask:
C2:4935731 13735   !   4       java.util.jar.Attributes::read (410 bytes)


---------------  P R O C E S S  ---------------

Java Threads: ( => current thread )
  0x000000001a6bd800 JavaThread "Stdin handler" [_thread_blocked, id=11312, stack(0x000000001c8e0000,0x000000001c9e0000)]
  0x000000001a6b9000 JavaThread "Daemon worker Thread 4" [_thread_in_native, id=12344, stack(0x0000000019860000,0x0000000019960000)]
  0x000000001a6bc000 JavaThread "Cancel handler" [_thread_blocked, id=20204, stack(0x0000000019760000,0x0000000019860000)]
  0x000000001a6b7800 JavaThread "Handler for socket connection from /127.0.0.1:19948 to /127.0.0.1:43256" [_thread_in_native, id=4292, stack(0x0000000019660000,0x0000000019760000)]
  0x000000001a6ba800 JavaThread "Daemon Thread 4" [_thread_blocked, id=2800, stack(0x0000000019560000,0x0000000019660000)]
  0x000000001a6c3000 JavaThread "pool-2-thread-3" [_thread_blocked, id=12728, stack(0x0000000022d00000,0x0000000022e00000)]
  0x000000001a6c2000 JavaThread "pool-2-thread-2" [_thread_blocked, id=11644, stack(0x0000000022350000,0x0000000022450000)]
  0x000000001a6ba000 JavaThread "pool-2-thread-1" [_thread_blocked, id=23752, stack(0x0000000021dd0000,0x0000000021ed0000)]
  0x000000001b965800 JavaThread "File lock request listener" [_thread_in_native, id=25472, stack(0x000000001c5e0000,0x000000001c6e0000)]
  0x0000000018941800 JavaThread "Incoming local TCP Connector on port 19948" [_thread_in_native, id=14180, stack(0x0000000018210000,0x0000000018310000)]
  0x0000000016f22000 JavaThread "Service Thread" daemon [_thread_blocked, id=9824, stack(0x00000000177f0000,0x00000000178f0000)]
  0x0000000016e7d800 JavaThread "C1 CompilerThread3" daemon [_thread_blocked, id=4040, stack(0x00000000176f0000,0x00000000177f0000)]
  0x0000000016e79800 JavaThread "C2 CompilerThread2" daemon [_thread_in_native, id=17652, stack(0x00000000175f0000,0x00000000176f0000)]
=>0x0000000016e7b000 JavaThread "C2 CompilerThread1" daemon [_thread_in_native, id=18588, stack(0x00000000174f0000,0x00000000175f0000)]
  0x0000000016e77000 JavaThread "C2 CompilerThread0" daemon [_thread_blocked, id=21972, stack(0x00000000173f0000,0x00000000174f0000)]
  0x0000000016e75800 JavaThread "Attach Listener" daemon [_thread_blocked, id=25000, stack(0x00000000172f0000,0x00000000173f0000)]
  0x0000000016e29000 JavaThread "Signal Dispatcher" daemon [_thread_blocked, id=3920, stack(0x00000000171f0000,0x00000000172f0000)]
  0x00000000022fa000 JavaThread "Finalizer" daemon [_thread_blocked, id=15452, stack(0x0000000016cf0000,0x0000000016df0000)]
  0x00000000022f3000 JavaThread "Reference Handler" daemon [_thread_blocked, id=21432, stack(0x0000000016bf0000,0x0000000016cf0000)]
  0x0000000002202800 JavaThread "main" [_thread_blocked, id=18560, stack(0x0000000002100000,0x0000000002200000)]

Other Threads:
  0x0000000014e19800 VMThread [stack: 0x0000000016af0000,0x0000000016bf0000] [id=15568]
  0x0000000016f91000 WatcherThread [stack: 0x00000000178f0000,0x00000000179f0000] [id=16096]

VM state:not at safepoint (normal execution)

VM Mutex/Monitor currently owned by a thread: None

Heap:
 PSYoungGen      total 224768K, used 101403K [0x00000000eab00000, 0x00000000fc000000, 0x0000000100000000)
  eden space 170496K, 59% used [0x00000000eab00000,0x00000000f0e06ed8,0x00000000f5180000)
  from space 54272K, 0% used [0x00000000f8800000,0x00000000f8800000,0x00000000fbd00000)
  to   space 55808K, 0% used [0x00000000f5180000,0x00000000f5180000,0x00000000f8800000)
 ParOldGen       total 106496K, used 33009K [0x00000000c0000000, 0x00000000c6800000, 0x00000000eab00000)
  object space 106496K, 30% used [0x00000000c0000000,0x00000000c203c460,0x00000000c6800000)
 Metaspace       used 58629K, capacity 60274K, committed 60544K, reserved 1101824K
  class space    used 7598K, capacity 7948K, committed 8064K, reserved 1048576K

Card table byte_map: [0x00000000116c0000,0x00000000118d0000] byte_map_base: 0x00000000110c0000

Marking Bits: (ParMarkBitMap*) 0x0000000076e00600
 Begin Bits: [0x0000000012230000, 0x0000000013230000)
 End Bits:   [0x0000000013230000, 0x0000000014230000)

Polling page: 0x0000000000490000

CodeCache: size=245760Kb used=39354Kb max_used=39520Kb free=206405Kb
 bounds [0x0000000002300000, 0x0000000004a10000, 0x0000000011300000]
 total_blobs=11389 nmethods=10638 adapters=662
 compilation: enabled

Compilation events (10 events):
Event: 4934.750 Thread 0x0000000016e7d800 13733       3       sun.util.calendar.Gregorian::newCalendarDate (6 bytes)
Event: 4934.750 Thread 0x0000000016e7d800 nmethod 13733 0x0000000002573790 code [0x0000000002573900, 0x0000000002573bc8]
Event: 4934.750 Thread 0x0000000016e7d800 13734       3       sun.util.calendar.CalendarDate::setTimeOfDay (27 bytes)
Event: 4934.751 Thread 0x0000000016e7d800 nmethod 13734 0x0000000003aca290 code [0x0000000003aca400, 0x0000000003aca9d0]
Event: 4934.754 Thread 0x0000000016e7b000 13735   !   4       java.util.jar.Attributes::read (410 bytes)
Event: 4934.756 Thread 0x0000000016e7d800 13736       1       org.gradle.api.internal.changedetection.state.MapMergeChangeListener$DefaultMerge::isIgnore (5 bytes)
Event: 4934.756 Thread 0x0000000016e7d800 nmethod 13736 0x0000000003764010 code [0x0000000003764160, 0x0000000003764270]
Event: 4934.757 Thread 0x0000000016e77000 13737       4       org.gradle.api.file.RelativePath::append (11 bytes)
Event: 4934.760 Thread 0x0000000016e79800 13738       4       org.gradle.api.specs.OrSpec::isSatisfiedBy (61 bytes)
Event: 4934.761 Thread 0x0000000016e77000 nmethod 13737 0x0000000003ac9a90 code [0x0000000003ac9c00, 0x0000000003ac9fc8]

GC Heap History (10 events):
Event: 226.734 GC heap before
{Heap before GC invocations=17 (full 4):
 PSYoungGen      total 217600K, used 1784K [0x00000000eab00000, 0x00000000fa800000, 0x0000000100000000)
  eden space 177152K, 0% used [0x00000000eab00000,0x00000000eab00000,0x00000000f5800000)
  from space 40448K, 4% used [0x00000000f5800000,0x00000000f59be180,0x00000000f7f80000)
  to   space 40960K, 0% used [0x00000000f8000000,0x00000000f8000000,0x00000000fa800000)
 ParOldGen       total 106496K, used 38025K [0x00000000c0000000, 0x00000000c6800000, 0x00000000eab00000)
  object space 106496K, 35% used [0x00000000c0000000,0x00000000c25227c8,0x00000000c6800000)
 Metaspace       used 55957K, capacity 57274K, committed 57600K, reserved 1099776K
  class space    used 7362K, capacity 7653K, committed 7680K, reserved 1048576K
Event: 227.004 GC heap after
Heap after GC invocations=17 (full 4):
 PSYoungGen      total 217600K, used 0K [0x00000000eab00000, 0x00000000fa800000, 0x0000000100000000)
  eden space 177152K, 0% used [0x00000000eab00000,0x00000000eab00000,0x00000000f5800000)
  from space 40448K, 0% used [0x00000000f5800000,0x00000000f5800000,0x00000000f7f80000)
  to   space 40960K, 0% used [0x00000000f8000000,0x00000000f8000000,0x00000000fa800000)
 ParOldGen       total 106496K, used 37019K [0x00000000c0000000, 0x00000000c6800000, 0x00000000eab00000)
  object space 106496K, 34% used [0x00000000c0000000,0x00000000c2426da0,0x00000000c6800000)
 Metaspace       used 55871K, capacity 57102K, committed 57600K, reserved 1099776K
  class space    used 7350K, capacity 7613K, committed 7680K, reserved 1048576K
}
Event: 2117.775 GC heap before
{Heap before GC invocations=18 (full 4):
 PSYoungGen      total 217600K, used 177152K [0x00000000eab00000, 0x00000000fa800000, 0x0000000100000000)
  eden space 177152K, 100% used [0x00000000eab00000,0x00000000f5800000,0x00000000f5800000)
  from space 40448K, 0% used [0x00000000f5800000,0x00000000f5800000,0x00000000f7f80000)
  to   space 40960K, 0% used [0x00000000f8000000,0x00000000f8000000,0x00000000fa800000)
 ParOldGen       total 106496K, used 37019K [0x00000000c0000000, 0x00000000c6800000, 0x00000000eab00000)
  object space 106496K, 34% used [0x00000000c0000000,0x00000000c2426da0,0x00000000c6800000)
 Metaspace       used 57651K, capacity 59130K, committed 59392K, reserved 1101824K
  class space    used 7536K, capacity 7873K, committed 7936K, reserved 1048576K
Event: 2117.786 GC heap after
Heap after GC invocations=18 (full 4):
 PSYoungGen      total 219136K, used 4915K [0x00000000eab00000, 0x00000000fc800000, 0x0000000100000000)
  eden space 178176K, 0% used [0x00000000eab00000,0x00000000eab00000,0x00000000f5900000)
  from space 40960K, 11% used [0x00000000f8000000,0x00000000f84ccc40,0x00000000fa800000)
  to   space 39936K, 0% used [0x00000000f5900000,0x00000000f5900000,0x00000000f8000000)
 ParOldGen       total 106496K, used 37027K [0x00000000c0000000, 0x00000000c6800000, 0x00000000eab00000)
  object space 106496K, 34% used [0x00000000c0000000,0x00000000c2428da0,0x00000000c6800000)
 Metaspace       used 57651K, capacity 59130K, committed 59392K, reserved 1101824K
  class space    used 7536K, capacity 7873K, committed 7936K, reserved 1048576K
}
Event: 2134.859 GC heap before
{Heap before GC invocations=19 (full 4):
 PSYoungGen      total 219136K, used 183091K [0x00000000eab00000, 0x00000000fc800000, 0x0000000100000000)
  eden space 178176K, 100% used [0x00000000eab00000,0x00000000f5900000,0x00000000f5900000)
  from space 40960K, 11% used [0x00000000f8000000,0x00000000f84ccc40,0x00000000fa800000)
  to   space 39936K, 0% used [0x00000000f5900000,0x00000000f5900000,0x00000000f8000000)
 ParOldGen       total 106496K, used 37027K [0x00000000c0000000, 0x00000000c6800000, 0x00000000eab00000)
  object space 106496K, 34% used [0x00000000c0000000,0x00000000c2428da0,0x00000000c6800000)
 Metaspace       used 58038K, capacity 59632K, committed 59648K, reserved 1101824K
  class space    used 7562K, capacity 7936K, committed 7936K, reserved 1048576K
Event: 2134.889 GC heap after
Heap after GC invocations=19 (full 4):
 PSYoungGen      total 211968K, used 39934K [0x00000000eab00000, 0x00000000fbd00000, 0x0000000100000000)
  eden space 172032K, 0% used [0x00000000eab00000,0x00000000eab00000,0x00000000f5300000)
  from space 39936K, 99% used [0x00000000f5900000,0x00000000f7fff920,0x00000000f8000000)
  to   space 54272K, 0% used [0x00000000f8800000,0x00000000f8800000,0x00000000fbd00000)
 ParOldGen       total 106496K, used 56698K [0x00000000c0000000, 0x00000000c6800000, 0x00000000eab00000)
  object space 106496K, 53% used [0x00000000c0000000,0x00000000c375e8a0,0x00000000c6800000)
 Metaspace       used 58038K, capacity 59632K, committed 59648K, reserved 1101824K
  class space    used 7562K, capacity 7936K, committed 7936K, reserved 1048576K
}
Event: 2140.107 GC heap before
{Heap before GC invocations=20 (full 4):
 PSYoungGen      total 211968K, used 106207K [0x00000000eab00000, 0x00000000fbd00000, 0x0000000100000000)
  eden space 172032K, 38% used [0x00000000eab00000,0x00000000eebb8568,0x00000000f5300000)
  from space 39936K, 99% used [0x00000000f5900000,0x00000000f7fff920,0x00000000f8000000)
  to   space 54272K, 0% used [0x00000000f8800000,0x00000000f8800000,0x00000000fbd00000)
 ParOldGen       total 106496K, used 56698K [0x00000000c0000000, 0x00000000c6800000, 0x00000000eab00000)
  object space 106496K, 53% used [0x00000000c0000000,0x00000000c375e8a0,0x00000000c6800000)
 Metaspace       used 58195K, capacity 59814K, committed 60032K, reserved 1101824K
  class space    used 7567K, capacity 7945K, committed 8064K, reserved 1048576K
Event: 2140.126 GC heap after
Heap after GC invocations=20 (full 4):
 PSYoungGen      total 224768K, used 32873K [0x00000000eab00000, 0x00000000fc000000, 0x0000000100000000)
  eden space 170496K, 0% used [0x00000000eab00000,0x00000000eab00000,0x00000000f5180000)
  from space 54272K, 60% used [0x00000000f8800000,0x00000000fa81a730,0x00000000fbd00000)
  to   space 55808K, 0% used [0x00000000f5180000,0x00000000f5180000,0x00000000f8800000)
 ParOldGen       total 106496K, used 56706K [0x00000000c0000000, 0x00000000c6800000, 0x00000000eab00000)
  object space 106496K, 53% used [0x00000000c0000000,0x00000000c37608a0,0x00000000c6800000)
 Metaspace       used 58195K, capacity 59814K, committed 60032K, reserved 1101824K
  class space    used 7567K, capacity 7945K, committed 8064K, reserved 1048576K
}
Event: 2140.126 GC heap before
{Heap before GC invocations=21 (full 5):
 PSYoungGen      total 224768K, used 32873K [0x00000000eab00000, 0x00000000fc000000, 0x0000000100000000)
  eden space 170496K, 0% used [0x00000000eab00000,0x00000000eab00000,0x00000000f5180000)
  from space 54272K, 60% used [0x00000000f8800000,0x00000000fa81a730,0x00000000fbd00000)
  to   space 55808K, 0% used [0x00000000f5180000,0x00000000f5180000,0x00000000f8800000)
 ParOldGen       total 106496K, used 56706K [0x00000000c0000000, 0x00000000c6800000, 0x00000000eab00000)
  object space 106496K, 53% used [0x00000000c0000000,0x00000000c37608a0,0x00000000c6800000)
 Metaspace       used 58195K, capacity 59814K, committed 60032K, reserved 1101824K
  class space    used 7567K, capacity 7945K, committed 8064K, reserved 1048576K
Event: 2140.296 GC heap after
Heap after GC invocations=21 (full 5):
 PSYoungGen      total 224768K, used 0K [0x00000000eab00000, 0x00000000fc000000, 0x0000000100000000)
  eden space 170496K, 0% used [0x00000000eab00000,0x00000000eab00000,0x00000000f5180000)
  from space 54272K, 0% used [0x00000000f8800000,0x00000000f8800000,0x00000000fbd00000)
  to   space 55808K, 0% used [0x00000000f5180000,0x00000000f5180000,0x00000000f8800000)
 ParOldGen       total 106496K, used 33009K [0x00000000c0000000, 0x00000000c6800000, 0x00000000eab00000)
  object space 106496K, 30% used [0x00000000c0000000,0x00000000c203c460,0x00000000c6800000)
 Metaspace       used 57840K, capacity 59206K, committed 60032K, reserved 1101824K
  class space    used 7512K, capacity 7829K, committed 8064K, reserved 1048576K
}

Deoptimization events (10 events):
Event: 4934.648 Thread 0x000000001a6b9000 Uncommon trap: reason=class_check action=maybe_recompile pc=0x0000000002973b28 method=java.util.zip.InflaterInputStream.read([BII)I @ 100
Event: 4934.648 Thread 0x000000001a6b9000 Uncommon trap: reason=class_check action=maybe_recompile pc=0x0000000002973b28 method=java.util.zip.InflaterInputStream.read([BII)I @ 100
Event: 4934.649 Thread 0x000000001a6b9000 Uncommon trap: reason=class_check action=maybe_recompile pc=0x0000000003cd713c method=org.gradle.api.tasks.util.internal.CachingPatternSpecFactory$CachingSpec.isSatisfiedBy(Ljava/lang/Object;)Z @ 2
Event: 4934.649 Thread 0x000000001a6b9000 Uncommon trap: reason=class_check action=maybe_recompile pc=0x0000000003cd713c method=org.gradle.api.tasks.util.internal.CachingPatternSpecFactory$CachingSpec.isSatisfiedBy(Ljava/lang/Object;)Z @ 2
Event: 4934.651 Thread 0x000000001a6b9000 Uncommon trap: reason=class_check action=maybe_recompile pc=0x0000000002973b28 method=java.util.zip.InflaterInputStream.read([BII)I @ 100
Event: 4934.651 Thread 0x000000001a6b9000 Uncommon trap: reason=class_check action=maybe_recompile pc=0x000000000357a8a4 method=org.gradle.api.internal.file.RelativePathSpec.isSatisfiedBy(Ljava/lang/Object;)Z @ 2
Event: 4934.651 Thread 0x000000001a6b9000 Uncommon trap: reason=class_check action=maybe_recompile pc=0x000000000357a8a4 method=org.gradle.api.internal.file.RelativePathSpec.isSatisfiedBy(Ljava/lang/Object;)Z @ 2
Event: 4934.651 Thread 0x000000001a6b9000 Uncommon trap: reason=class_check action=maybe_recompile pc=0x000000000357a8a4 method=org.gradle.api.internal.file.RelativePathSpec.isSatisfiedBy(Ljava/lang/Object;)Z @ 2
Event: 4934.651 Thread 0x000000001a6b9000 Uncommon trap: reason=class_check action=maybe_recompile pc=0x000000000357a8a4 method=org.gradle.api.internal.file.RelativePathSpec.isSatisfiedBy(Ljava/lang/Object;)Z @ 2
Event: 4934.756 Thread 0x000000001a6b9000 Uncommon trap: reason=unstable_if action=reinterpret pc=0x000000000441287c method=org.gradle.api.internal.changedetection.state.InMemoryTaskArtifactCache$1.get(Ljava/lang/Object;)Ljava/lang/Object; @ 69

Internal exceptions (10 events):
Event: 4919.145 Thread 0x000000001a6b9000 Exception <a 'java/net/SocketTimeoutException': Read timed out> (0x00000000ef1a0b60) thrown at [D:\re\puppet\workspace\8-2-build-windows-amd64-cygwin\jdk8u73\6086\hotspot\src\share\vm\prims\jni.cpp, line 735]
Event: 4919.275 Thread 0x000000001a6b9000 Exception <a 'java/net/SocketTimeoutException': Read timed out> (0x00000000ef1a5140) thrown at [D:\re\puppet\workspace\8-2-build-windows-amd64-cygwin\jdk8u73\6086\hotspot\src\share\vm\prims\jni.cpp, line 735]
Event: 4920.978 Thread 0x000000001a6b9000 Exception <a 'java/net/SocketTimeoutException': Read timed out> (0x00000000ef69a310) thrown at [D:\re\puppet\workspace\8-2-build-windows-amd64-cygwin\jdk8u73\6086\hotspot\src\share\vm\prims\jni.cpp, line 735]
Event: 4921.107 Thread 0x000000001a6b9000 Exception <a 'java/net/SocketTimeoutException': Read timed out> (0x00000000ef69e8f0) thrown at [D:\re\puppet\workspace\8-2-build-windows-amd64-cygwin\jdk8u73\6086\hotspot\src\share\vm\prims\jni.cpp, line 735]
Event: 4923.523 Thread 0x000000001a6b9000 Exception <a 'java/net/SocketTimeoutException': Read timed out> (0x00000000efa5fee8) thrown at [D:\re\puppet\workspace\8-2-build-windows-amd64-cygwin\jdk8u73\6086\hotspot\src\share\vm\prims\jni.cpp, line 735]
Event: 4924.377 Thread 0x000000001a6b9000 Exception <a 'java/net/SocketTimeoutException': Read timed out> (0x00000000efa644c8) thrown at [D:\re\puppet\workspace\8-2-build-windows-amd64-cygwin\jdk8u73\6086\hotspot\src\share\vm\prims\jni.cpp, line 735]
Event: 4924.788 Thread 0x000000001a6b9000 Implicit null exception at 0x00000000038f50dc to 0x00000000038fc265
Event: 4924.796 Thread 0x000000001a6b9000 Implicit null exception at 0x0000000003886d6c to 0x000000000388df05
Event: 4934.610 Thread 0x000000001a6b9000 Exception <a 'java/lang/ClassNotFoundException': com/android/build/gradle/internal/LibraryCache$1BeanInfo> (0x00000000f0af6280) thrown at [D:\re\puppet\workspace\8-2-build-windows-amd64-cygwin\jdk8u73\6086\hotspot\src\share\vm\classfile\systemDictionary.cpQÓ¢œF³@
Event: 4934.610 Thread 0x000000001a6b9000 Exception <a 'java/lang/ClassNotFoundException': com/android/build/gradle/internal/LibraryCache$1Customizer> (0x00000000f0b060f8) thrown at [D:\re\puppet\workspace\8-2-build-windows-amd64-cygwin\jdk8u73\6086\hotspot\src\share\vm\classfile\systemDictionary.¶s2%7³@

Events (10 events):
Event: 4934.651 Thread 0x000000001a6b9000 DEOPT UNPACKING pc=0x000000000234582a sp=0x000000001995b680 mode 2
Event: 4934.651 loading class org/gradle/api/file/FileCopyDetails
Event: 4934.651 loading class org/gradle/api/file/FileCopyDetails done
Event: 4934.652 loading class org/gradle/api/file/RelativePath
Event: 4934.652 loading class org/gradle/api/file/RelativePath done
Event: 4934.754 loading class com/google/common/collect/AbstractMapBasedMultimap$KeySet$1
Event: 4934.754 loading class com/google/common/collect/AbstractMapBasedMultimap$KeySet$1 done
Event: 4934.756 Thread 0x000000001a6b9000 Uncommon trap: trap_request=0xffffff65 fr.pc=0x000000000441287c
Event: 4934.756 Thread 0x000000001a6b9000 DEOPT PACKING pc=0x000000000441287c sp=0x000000001995d080
Event: 4934.756 Thread 0x000000001a6b9000 DEOPT UNPACKING pc=0x000000000234582a sp=0x000000001995d090 mode 2


Dynamic libraries:
0x00007ff630ca0000 - 0x00007ff630cd7000 	C:\Program Files\Java\jdk1.8.0_73\bin\java.exe
0x00007ffbce480000 - 0x00007ffbce629000 	C:\windows\SYSTEM32\ntdll.dll
0x00007ffbcd7b0000 - 0x00007ffbcd8e9000 	C:\windows\system32\KERNEL32.DLL
0x00007ffbcb660000 - 0x00007ffbcb76e000 	C:\windows\system32\KERNELBASE.dll
0x00007ffbc9f20000 - 0x00007ffbc9fab000 	C:\windows\system32\apphelp.dll
0x00007ffbc8fc0000 - 0x00007ffbc900f000 	C:\windows\AppPatch\AppPatch64\AcGenral.DLL
0x00007ffbcd980000 - 0x00007ffbcda27000 	C:\windows\system32\msvcrt.dll
0x00007ffbcb2a0000 - 0x00007ffbcb2cb000 	C:\windows\SYSTEM32\SspiCli.dll
0x00007ffbcc0a0000 - 0x00007ffbcc0f1000 	C:\windows\system32\SHLWAPI.dll
0x00007ffbcda90000 - 0x00007ffbcdc01000 	C:\windows\system32\USER32.dll
0x00007ffbce290000 - 0x00007ffbce406000 	C:\windows\system32\ole32.dll
0x00007ffbcc200000 - 0x00007ffbcd60d000 	C:\windows\system32\SHELL32.dll
0x00007ffbcaa70000 - 0x00007ffbcaa8f000 	C:\windows\SYSTEM32\USERENV.dll
0x00007ffbcdc10000 - 0x00007ffbcdcb5000 	C:\windows\system32\ADVAPI32.dll
0x00007ffbc4510000 - 0x00007ffbc452b000 	C:\windows\SYSTEM32\MPR.dll
0x00007ffbcde60000 - 0x00007ffbcdf96000 	C:\windows\system32\RPCRT4.dll
0x00007ffbcbb80000 - 0x00007ffbcbbd7000 	C:\windows\SYSTEM32\sechost.dll
0x00007ffbce0b0000 - 0x00007ffbce287000 	C:\windows\SYSTEM32\combase.dll
0x00007ffbcba30000 - 0x00007ffbcbb75000 	C:\windows\system32\GDI32.dll
0x00007ffbcb430000 - 0x00007ffbcb444000 	C:\windows\SYSTEM32\profapi.dll
0x00007ffbc9940000 - 0x00007ffbc99e1000 	C:\windows\SYSTEM32\SHCORE.dll
0x00007ffbcbfa0000 - 0x00007ffbcbfd4000 	C:\windows\system32\IMM32.DLL
0x00007ffbcbc80000 - 0x00007ffbcbdb8000 	C:\windows\system32\MSCTF.dll
0x00007ffbc90c0000 - 0x00007ffbc931a000 	C:\windows\WinSxS\amd64_microsoft.windows.common-controls_6595b64144ccf1df_6.0.9600.16384_none_62475f7becb72503\COMCTL32.dll
0x0000000076090000 - 0x0000000076162000 	C:\Program Files\Java\jdk1.8.0_73\jre\bin\msvcr100.dll
0x00000000765f0000 - 0x0000000076e80000 	C:\Program Files\Java\jdk1.8.0_73\jre\bin\server\jvm.dll
0x00007ffbc9ee0000 - 0x00007ffbc9ee9000 	C:\windows\SYSTEM32\WSOCK32.dll
0x00007ffbcb950000 - 0x00007ffbcb96f000 	C:\windows\system32\WINMM.dll
0x00007ffbca3d0000 - 0x00007ffbca3da000 	C:\windows\SYSTEM32\VERSION.dll
0x00007ffbcba20000 - 0x00007ffbcba27000 	C:\windows\system32\PSAPI.DLL
0x00007ffbcda30000 - 0x00007ffbcda88000 	C:\windows\system32\WS2_32.dll
0x00007ffbcb530000 - 0x00007ffbcb55a000 	C:\windows\system32\WINMMBASE.dll
0x00007ffbce410000 - 0x00007ffbce419000 	C:\windows\system32\NSI.dll
0x00007ffbcb570000 - 0x00007ffbcb5ba000 	C:\windows\SYSTEM32\cfgmgr32.dll
0x00007ffbcb4e0000 - 0x00007ffbcb506000 	C:\windows\system32\DEVOBJ.dll
0x0000000076500000 - 0x000000007650f000 	C:\Program Files\Java\jdk1.8.0_73\jre\bin\verify.dll
0x00000000764d0000 - 0x00000000764f9000 	C:\Program Files\Java\jdk1.8.0_73\jre\bin\java.dll
0x00000000764b0000 - 0x00000000764c6000 	C:\Program Files\Java\jdk1.8.0_73\jre\bin\zip.dll
0x0000000076490000 - 0x00000000764aa000 	C:\Program Files\Java\jdk1.8.0_73\jre\bin\net.dll
0x00007ffbcad20000 - 0x00007ffbcad78000 	C:\windows\system32\mswsock.dll
0x0000000076470000 - 0x0000000076481000 	C:\Program Files\Java\jdk1.8.0_73\jre\bin\nio.dll
0x00007ffbc9010000 - 0x00007ffbc9022000 	C:\Users\Administrator\.gradle\native\19\windows-amd64\native-platform.dll
0x00007ffbc6a20000 - 0x00007ffbc6a49000 	C:\windows\SYSTEM32\IPHLPAPI.DLL
0x00007ffbc6a10000 - 0x00007ffbc6a1a000 	C:\windows\SYSTEM32\WINNSI.DLL
0x00007ffbc5e80000 - 0x00007ffbc5e94000 	C:\windows\SYSTEM32\dhcpcsvc6.DLL
0x00007ffbc5eb0000 - 0x00007ffbc5ec9000 	C:\windows\SYSTEM32\dhcpcsvc.DLL
0x00007ffbcad80000 - 0x00007ffbcad9e000 	C:\windows\SYSTEM32\CRYPTSP.dll
0x00007ffbca960000 - 0x00007ffbca995000 	C:\windows\system32\rsaenh.dll
0x00007ffbcafb0000 - 0x00007ffbcafd6000 	C:\windows\SYSTEM32\bcrypt.dll
0x00007ffbcb2f0000 - 0x00007ffbcb34e000 	C:\windows\system32\bcryptprimitives.dll
0x00007ffbcb350000 - 0x00007ffbcb35a000 	C:\windows\SYSTEM32\CRYPTBASE.dll
0x0000000076270000 - 0x000000007627d000 	C:\Program Files\Java\jdk1.8.0_73\jre\bin\management.dll
0x00000000761a0000 - 0x00000000761c4000 	C:\Program Files\Java\jdk1.8.0_73\jre\bin\sunec.dll
0x00007ffbca3e0000 - 0x00007ffbca55a000 	C:\Program Files (x86)\Sangfor\SSL\ClientComponent\SangforTcpX64.dll
0x00007ffbcbfe0000 - 0x00007ffbcc097000 	C:\windows\system32\OLEAUT32.dll
0x00007ffbcb5c0000 - 0x00007ffbcb60e000 	C:\windows\system32\WINTRUST.dll
0x00007ffbcb770000 - 0x00007ffbcb947000 	C:\windows\system32\CRYPT32.dll
0x00007ffbcb510000 - 0x00007ffbcb522000 	C:\windows\system32\MSASN1.dll
0x00007ffbc3fd0000 - 0x00007ffbc3ffd000 	C:\Program Files (x86)\Sangfor\SSL\ClientComponent\SangforNspX64.dll
0x00007ffbcaad0000 - 0x00007ffbcab73000 	C:\windows\SYSTEM32\DNSAPI.dll
0x00007ffbc3f80000 - 0x00007ffbc3f89000 	C:\Windows\System32\rasadhlp.dll
0x00007ffbc6080000 - 0x00007ffbc60e7000 	C:\windows\System32\fwpuclnt.dll
0x00007ffbc3710000 - 0x00007ffbc3724000 	C:\windows\system32\napinsp.dll
0x00007ffbc3730000 - 0x00007ffbc3749000 	C:\windows\system32\pnrpnsp.dll
0x00007ffbc6f00000 - 0x00007ffbc6f19000 	C:\windows\system32\NLAapi.dll
0x00007ffbc3770000 - 0x00007ffbc377c000 	C:\windows\System32\winrnr.dll
0x00007ffbc3750000 - 0x00007ffbc3763000 	C:\windows\system32\wshbth.dll

VM Arguments:
jvm_args: -XX:MaxPermSize=256m -XX:+HeapDumpOnOutOfMemoryError -Xmx1024m -Dfile.encoding=GBK -Duser.country=CN -Duser.language=zh -Duser.variant 
java_command: org.gradle.launcher.daemon.bootstrap.GradleDaemon 2.10
java_class_path (initial): E:\AndroidStudio\gradle\gradle-2.10\lib\gradle-launcher-2.10.jar
Launcher Type: SUN_STANDARD

Environment Variables:
PATH=C:\Program Files (x86)\Common Files\Intel\Shared Libraries\redist\intel64\mpirt;C:\Program Files (x86)\Common Files\Intel\Shared Libraries\redist\ia32\mpirt;C:\Program Files (x86)\Common Files\Intel\Shared Libraries\redist\intel64\compiler;C:\Program Files (x86)\Common Files\Intel\Shared Libraries\redist\ia32\compiler;C:\ProgramData\Oracle\Java\javapath;C:\Program Files (x86)\Intel\iCLS Client\;C:\Program Files\Intel\iCLS Client\;C:\windows\system32;C:\windows;C:\windows\System32\Wbem;C:\windows\System32\WindowsPowerShell\v1.0\;C:\Program Files\Intel\Intel(R) Management Engine Components\DAL;C:\Program Files\Intel\Intel(R) Management Engine Components\IPT;C:\Program Files (x86)\Intel\Intel(R) Management Engine Components\DAL;C:\Program Files (x86)\Intel\Intel(R) Management Engine Components\IPT;C:\Program Files (x86)\ATI Technologies\ATI.ACE\Core-Static;C:\Program Files (x86)\Windows Kits\8.1\Windows Performance Toolkit\;C:\Program Files (x86)\Microsoft SQL Server\100\Tools\Binn\;C:\Program Files\Microsoft SQL Server\100\Tools\Binn\;C:\Program Files\Microsoft SQL Server\100\DTS\Binn\;C:\Program Files\Java\jdk1.8.0_73\bin;F:\wamp\bin\mysql\mysql5.1.53\bin
USERNAME=Administrator
OS=Windows_NT
PROCESSOR_IDENTIFIER=Intel64 Family 6 Model 58 Stepping 9, GenuineIntel



---------------  S Y S T E M  ---------------

OS: Windows 8.1 , 64 bit Build 9600 (6.3.9600.16656)

CPU:total 8 (4 cores per cpu, 2 threads per core) family 6 model 58 stepping 9, cmov, cx8, fxsr, mmx, sse, sse2, sse3, ssse3, sse4.1, sse4.2, popcnt, avx, aes, clmul, erms, ht, tsc, tscinvbit, tscinv

Memory: 4k page, physical 8320512k(2064916k free), swap 9893376k(888k free)

vm_info: Java HotSpot(TM) 64-Bit Server VM (25.73-b02) for windows-amd64 JRE (1.8.0_73-b02), built on Jan 29 2016 17:38:49 by "java_re" with MS VC++ 10.0 (VS2010)

time: Thu Apr 06 11:13:42 2017
elapsed time: 4934 seconds (0d 1h 22m 14s)

