#
# There is insufficient memory for the Java Runtime Environment to continue.
# Native memory allocation (malloc) failed to allocate 1417936 bytes for Chunk::new
# Possible reasons:
#   The system is out of physical RAM or swap space
#   In 32 bit mode, the process size limit was hit
# Possible solutions:
#   Reduce memory load on the system
#   Increase physical memory or swap space
#   Check if swap backing store is full
#   Use 64 bit Java on a 64 bit OS
#   Decrease Java heap size (-Xmx/-Xms)
#   Decrease number of Java threads
#   Decrease Java thread stack sizes (-Xss)
#   Set larger code cache with -XX:ReservedCodeCacheSize=
# This output file may be truncated or incomplete.
#
#  Out of Memory Error (allocation.cpp:390), pid=16144, tid=12608
#
# JRE version: Java(TM) SE Runtime Environment (8.0_73-b02) (build 1.8.0_73-b02)
# Java VM: Java HotSpot(TM) 64-Bit Server VM (25.73-b02 mixed mode windows-amd64 compressed oops)
# Failed to write core dump. Minidumps are not enabled by default on client versions of Windows
#

---------------  T H R E A D  ---------------

Current thread (0x0000000016e62000):  JavaThread "C2 CompilerThread0" daemon [_thread_in_native, id=12608, stack(0x0000000017420000,0x0000000017520000)]

Stack: [0x0000000017420000,0x0000000017520000]
[error occurred during error reporting (printing stack bounds), id 0xc0000005]

Native frames: (J=compiled Java code, j=interpreted, Vv=VM code, C=native code)


Current CompileTask:
C2: 138468 9886   !   4       java.nio.file.FileTreeWalker::next (144 bytes)


---------------  P R O C E S S  ---------------

Java Threads: ( => current thread )
  0x0000000019168800 JavaThread "Stdin handler" [_thread_blocked, id=7584, stack(0x000000001c190000,0x000000001c290000)]
  0x0000000019169800 JavaThread "Cancel handler" [_thread_blocked, id=3588, stack(0x00000000197f0000,0x00000000198f0000)]
  0x0000000019165000 JavaThread "Handler for socket connection from /127.0.0.1:53777 to /127.0.0.1:54711" [_thread_in_native, id=16036, stack(0x00000000196f0000,0x00000000197f0000)]
  0x0000000019164000 JavaThread "File lock request listener" [_thread_in_native, id=12384, stack(0x000000001c090000,0x000000001c190000)]
  0x0000000016f15000 JavaThread "Daemon worker" [_thread_in_vm, id=15984, stack(0x00000000198f0000,0x00000000199f0000)]
  0x0000000016f14800 JavaThread "Daemon" [_thread_blocked, id=10300, stack(0x00000000195f0000,0x00000000196f0000)]
  0x0000000016f0e800 JavaThread "Incoming local TCP Connector on port 53777" [_thread_in_native, id=14828, stack(0x0000000018220000,0x0000000018320000)]
  0x0000000016f4d000 JavaThread "Service Thread" daemon [_thread_blocked, id=10992, stack(0x0000000017820000,0x0000000017920000)]
  0x0000000016f10000 JavaThread "C1 CompilerThread3" daemon [_thread_blocked, id=15812, stack(0x0000000017720000,0x0000000017820000)]
  0x0000000016ee4000 JavaThread "C2 CompilerThread2" daemon [_thread_in_native, id=8492, stack(0x0000000017620000,0x0000000017720000)]
  0x0000000014e1e000 JavaThread "C2 CompilerThread1" daemon [_thread_in_native, id=2132, stack(0x0000000017520000,0x0000000017620000)]
=>0x0000000016e62000 JavaThread "C2 CompilerThread0" daemon [_thread_in_native, id=12608, stack(0x0000000017420000,0x0000000017520000)]
  0x0000000016e60000 JavaThread "Attach Listener" daemon [_thread_blocked, id=524, stack(0x0000000017320000,0x0000000017420000)]
  0x0000000016e5f800 JavaThread "Signal Dispatcher" daemon [_thread_blocked, id=10532, stack(0x0000000017220000,0x0000000017320000)]
  0x00000000022eb000 JavaThread "Finalizer" daemon [_thread_blocked, id=6884, stack(0x0000000016cd0000,0x0000000016dd0000)]
  0x0000000014e0d000 JavaThread "Reference Handler" daemon [_thread_blocked, id=1096, stack(0x0000000016bd0000,0x0000000016cd0000)]
  0x00000000021f2800 JavaThread "main" [_thread_blocked, id=16324, stack(0x0000000001d90000,0x0000000001e90000)]

Other Threads:
  0x0000000014e08800 VMThread [stack: 0x0000000016ad0000,0x0000000016bd0000] [id=10348]
  0x0000000016fa7000 WatcherThread [stack: 0x0000000017920000,0x0000000017a20000] [id=15728]

VM state:not at safepoint (normal execution)

VM Mutex/Monitor currently owned by a thread: None

Heap:
 PSYoungGen      total 246784K, used 147004K [0x00000000eab00000, 0x00000000fe380000, 0x0000000100000000)
  eden space 225792K, 61% used [0x00000000eab00000,0x00000000f3313f78,0x00000000f8780000)
  from space 20992K, 36% used [0x00000000f9b80000,0x00000000fa2fb1f0,0x00000000fb000000)
  to   space 20480K, 0% used [0x00000000f8780000,0x00000000f8780000,0x00000000f9b80000)
 ParOldGen       total 83968K, used 44079K [0x00000000c0000000, 0x00000000c5200000, 0x00000000eab00000)
  object space 83968K, 52% used [0x00000000c0000000,0x00000000c2b0bc48,0x00000000c5200000)
 Metaspace       used 57324K, capacity 59308K, committed 59520K, reserved 1099776K
  class space    used 7761K, capacity 8273K, committed 8320K, reserved 1048576K

Card table byte_map: [0x00000000116b0000,0x00000000118c0000] byte_map_base: 0x00000000110b0000

Marking Bits: (ParMarkBitMap*) 0x00000000610b0600
 Begin Bits: [0x0000000012220000, 0x0000000013220000)
 End Bits:   [0x0000000013220000, 0x0000000014220000)

Polling page: 0x00000000005f0000

CodeCache: size=245760Kb used=30080Kb max_used=30080Kb free=215679Kb
 bounds [0x00000000022f0000, 0x0000000004080000, 0x00000000112f0000]
 total_blobs=9244 nmethods=8503 adapters=652
 compilation: enabled

Compilation events (10 events):
Event: 138.436 Thread 0x0000000014e1e000 9893       4       org.gradle.api.internal.changedetection.state.DefaultFileCollectionSnapshotter$FileHashSnapshot::<init> (10 bytes)
Event: 138.436 Thread 0x0000000016f10000 9928       3       com.google.common.base.Splitter$5::iterator (12 bytes)
Event: 138.436 Thread 0x0000000014e1e000 nmethod 9893 0x0000000003f84710 code [0x0000000003f84840, 0x0000000003f848b8]
Event: 138.437 Thread 0x0000000016f10000 nmethod 9928 0x0000000004062950 code [0x0000000004062ae0, 0x0000000004062fa8]
Event: 138.437 Thread 0x0000000016f10000 9929       3       com.google.common.base.Splitter::access$000 (6 bytes)
Event: 138.437 Thread 0x0000000016f10000 nmethod 9929 0x0000000004068010 code [0x00000000040681a0, 0x00000000040685e8]
Event: 138.437 Thread 0x0000000016f10000 9930       3       com.google.common.base.Splitter::splittingIterator (12 bytes)
Event: 138.437 Thread 0x0000000016f10000 nmethod 9930 0x0000000004067850 code [0x00000000040679e0, 0x0000000004067de8]
Event: 138.438 Thread 0x0000000016f10000 9931       3       com.android.ide.common.res2.ResourceItem::getKey (177 bytes)
Event: 138.440 Thread 0x0000000014e1e000 9934       4       com.google.common.base.CharMatcher::indexIn (48 bytes)

GC Heap History (10 events):
Event: 15.870 GC heap before
{Heap before GC invocations=11 (full 2):
 PSYoungGen      total 187904K, used 11901K [0x00000000eab00000, 0x00000000fa680000, 0x0000000100000000)
  eden space 173568K, 0% used [0x00000000eab00000,0x00000000eab00000,0x00000000f5480000)
  from space 14336K, 83% used [0x00000000f5480000,0x00000000f601f450,0x00000000f6280000)
  to   space 15360K, 0% used [0x00000000f9780000,0x00000000f9780000,0x00000000fa680000)
 ParOldGen       total 57856K, used 12216K [0x00000000c0000000, 0x00000000c3880000, 0x00000000eab00000)
  object space 57856K, 21% used [0x00000000c0000000,0x00000000c0bee1c0,0x00000000c3880000)
 Metaspace       used 34724K, capacity 35442K, committed 35496K, reserved 1079296K
  class space    used 4615K, capacity 4811K, committed 4864K, reserved 1048576K
Event: 15.965 GC heap after
Heap after GC invocations=11 (full 2):
 PSYoungGen      total 187904K, used 0K [0x00000000eab00000, 0x00000000fa680000, 0x0000000100000000)
  eden space 173568K, 0% used [0x00000000eab00000,0x00000000eab00000,0x00000000f5480000)
  from space 14336K, 0% used [0x00000000f5480000,0x00000000f5480000,0x00000000f6280000)
  to   space 15360K, 0% used [0x00000000f9780000,0x00000000f9780000,0x00000000fa680000)
 ParOldGen       total 83968K, used 18766K [0x00000000c0000000, 0x00000000c5200000, 0x00000000eab00000)
  object space 83968K, 22% used [0x00000000c0000000,0x00000000c1253a80,0x00000000c5200000)
 Metaspace       used 34704K, capacity 35420K, committed 35496K, reserved 1079296K
  class space    used 4609K, capacity 4805K, committed 4864K, reserved 1048576K
}
Event: 40.867 GC heap before
{Heap before GC invocations=12 (full 2):
 PSYoungGen      total 187904K, used 173568K [0x00000000eab00000, 0x00000000fa680000, 0x0000000100000000)
  eden space 173568K, 100% used [0x00000000eab00000,0x00000000f5480000,0x00000000f5480000)
  from space 14336K, 0% used [0x00000000f5480000,0x00000000f5480000,0x00000000f6280000)
  to   space 15360K, 0% used [0x00000000f9780000,0x00000000f9780000,0x00000000fa680000)
 ParOldGen       total 83968K, used 18766K [0x00000000c0000000, 0x00000000c5200000, 0x00000000eab00000)
  object space 83968K, 22% used [0x00000000c0000000,0x00000000c1253a80,0x00000000c5200000)
 Metaspace       used 46761K, capacity 47798K, committed 48000K, reserved 1091584K
  class space    used 6305K, capacity 6521K, committed 6528K, reserved 1048576K
Event: 40.884 GC heap after
Heap after GC invocations=12 (full 2):
 PSYoungGen      total 237568K, used 15329K [0x00000000eab00000, 0x00000000fae00000, 0x0000000100000000)
  eden space 222208K, 0% used [0x00000000eab00000,0x00000000eab00000,0x00000000f8400000)
  from space 15360K, 99% used [0x00000000f9780000,0x00000000fa6787b8,0x00000000fa680000)
  to   space 19968K, 0% used [0x00000000f8400000,0x00000000f8400000,0x00000000f9780000)
 ParOldGen       total 83968K, used 24813K [0x00000000c0000000, 0x00000000c5200000, 0x00000000eab00000)
  object space 83968K, 29% used [0x00000000c0000000,0x00000000c183b4c0,0x00000000c5200000)
 Metaspace       used 46761K, capacity 47798K, committed 48000K, reserved 1091584K
  class space    used 6305K, capacity 6521K, committed 6528K, reserved 1048576K
}
Event: 45.051 GC heap before
{Heap before GC invocations=13 (full 2):
 PSYoungGen      total 237568K, used 151483K [0x00000000eab00000, 0x00000000fae00000, 0x0000000100000000)
  eden space 222208K, 61% used [0x00000000eab00000,0x00000000f2ff6810,0x00000000f8400000)
  from space 15360K, 99% used [0x00000000f9780000,0x00000000fa6787b8,0x00000000fa680000)
  to   space 19968K, 0% used [0x00000000f8400000,0x00000000f8400000,0x00000000f9780000)
 ParOldGen       total 83968K, used 24813K [0x00000000c0000000, 0x00000000c5200000, 0x00000000eab00000)
  object space 83968K, 29% used [0x00000000c0000000,0x00000000c183b4c0,0x00000000c5200000)
 Metaspace       used 51339K, capacity 52848K, committed 53120K, reserved 1095680K
  class space    used 7027K, capacity 7444K, committed 7552K, reserved 1048576K
Event: 45.086 GC heap after
Heap after GC invocations=13 (full 2):
 PSYoungGen      total 242176K, used 14881K [0x00000000eab00000, 0x00000000fb000000, 0x0000000100000000)
  eden space 222208K, 0% used [0x00000000eab00000,0x00000000eab00000,0x00000000f8400000)
  from space 19968K, 74% used [0x00000000f8400000,0x00000000f9288570,0x00000000f9780000)
  to   space 20992K, 0% used [0x00000000f9b80000,0x00000000f9b80000,0x00000000fb000000)
 ParOldGen       total 83968K, used 38627K [0x00000000c0000000, 0x00000000c5200000, 0x00000000eab00000)
  object space 83968K, 46% used [0x00000000c0000000,0x00000000c25b8f48,0x00000000c5200000)
 Metaspace       used 51339K, capacity 52848K, committed 53120K, reserved 1095680K
  class space    used 7027K, capacity 7444K, committed 7552K, reserved 1048576K
}
Event: 45.086 GC heap before
{Heap before GC invocations=14 (full 3):
 PSYoungGen      total 242176K, used 14881K [0x00000000eab00000, 0x00000000fb000000, 0x0000000100000000)
  eden space 222208K, 0% used [0x00000000eab00000,0x00000000eab00000,0x00000000f8400000)
  from space 19968K, 74% used [0x00000000f8400000,0x00000000f9288570,0x00000000f9780000)
  to   space 20992K, 0% used [0x00000000f9b80000,0x00000000f9b80000,0x00000000fb000000)
 ParOldGen       total 83968K, used 38627K [0x00000000c0000000, 0x00000000c5200000, 0x00000000eab00000)
  object space 83968K, 46% used [0x00000000c0000000,0x00000000c25b8f48,0x00000000c5200000)
 Metaspace       used 51339K, capacity 52848K, committed 53120K, reserved 1095680K
  class space    used 7027K, capacity 7444K, committed 7552K, reserved 1048576K
Event: 45.422 GC heap after
Heap after GC invocations=14 (full 3):
 PSYoungGen      total 242176K, used 0K [0x00000000eab00000, 0x00000000fb000000, 0x0000000100000000)
  eden space 222208K, 0% used [0x00000000eab00000,0x00000000eab00000,0x00000000f8400000)
  from space 19968K, 0% used [0x00000000f8400000,0x00000000f8400000,0x00000000f9780000)
  to   space 20992K, 0% used [0x00000000f9b80000,0x00000000f9b80000,0x00000000fb000000)
 ParOldGen       total 83968K, used 44071K [0x00000000c0000000, 0x00000000c5200000, 0x00000000eab00000)
  object space 83968K, 52% used [0x00000000c0000000,0x00000000c2b09c48,0x00000000c5200000)
 Metaspace       used 51339K, capacity 52848K, committed 53120K, reserved 1095680K
  class space    used 7027K, capacity 7444K, committed 7552K, reserved 1048576K
}
Event: 119.478 GC heap before
{Heap before GC invocations=15 (full 3):
 PSYoungGen      total 242176K, used 222208K [0x00000000eab00000, 0x00000000fb000000, 0x0000000100000000)
  eden space 222208K, 100% used [0x00000000eab00000,0x00000000f8400000,0x00000000f8400000)
  from space 19968K, 0% used [0x00000000f8400000,0x00000000f8400000,0x00000000f9780000)
  to   space 20992K, 0% used [0x00000000f9b80000,0x00000000f9b80000,0x00000000fb000000)
 ParOldGen       total 83968K, used 44071K [0x00000000c0000000, 0x00000000c5200000, 0x00000000eab00000)
  object space 83968K, 52% used [0x00000000c0000000,0x00000000c2b09c48,0x00000000c5200000)
 Metaspace       used 55535K, capacity 57428K, committed 57728K, reserved 1099776K
  class space    used 7546K, capacity 8029K, committed 8064K, reserved 1048576K
Event: 119.488 GC heap after
Heap after GC invocations=15 (full 3):
 PSYoungGen      total 246784K, used 7660K [0x00000000eab00000, 0x00000000fe380000, 0x0000000100000000)
  eden space 225792K, 0% used [0x00000000eab00000,0x00000000eab00000,0x00000000f8780000)
  from space 20992K, 36% used [0x00000000f9b80000,0x00000000fa2fb1f0,0x00000000fb000000)
  to   space 20480K, 0% used [0x00000000f8780000,0x00000000f8780000,0x00000000f9b80000)
 ParOldGen       total 83968K, used 44079K [0x00000000c0000000, 0x00000000c5200000, 0x00000000eab00000)
  object space 83968K, 52% used [0x00000000c0000000,0x00000000c2b0bc48,0x00000000c5200000)
 Metaspace       used 55535K, capacity 57428K, committed 57728K, reserved 1099776K
  class space    used 7546K, capacity 8029K, committed 8064K, reserved 1048576K
}

Deoptimization events (10 events):
Event: 135.926 Thread 0x0000000016f15000 Uncommon trap: reason=unstable_if action=reinterpret pc=0x0000000003b856a4 method=org.gradle.api.internal.file.pattern.FixedStepsPathMatcher.matches([Ljava/lang/String;I)Z @ 70
Event: 136.740 Thread 0x0000000016f15000 Uncommon trap: reason=unstable_if action=reinterpret pc=0x0000000003c0c474 method=com.google.common.collect.MapMakerInternalMap$Segment.getEntry(Ljava/lang/Object;I)Lcom/google/common/collect/MapMakerInternalMap$ReferenceEntry; @ 40
Event: 137.612 Thread 0x0000000016f15000 Uncommon trap: reason=unstable_if action=reinterpret pc=0x0000000002829518 method=com.google.common.collect.MapMakerInternalMap$Segment.getEntry(Ljava/lang/Object;I)Lcom/google/common/collect/MapMakerInternalMap$ReferenceEntry; @ 40
Event: 137.614 Thread 0x0000000016f15000 Uncommon trap: reason=unstable_if action=reinterpret pc=0x0000000002a31f90 method=java.math.MutableBigInteger.divideMagnitude(Ljava/math/MutableBigInteger;Ljava/math/MutableBigInteger;Z)Ljava/math/MutableBigInteger; @ 346
Event: 138.194 Thread 0x0000000016f15000 Uncommon trap: reason=array_check action=maybe_recompile pc=0x0000000003e4de98 method=java.util.ComparableTimSort.binarySort([Ljava/lang/Object;III)V @ 193
Event: 138.205 Thread 0x0000000016f15000 Uncommon trap: reason=array_check action=maybe_recompile pc=0x0000000003e4ddd4 method=java.util.ComparableTimSort.binarySort([Ljava/lang/Object;III)V @ 215
Event: 138.205 Thread 0x0000000016f15000 Uncommon trap: reason=array_check action=maybe_recompile pc=0x0000000003e4df60 method=java.util.ComparableTimSort.binarySort([Ljava/lang/Object;III)V @ 183
Event: 138.208 Thread 0x0000000016f15000 Uncommon trap: reason=array_check action=maybe_recompile pc=0x0000000003e4de98 method=java.util.ComparableTimSort.binarySort([Ljava/lang/Object;III)V @ 193
Event: 138.210 Thread 0x0000000016f15000 Uncommon trap: reason=unstable_if action=reinterpret pc=0x00000000036aea44 method=org.codehaus.groovy.reflection.CachedClass.isAssignableFrom(Ljava/lang/Class;)Z @ 1
Event: 138.383 Thread 0x0000000016f15000 Uncommon trap: reason=unstable_if action=reinterpret pc=0x00000000039ac5b8 method=com.sun.org.apache.xerces.internal.impl.XMLEntityScanner.scanQName(Lcom/sun/org/apache/xerces/internal/xni/QName;)Z @ 261

Internal exceptions (10 events):
Event: 138.268 Thread 0x0000000016f15000 Exception <a 'java/lang/ClassNotFoundException': com/android/ide/common/res2/DataMergerCustomizer> (0x00000000f2a0db70) thrown at [D:\re\puppet\workspace\8-2-build-windows-amd64-cygwin\jdk8u73\6086\hotspot\src\share\vm\classfile\systemDictionary.cpp, line Žk#•™Ha@
Event: 138.269 Thread 0x0000000016f15000 Exception <a 'java/lang/ClassNotFoundException': com/android/ide/common/res2/AssetMergerCustomizer> (0x00000000f2a40590) thrown at [D:\re\puppet\workspace\8-2-build-windows-amd64-cygwin\jdk8u73\6086\hotspot\src\share\vm\classfile\systemDictionary.cpp, line¼`±¤¬Ha@
Event: 138.271 Thread 0x0000000016f15000 Exception <a 'java/lang/ClassNotFoundException': com/android/ide/common/res2/AssetSetBeanInfo> (0x00000000f2a8f400) thrown at [D:\re\puppet\workspace\8-2-build-windows-amd64-cygwin\jdk8u73\6086\hotspot\src\share\vm\classfile\systemDictionary.cpp, line 210]Ù¨¯h®Ha@
Event: 138.271 Thread 0x0000000016f15000 Exception <a 'java/lang/ClassNotFoundException': com/android/ide/common/res2/DataSetBeanInfo> (0x00000000f2a9d158) thrown at [D:\re\puppet\workspace\8-2-build-windows-amd64-cygwin\jdk8u73\6086\hotspot\src\share\vm\classfile\systemDictionary.cpp, line 210]
Event: 138.271 Thread 0x0000000016f15000 Exception <a 'java/lang/ClassNotFoundException': com/android/ide/common/res2/DataSetCustomizer> (0x00000000f2aab240) thrown at [D:\re\puppet\workspace\8-2-build-windows-amd64-cygwin\jdk8u73\6086\hotspot\src\share\vm\classfile\systemDictionary.cpp, line 210ÁØƒÙµHa@
Event: 138.272 Thread 0x0000000016f15000 Exception <a 'java/lang/ClassNotFoundException': com/android/ide/common/res2/AssetSetCustomizer> (0x00000000f2ad6008) thrown at [D:\re\puppet\workspace\8-2-build-windows-amd64-cygwin\jdk8u73\6086\hotspot\src\share\vm\classfile\systemDictionary.cpp, line 21ÛÿˆnÅHa@
Event: 138.274 Thread 0x0000000016f15000 Exception <a 'java/lang/ClassNotFoundException': com/android/ide/common/res2/MergedAssetWriterBeanInfo> (0x00000000f2b19fa0) thrown at [D:\re\puppet\workspace\8-2-build-windows-amd64-cygwin\jdk8u73\6086\hotspot\src\share\vm\classfile\systemDictionary.cpp, 
Event: 138.274 Thread 0x0000000016f15000 Exception <a 'java/lang/ClassNotFoundException': com/android/ide/common/res2/MergeWriterBeanInfo> (0x00000000f2b28498) thrown at [D:\re\puppet\workspace\8-2-build-windows-amd64-cygwin\jdk8u73\6086\hotspot\src\share\vm\classfile\systemDictionary.cpp, line 2eW¢žÈHa@
Event: 138.274 Thread 0x0000000016f15000 Exception <a 'java/lang/ClassNotFoundException': com/android/ide/common/res2/MergeWriterCustomizer> (0x00000000f2b36d10) thrown at [D:\re\puppet\workspace\8-2-build-windows-amd64-cygwin\jdk8u73\6086\hotspot\src\share\vm\classfile\systemDictionary.cpp, line|–ÂÊHa@
Event: 138.275 Thread 0x0000000016f15000 Exception <a 'java/lang/ClassNotFoundException': com/android/ide/common/res2/MergedAssetWriterCustomizer> (0x00000000f2b4a0c8) thrown at [D:\re\puppet\workspace\8-2-build-windows-amd64-cygwin\jdk8u73\6086\hotspot\src\share\vm\classfile\systemDictionary.cpp-é>6’Ha@

Events (10 events):
Event: 138.417 loading class com/android/resources/TouchScreen
Event: 138.417 loading class com/android/resources/TouchScreen done
Event: 138.418 loading class com/android/resources/KeyboardState
Event: 138.418 loading class com/android/resources/KeyboardState done
Event: 138.419 loading class com/android/resources/Keyboard
Event: 138.419 loading class com/android/resources/Keyboard done
Event: 138.420 loading class com/android/resources/NavigationState
Event: 138.420 loading class com/android/resources/NavigationState done
Event: 138.420 loading class com/android/resources/Navigation
Event: 138.420 loading class com/android/resources/Navigation done


Dynamic libraries:
0x00007ff619f80000 - 0x00007ff619fb7000 	C:\Program Files\Java\jdk1.8.0_73\bin\java.exe
0x00007ffc57bb0000 - 0x00007ffc57d59000 	C:\windows\SYSTEM32\ntdll.dll
0x00007ffc57370000 - 0x00007ffc574a9000 	C:\windows\system32\KERNEL32.DLL
0x00007ffc54fc0000 - 0x00007ffc550ce000 	C:\windows\system32\KERNELBASE.dll
0x00007ffc53650000 - 0x00007ffc536db000 	C:\windows\system32\apphelp.dll
0x00007ffc43410000 - 0x00007ffc4345f000 	C:\windows\AppPatch\AppPatch64\AcGenral.DLL
0x00007ffc56fd0000 - 0x00007ffc57077000 	C:\windows\system32\msvcrt.dll
0x00007ffc549d0000 - 0x00007ffc549fb000 	C:\windows\SYSTEM32\SspiCli.dll
0x00007ffc57550000 - 0x00007ffc575a1000 	C:\windows\system32\SHLWAPI.dll
0x00007ffc57a10000 - 0x00007ffc57b81000 	C:\windows\system32\USER32.dll
0x00007ffc57090000 - 0x00007ffc57206000 	C:\windows\system32\ole32.dll
0x00007ffc55700000 - 0x00007ffc56b0d000 	C:\windows\system32\SHELL32.dll
0x00007ffc541a0000 - 0x00007ffc541bf000 	C:\windows\SYSTEM32\USERENV.dll
0x00007ffc554d0000 - 0x00007ffc55575000 	C:\windows\system32\ADVAPI32.dll
0x00007ffc4dbf0000 - 0x00007ffc4dc0b000 	C:\windows\SYSTEM32\MPR.dll
0x00007ffc576f0000 - 0x00007ffc57826000 	C:\windows\system32\RPCRT4.dll
0x00007ffc57950000 - 0x00007ffc579a7000 	C:\windows\SYSTEM32\sechost.dll
0x00007ffc56cf0000 - 0x00007ffc56ec7000 	C:\windows\SYSTEM32\combase.dll
0x00007ffc55580000 - 0x00007ffc556c5000 	C:\windows\system32\GDI32.dll
0x00007ffc54b60000 - 0x00007ffc54b74000 	C:\windows\SYSTEM32\profapi.dll
0x00007ffc53070000 - 0x00007ffc53111000 	C:\windows\SYSTEM32\SHCORE.dll
0x00007ffc56f80000 - 0x00007ffc56fb4000 	C:\windows\system32\IMM32.DLL
0x00007ffc575b0000 - 0x00007ffc576e8000 	C:\windows\system32\MSCTF.dll
0x00007ffc527f0000 - 0x00007ffc52a4a000 	C:\windows\WinSxS\amd64_microsoft.windows.common-controls_6595b64144ccf1df_6.0.9600.16384_none_62475f7becb72503\COMCTL32.dll
0x000000005e040000 - 0x000000005e112000 	C:\Program Files\Java\jdk1.8.0_73\jre\bin\msvcr100.dll
0x00000000608a0000 - 0x0000000061130000 	C:\Program Files\Java\jdk1.8.0_73\jre\bin\server\jvm.dll
0x00007ffc52e10000 - 0x00007ffc52e19000 	C:\windows\SYSTEM32\WSOCK32.dll
0x00007ffc55130000 - 0x00007ffc5514f000 	C:\windows\system32\WINMM.dll
0x00007ffc53b00000 - 0x00007ffc53b0a000 	C:\windows\SYSTEM32\VERSION.dll
0x00007ffc57080000 - 0x00007ffc57087000 	C:\windows\system32\PSAPI.DLL
0x00007ffc57310000 - 0x00007ffc57368000 	C:\windows\system32\WS2_32.dll
0x00007ffc54c40000 - 0x00007ffc54c6a000 	C:\windows\system32\WINMMBASE.dll
0x00007ffc57540000 - 0x00007ffc57549000 	C:\windows\system32\NSI.dll
0x00007ffc54f70000 - 0x00007ffc54fba000 	C:\windows\SYSTEM32\cfgmgr32.dll
0x00007ffc54c10000 - 0x00007ffc54c36000 	C:\windows\system32\DEVOBJ.dll
0x0000000060890000 - 0x000000006089f000 	C:\Program Files\Java\jdk1.8.0_73\jre\bin\verify.dll
0x0000000060860000 - 0x0000000060889000 	C:\Program Files\Java\jdk1.8.0_73\jre\bin\java.dll
0x0000000060840000 - 0x0000000060856000 	C:\Program Files\Java\jdk1.8.0_73\jre\bin\zip.dll
0x0000000060820000 - 0x000000006083a000 	C:\Program Files\Java\jdk1.8.0_73\jre\bin\net.dll
0x00007ffc54450000 - 0x00007ffc544a8000 	C:\windows\system32\mswsock.dll
0x0000000060800000 - 0x0000000060811000 	C:\Program Files\Java\jdk1.8.0_73\jre\bin\nio.dll
0x00007ffc50a20000 - 0x00007ffc50a32000 	C:\Users\Administrator\.gradle\native\19\windows-amd64\native-platform.dll
0x00007ffc4ff80000 - 0x00007ffc4ffa9000 	C:\windows\SYSTEM32\IPHLPAPI.DLL
0x00007ffc4ff70000 - 0x00007ffc4ff7a000 	C:\windows\SYSTEM32\WINNSI.DLL
0x00007ffc4f410000 - 0x00007ffc4f424000 	C:\windows\SYSTEM32\dhcpcsvc6.DLL
0x00007ffc4f430000 - 0x00007ffc4f449000 	C:\windows\SYSTEM32\dhcpcsvc.DLL
0x00007ffc544b0000 - 0x00007ffc544ce000 	C:\windows\SYSTEM32\CRYPTSP.dll
0x00007ffc54090000 - 0x00007ffc540c5000 	C:\windows\system32\rsaenh.dll
0x00007ffc546e0000 - 0x00007ffc54706000 	C:\windows\SYSTEM32\bcrypt.dll
0x00007ffc54a20000 - 0x00007ffc54a7e000 	C:\windows\system32\bcryptprimitives.dll
0x00007ffc54a80000 - 0x00007ffc54a8a000 	C:\windows\SYSTEM32\CRYPTBASE.dll
0x0000000060600000 - 0x000000006060d000 	C:\Program Files\Java\jdk1.8.0_73\jre\bin\management.dll
0x0000000060430000 - 0x0000000060454000 	C:\Program Files\Java\jdk1.8.0_73\jre\bin\sunec.dll
0x00007ffc53b10000 - 0x00007ffc53c8a000 	C:\Program Files (x86)\Sangfor\SSL\ClientComponent\SangforTcpX64.dll
0x00007ffc57830000 - 0x00007ffc578e7000 	C:\windows\system32\OLEAUT32.dll
0x00007ffc54c90000 - 0x00007ffc54cde000 	C:\windows\system32\WINTRUST.dll
0x00007ffc54d90000 - 0x00007ffc54f67000 	C:\windows\system32\CRYPT32.dll
0x00007ffc54c70000 - 0x00007ffc54c82000 	C:\windows\system32\MSASN1.dll
0x00007ffc4d4e0000 - 0x00007ffc4d50d000 	C:\Program Files (x86)\Sangfor\SSL\ClientComponent\SangforNspX64.dll
0x00007ffc54200000 - 0x00007ffc542a3000 	C:\windows\SYSTEM32\DNSAPI.dll
0x00007ffc4d490000 - 0x00007ffc4d499000 	C:\Windows\System32\rasadhlp.dll
0x00007ffc4f550000 - 0x00007ffc4f5b7000 	C:\windows\System32\fwpuclnt.dll
0x00007ffc4cc70000 - 0x00007ffc4cc84000 	C:\windows\system32\napinsp.dll
0x00007ffc4cc90000 - 0x00007ffc4cca9000 	C:\windows\system32\pnrpnsp.dll
0x00007ffc50460000 - 0x00007ffc50479000 	C:\windows\system32\NLAapi.dll
0x00007ffc4ccd0000 - 0x00007ffc4ccdc000 	C:\windows\System32\winrnr.dll
0x00007ffc4ccb0000 - 0x00007ffc4ccc3000 	C:\windows\system32\wshbth.dll

VM Arguments:
jvm_args: -XX:MaxPermSize=256m -XX:+HeapDumpOnOutOfMemoryError -Xmx1024m -Dfile.encoding=GBK -Duser.country=CN -Duser.language=zh -Duser.variant 
java_command: org.gradle.launcher.daemon.bootstrap.GradleDaemon 2.10
java_class_path (initial): E:\AndroidStudio\gradle\gradle-2.10\lib\gradle-launcher-2.10.jar
Launcher Type: SUN_STANDARD

Environment Variables:
PATH=C:\Program Files (x86)\Common Files\Intel\Shared Libraries\redist\intel64\mpirt;C:\Program Files (x86)\Common Files\Intel\Shared Libraries\redist\ia32\mpirt;C:\Program Files (x86)\Common Files\Intel\Shared Libraries\redist\intel64\compiler;C:\Program Files (x86)\Common Files\Intel\Shared Libraries\redist\ia32\compiler;C:\ProgramData\Oracle\Java\javapath;C:\Program Files (x86)\Intel\iCLS Client\;C:\Program Files\Intel\iCLS Client\;C:\windows\system32;C:\windows;C:\windows\System32\Wbem;C:\windows\System32\WindowsPowerShell\v1.0\;C:\Program Files\Intel\Intel(R) Management Engine Components\DAL;C:\Program Files\Intel\Intel(R) Management Engine Components\IPT;C:\Program Files (x86)\Intel\Intel(R) Management Engine Components\DAL;C:\Program Files (x86)\Intel\Intel(R) Management Engine Components\IPT;C:\Program Files (x86)\ATI Technologies\ATI.ACE\Core-Static;C:\Program Files (x86)\Windows Kits\8.1\Windows Performance Toolkit\;C:\Program Files (x86)\Microsoft SQL Server\100\Tools\Binn\;C:\Program Files\Microsoft SQL Server\100\Tools\Binn\;C:\Program Files\Microsoft SQL Server\100\DTS\Binn\;C:\Program Files\Java\jdk1.8.0_73\bin;F:\wamp\bin\mysql\mysql5.1.53\bin
USERNAME=Administrator
OS=Windows_NT
PROCESSOR_IDENTIFIER=Intel64 Family 6 Model 58 Stepping 9, GenuineIntel



---------------  S Y S T E M  ---------------

OS: Windows 8.1 , 64 bit Build 9600 (6.3.9600.16656)

CPU:total 8 (4 cores per cpu, 2 threads per core) family 6 model 58 stepping 9, cmov, cx8, fxsr, mmx, sse, sse2, sse3, ssse3, sse4.1, sse4.2, popcnt, avx, aes, clmul, erms, ht, tsc, tscinvbit, tscinv

Memory: 4k page, physical 8320512k(1188088k free), swap 9893376k(5856k free)

vm_info: Java HotSpot(TM) 64-Bit Server VM (25.73-b02) for windows-amd64 JRE (1.8.0_73-b02), built on Jan 29 2016 17:38:49 by "java_re" with MS VC++ 10.0 (VS2010)

time: Sat Apr 08 21:42:53 2017
elapsed time: 138 seconds (0d 0h 2m 18s)

