#
# There is insufficient memory for the Java Runtime Environment to continue.
# Native memory allocation (malloc) failed to allocate 1128336 bytes for Chunk::new
# Possible reasons:
#   The system is out of physical RAM or swap space
#   In 32 bit mode, the process size limit was hit
# Possible solutions:
#   Reduce memory load on the system
#   Increase physical memory or swap space
#   Check if swap backing store is full
#   Use 64 bit Java on a 64 bit OS
#   Decrease Java heap size (-Xmx/-Xms)
#   Decrease number of Java threads
#   Decrease Java thread stack sizes (-Xss)
#   Set larger code cache with -XX:ReservedCodeCacheSize=
# This output file may be truncated or incomplete.
#
#  Out of Memory Error (allocation.cpp:390), pid=11008, tid=13268
#
# JRE version: Java(TM) SE Runtime Environment (8.0_73-b02) (build 1.8.0_73-b02)
# Java VM: Java HotSpot(TM) 64-Bit Server VM (25.73-b02 mixed mode windows-amd64 compressed oops)
# Failed to write core dump. Minidumps are not enabled by default on client versions of Windows
#

---------------  T H R E A D  ---------------

Current thread (0x0000000016dff800):  JavaThread "C2 CompilerThread2" daemon [_thread_in_native, id=13268, stack(0x0000000017570000,0x0000000017670000)]

Stack: [0x0000000017570000,0x0000000017670000]
[error occurred during error reporting (printing stack bounds), id 0xc0000005]

Native frames: (J=compiled Java code, j=interpreted, Vv=VM code, C=native code)


Current CompileTask:
C2:  19018 8657   !   4       java.nio.file.FileTreeWalker::next (144 bytes)


---------------  P R O C E S S  ---------------

Java Threads: ( => current thread )
  0x000000001fc5b000 JavaThread "Forward streams with process: command 'C:\Program Files\Java\jdk1.8.0_73\bin\java.exe' Thread 3" [_thread_blocked, id=4392, stack(0x0000000024fd0000,0x00000000250d0000)]
  0x000000001fc56800 JavaThread "Forward streams with process: command 'C:\Program Files\Java\jdk1.8.0_73\bin\java.exe' Thread 2" [_thread_blocked, id=11032, stack(0x0000000024ed0000,0x0000000024fd0000)]
  0x000000001fc59800 JavaThread "Forward streams with process: command 'C:\Program Files\Java\jdk1.8.0_73\bin\java.exe'" [_thread_blocked, id=10832, stack(0x0000000024dd0000,0x0000000024ed0000)]
  0x000000001fc53800 JavaThread "Forward streams with process: command 'C:\Program Files\Java\jdk1.8.0_73\bin\java.exe' Thread 3" [_thread_in_native, id=12496, stack(0x0000000024cd0000,0x0000000024dd0000)]
  0x000000001fc52800 JavaThread "Forward streams with process: command 'C:\Program Files\Java\jdk1.8.0_73\bin\java.exe' Thread 2" [_thread_in_native, id=7192, stack(0x0000000024bd0000,0x0000000024cd0000)]
  0x000000001fc55000 JavaThread "Forward streams with process: command 'C:\Program Files\Java\jdk1.8.0_73\bin\java.exe'" [_thread_blocked, id=5992, stack(0x0000000024ad0000,0x0000000024bd0000)]
  0x000000001fc55800 JavaThread "Forward streams with process: command 'C:\Program Files\Java\jdk1.8.0_73\bin\java.exe' Thread 3" [_thread_in_native, id=8672, stack(0x00000000248d0000,0x00000000249d0000)]
  0x000000001fc50800 JavaThread "Forward streams with process: command 'C:\Program Files\Java\jdk1.8.0_73\bin\java.exe' Thread 2" [_thread_in_native, id=10028, stack(0x00000000246d0000,0x00000000247d0000)]
  0x000000001fc52000 JavaThread "Forward streams with process: command 'C:\Program Files\Java\jdk1.8.0_73\bin\java.exe'" [_thread_blocked, id=11072, stack(0x00000000247d0000,0x00000000248d0000)]
  0x000000001fc4f000 JavaThread "Run command 'C:\Program Files\Java\jdk1.8.0_73\bin\java.exe'" [_thread_in_native, id=13648, stack(0x00000000245d0000,0x00000000246d0000)]
  0x000000001fc51000 JavaThread "Run command 'C:\Program Files\Java\jdk1.8.0_73\bin\java.exe'" [_thread_in_native, id=5968, stack(0x00000000243d0000,0x00000000244d0000)]
  0x000000001fc4f800 JavaThread "Run command 'C:\Program Files\Java\jdk1.8.0_73\bin\java.exe'" [_thread_in_native, id=13288, stack(0x00000000242d0000,0x00000000243d0000)]
  0x0000000016e09000 JavaThread "pool-2-thread-1" [_thread_blocked, id=12788, stack(0x0000000023fd0000,0x00000000240d0000)]
  0x0000000016e05800 JavaThread "pool-2-thread-4" [_thread_blocked, id=4184, stack(0x0000000023ed0000,0x0000000023fd0000)]
  0x000000001a987000 JavaThread "pool-2-thread-2" [_thread_in_vm, id=13184, stack(0x0000000023dd0000,0x0000000023ed0000)]
  0x000000001a984800 JavaThread "pool-2-thread-3" [_thread_blocked, id=8656, stack(0x0000000023cd0000,0x0000000023dd0000)]
  0x000000001a986000 JavaThread "pool-1-thread-6" [_thread_blocked, id=9956, stack(0x0000000023bd0000,0x0000000023cd0000)]
  0x000000001a985800 JavaThread "pool-1-thread-5" [_thread_blocked, id=10920, stack(0x0000000023ad0000,0x0000000023bd0000)]
  0x000000001a981000 JavaThread "pool-1-thread-4" [_thread_blocked, id=13352, stack(0x00000000239d0000,0x0000000023ad0000)]
  0x000000001a983000 JavaThread "pool-1-thread-3" [_thread_blocked, id=13824, stack(0x00000000238d0000,0x00000000239d0000)]
  0x000000001a981800 JavaThread "pool-1-thread-2" [_thread_blocked, id=10492, stack(0x0000000020910000,0x0000000020a10000)]
  0x0000000016e06000 JavaThread "pool-1-thread-1" [_thread_blocked, id=11780, stack(0x000000001c340000,0x000000001c440000)]
  0x0000000016e07800 JavaThread "File lock request listener" [_thread_in_native, id=13488, stack(0x000000001c950000,0x000000001ca50000)]
  0x00000000188b3800 JavaThread "Stdin handler" [_thread_blocked, id=8348, stack(0x0000000019860000,0x0000000019960000)]
  0x00000000188cb000 JavaThread "Daemon worker" [_thread_blocked, id=11128, stack(0x0000000019760000,0x0000000019860000)]
  0x000000001890f800 JavaThread "Cancel handler" [_thread_blocked, id=13404, stack(0x0000000019660000,0x0000000019760000)]
  0x0000000018867800 JavaThread "Handler for socket connection from /127.0.0.1:51726 to /127.0.0.1:51733" [_thread_in_native, id=2092, stack(0x0000000019560000,0x0000000019660000)]
  0x0000000018860800 JavaThread "Daemon" [_thread_blocked, id=9484, stack(0x0000000019460000,0x0000000019560000)]
  0x000000001884a000 JavaThread "Incoming local TCP Connector on port 51726" [_thread_in_native, id=11628, stack(0x0000000018170000,0x0000000018270000)]
  0x0000000016eb0000 JavaThread "Service Thread" daemon [_thread_blocked, id=12532, stack(0x0000000017770000,0x0000000017870000)]
  0x0000000016e04000 JavaThread "C1 CompilerThread3" daemon [_thread_blocked, id=11888, stack(0x0000000017670000,0x0000000017770000)]
=>0x0000000016dff800 JavaThread "C2 CompilerThread2" daemon [_thread_in_native, id=13268, stack(0x0000000017570000,0x0000000017670000)]
  0x0000000016dfa800 JavaThread "C2 CompilerThread1" daemon [_thread_blocked, id=12084, stack(0x0000000017470000,0x0000000017570000)]
  0x0000000016daa800 JavaThread "C2 CompilerThread0" daemon [_thread_blocked, id=10812, stack(0x0000000017370000,0x0000000017470000)]
  0x0000000016da9000 JavaThread "Attach Listener" daemon [_thread_blocked, id=11260, stack(0x0000000017270000,0x0000000017370000)]
  0x0000000016da8000 JavaThread "Signal Dispatcher" daemon [_thread_blocked, id=12040, stack(0x0000000017170000,0x0000000017270000)]
  0x000000000226b800 JavaThread "Finalizer" daemon [_thread_blocked, id=2480, stack(0x0000000016c70000,0x0000000016d70000)]
  0x0000000002265000 JavaThread "Reference Handler" daemon [_thread_blocked, id=13236, stack(0x0000000016b70000,0x0000000016c70000)]
  0x0000000002172800 JavaThread "main" [_thread_blocked, id=5540, stack(0x0000000002070000,0x0000000002170000)]

Other Threads:
  0x0000000014d89000 VMThread [stack: 0x0000000016a70000,0x0000000016b70000] [id=8420]
  0x0000000016ef9000 WatcherThread [stack: 0x0000000017870000,0x0000000017970000] [id=8936]

VM state:not at safepoint (normal execution)

VM Mutex/Monitor currently owned by a thread: None

Heap:
 PSYoungGen      total 128512K, used 78126K [0x00000000eab00000, 0x00000000f6000000, 0x0000000100000000)
  eden space 109056K, 53% used [0x00000000eab00000,0x00000000ee44f820,0x00000000f1580000)
  from space 19456K, 99% used [0x00000000f1580000,0x00000000f287c108,0x00000000f2880000)
  to   space 26112K, 0% used [0x00000000f4680000,0x00000000f4680000,0x00000000f6000000)
 ParOldGen       total 101376K, used 40351K [0x00000000c0000000, 0x00000000c6300000, 0x00000000eab00000)
  object space 101376K, 39% used [0x00000000c0000000,0x00000000c2767c08,0x00000000c6300000)
 Metaspace       used 53516K, capacity 54586K, committed 54912K, reserved 1097728K
  class space    used 7187K, capacity 7471K, committed 7552K, reserved 1048576K

Card table byte_map: [0x0000000011630000,0x0000000011840000] byte_map_base: 0x0000000011030000

Marking Bits: (ParMarkBitMap*) 0x0000000066020600
 Begin Bits: [0x00000000121a0000, 0x00000000131a0000)
 End Bits:   [0x00000000131a0000, 0x00000000141a0000)

Polling page: 0x00000000003d0000

CodeCache: size=245760Kb used=25887Kb max_used=26199Kb free=219872Kb
 bounds [0x0000000002270000, 0x0000000003c50000, 0x0000000011270000]
 total_blobs=8171 nmethods=7444 adapters=637
 compilation: enabled

Compilation events (10 events):
Event: 18.903 Thread 0x0000000016e04000 nmethod 8680 0x00000000027463d0 code [0x0000000002746520, 0x0000000002746650]
Event: 18.908 Thread 0x0000000016e04000 8681       3       java.util.concurrent.locks.AbstractQueuedSynchronizer$ConditionObject::signalAll (33 bytes)
Event: 18.908 Thread 0x0000000016e04000 nmethod 8681 0x00000000026bc010 code [0x00000000026bc1a0, 0x00000000026bc508]
Event: 18.923 Thread 0x0000000016daa800 nmethod 8672 0x0000000003c10150 code [0x0000000003c10340, 0x0000000003c112b8]
Event: 18.923 Thread 0x0000000016daa800 8673       4       org.objectweb.asm.MethodVisitor::visitMethodInsn (55 bytes)
Event: 18.944 Thread 0x0000000016dfa800 nmethod 8390 0x0000000003c27950 code [0x0000000003c284c0, 0x0000000003c333b8]
Event: 18.945 Thread 0x0000000016dfa800 8675       4       org.objectweb.asm.ClassWriter::a (91 bytes)
Event: 19.001 Thread 0x0000000016dfa800 nmethod 8675 0x00000000024451d0 code [0x00000000024454a0, 0x0000000002446e88]
Event: 19.002 Thread 0x0000000016dfa800 8674       4       org.objectweb.asm.MethodWriter::visitMethodInsn (220 bytes)
Event: 19.006 Thread 0x0000000016daa800 nmethod 8673 0x0000000003114cd0 code [0x0000000003115020, 0x0000000003117798]

GC Heap History (10 events):
Event: 7.307 GC heap before
{Heap before GC invocations=11 (full 2):
 PSYoungGen      total 82944K, used 10742K [0x00000000eab00000, 0x00000000f2080000, 0x0000000100000000)
  eden space 72192K, 0% used [0x00000000eab00000,0x00000000eab00000,0x00000000ef180000)
  from space 10752K, 99% used [0x00000000ef180000,0x00000000efbfda98,0x00000000efc00000)
  to   space 12800K, 0% used [0x00000000f1400000,0x00000000f1400000,0x00000000f2080000)
 ParOldGen       total 62976K, used 12399K [0x00000000c0000000, 0x00000000c3d80000, 0x00000000eab00000)
  object space 62976K, 19% used [0x00000000c0000000,0x00000000c0c1bf60,0x00000000c3d80000)
 Metaspace       used 34613K, capacity 35308K, committed 35456K, reserved 1079296K
  class space    used 4696K, capacity 4894K, committed 4992K, reserved 1048576K
Event: 7.372 GC heap after
Heap after GC invocations=11 (full 2):
 PSYoungGen      total 82944K, used 0K [0x00000000eab00000, 0x00000000f2080000, 0x0000000100000000)
  eden space 72192K, 0% used [0x00000000eab00000,0x00000000eab00000,0x00000000ef180000)
  from space 10752K, 0% used [0x00000000ef180000,0x00000000ef180000,0x00000000efc00000)
  to   space 12800K, 0% used [0x00000000f1400000,0x00000000f1400000,0x00000000f2080000)
 ParOldGen       total 101376K, used 21231K [0x00000000c0000000, 0x00000000c6300000, 0x00000000eab00000)
  object space 101376K, 20% used [0x00000000c0000000,0x00000000c14bbf28,0x00000000c6300000)
 Metaspace       used 34613K, capacity 35308K, committed 35456K, reserved 1079296K
  class space    used 4696K, capacity 4894K, committed 4992K, reserved 1048576K
}
Event: 8.334 GC heap before
{Heap before GC invocations=12 (full 2):
 PSYoungGen      total 82944K, used 72192K [0x00000000eab00000, 0x00000000f2080000, 0x0000000100000000)
  eden space 72192K, 100% used [0x00000000eab00000,0x00000000ef180000,0x00000000ef180000)
  from space 10752K, 0% used [0x00000000ef180000,0x00000000ef180000,0x00000000efc00000)
  to   space 12800K, 0% used [0x00000000f1400000,0x00000000f1400000,0x00000000f2080000)
 ParOldGen       total 101376K, used 21231K [0x00000000c0000000, 0x00000000c6300000, 0x00000000eab00000)
  object space 101376K, 20% used [0x00000000c0000000,0x00000000c14bbf28,0x00000000c6300000)
 Metaspace       used 40243K, capacity 41030K, committed 41344K, reserved 1085440K
  class space    used 5507K, capacity 5709K, committed 5760K, reserved 1048576K
Event: 8.344 GC heap after
Heap after GC invocations=12 (full 2):
 PSYoungGen      total 100352K, used 8453K [0x00000000eab00000, 0x00000000f1d00000, 0x0000000100000000)
  eden space 91136K, 0% used [0x00000000eab00000,0x00000000eab00000,0x00000000f0400000)
  from space 9216K, 91% used [0x00000000f1400000,0x00000000f1c41640,0x00000000f1d00000)
  to   space 12800K, 0% used [0x00000000f0400000,0x00000000f0400000,0x00000000f1080000)
 ParOldGen       total 101376K, used 21239K [0x00000000c0000000, 0x00000000c6300000, 0x00000000eab00000)
  object space 101376K, 20% used [0x00000000c0000000,0x00000000c14bdf28,0x00000000c6300000)
 Metaspace       used 40243K, capacity 41030K, committed 41344K, reserved 1085440K
  class space    used 5507K, capacity 5709K, committed 5760K, reserved 1048576K
}
Event: 10.247 GC heap before
{Heap before GC invocations=13 (full 2):
 PSYoungGen      total 100352K, used 99589K [0x00000000eab00000, 0x00000000f1d00000, 0x0000000100000000)
  eden space 91136K, 100% used [0x00000000eab00000,0x00000000f0400000,0x00000000f0400000)
  from space 9216K, 91% used [0x00000000f1400000,0x00000000f1c41640,0x00000000f1d00000)
  to   space 12800K, 0% used [0x00000000f0400000,0x00000000f0400000,0x00000000f1080000)
 ParOldGen       total 101376K, used 21239K [0x00000000c0000000, 0x00000000c6300000, 0x00000000eab00000)
  object space 101376K, 20% used [0x00000000c0000000,0x00000000c14bdf28,0x00000000c6300000)
 Metaspace       used 44636K, capacity 45614K, committed 45952K, reserved 1089536K
  class space    used 6175K, capacity 6431K, committed 6528K, reserved 1048576K
Event: 10.258 GC heap after
Heap after GC invocations=13 (full 2):
 PSYoungGen      total 103936K, used 12772K [0x00000000eab00000, 0x00000000f3780000, 0x0000000100000000)
  eden space 91136K, 0% used [0x00000000eab00000,0x00000000eab00000,0x00000000f0400000)
  from space 12800K, 99% used [0x00000000f0400000,0x00000000f1079320,0x00000000f1080000)
  to   space 15360K, 0% used [0x00000000f2880000,0x00000000f2880000,0x00000000f3780000)
 ParOldGen       total 101376K, used 24048K [0x00000000c0000000, 0x00000000c6300000, 0x00000000eab00000)
  object space 101376K, 23% used [0x00000000c0000000,0x00000000c177c158,0x00000000c6300000)
 Metaspace       used 44636K, capacity 45614K, committed 45952K, reserved 1089536K
  class space    used 6175K, capacity 6431K, committed 6528K, reserved 1048576K
}
Event: 15.484 GC heap before
{Heap before GC invocations=14 (full 2):
 PSYoungGen      total 103936K, used 103908K [0x00000000eab00000, 0x00000000f3780000, 0x0000000100000000)
  eden space 91136K, 100% used [0x00000000eab00000,0x00000000f0400000,0x00000000f0400000)
  from space 12800K, 99% used [0x00000000f0400000,0x00000000f1079320,0x00000000f1080000)
  to   space 15360K, 0% used [0x00000000f2880000,0x00000000f2880000,0x00000000f3780000)
 ParOldGen       total 101376K, used 24048K [0x00000000c0000000, 0x00000000c6300000, 0x00000000eab00000)
  object space 101376K, 23% used [0x00000000c0000000,0x00000000c177c158,0x00000000c6300000)
 Metaspace       used 50413K, capacity 51390K, committed 51584K, reserved 1093632K
  class space    used 6925K, capacity 7205K, committed 7296K, reserved 1048576K
Event: 15.508 GC heap after
Heap after GC invocations=14 (full 2):
 PSYoungGen      total 124416K, used 15359K [0x00000000eab00000, 0x00000000f3e00000, 0x0000000100000000)
  eden space 109056K, 0% used [0x00000000eab00000,0x00000000eab00000,0x00000000f1580000)
  from space 15360K, 99% used [0x00000000f2880000,0x00000000f377fd50,0x00000000f3780000)
  to   space 19456K, 0% used [0x00000000f1580000,0x00000000f1580000,0x00000000f2880000)
 ParOldGen       total 101376K, used 30091K [0x00000000c0000000, 0x00000000c6300000, 0x00000000eab00000)
  object space 101376K, 29% used [0x00000000c0000000,0x00000000c1d62d78,0x00000000c6300000)
 Metaspace       used 50413K, capacity 51390K, committed 51584K, reserved 1093632K
  class space    used 6925K, capacity 7205K, committed 7296K, reserved 1048576K
}
Event: 18.112 GC heap before
{Heap before GC invocations=15 (full 2):
 PSYoungGen      total 124416K, used 124415K [0x00000000eab00000, 0x00000000f3e00000, 0x0000000100000000)
  eden space 109056K, 100% used [0x00000000eab00000,0x00000000f1580000,0x00000000f1580000)
  from space 15360K, 99% used [0x00000000f2880000,0x00000000f377fd50,0x00000000f3780000)
  to   space 19456K, 0% used [0x00000000f1580000,0x00000000f1580000,0x00000000f2880000)
 ParOldGen       total 101376K, used 30091K [0x00000000c0000000, 0x00000000c6300000, 0x00000000eab00000)
  object space 101376K, 29% used [0x00000000c0000000,0x00000000c1d62d78,0x00000000c6300000)
 Metaspace       used 53283K, capacity 54324K, committed 54528K, reserved 1095680K
  class space    used 7162K, capacity 7406K, committed 7424K, reserved 1048576K
Event: 18.133 GC heap after
Heap after GC invocations=15 (full 2):
 PSYoungGen      total 128512K, used 19440K [0x00000000eab00000, 0x00000000f6000000, 0x0000000100000000)
  eden space 109056K, 0% used [0x00000000eab00000,0x00000000eab00000,0x00000000f1580000)
  from space 19456K, 99% used [0x00000000f1580000,0x00000000f287c108,0x00000000f2880000)
  to   space 26112K, 0% used [0x00000000f4680000,0x00000000f4680000,0x00000000f6000000)
 ParOldGen       total 101376K, used 40351K [0x00000000c0000000, 0x00000000c6300000, 0x00000000eab00000)
  object space 101376K, 39% used [0x00000000c0000000,0x00000000c2767c08,0x00000000c6300000)
 Metaspace       used 53283K, capacity 54324K, committed 54528K, reserved 1095680K
  class space    used 7162K, capacity 7406K, committed 7424K, reserved 1048576K
}

Deoptimization events (10 events):
Event: 17.770 Thread 0x00000000188cb000 Uncommon trap: reason=class_check action=maybe_recompile pc=0x0000000002f1494c method=com.google.common.collect.AbstractMapBasedMultimap$AsMap$AsMapIterator.hasNext()Z @ 4
Event: 17.770 Thread 0x00000000188cb000 Uncommon trap: reason=class_check action=maybe_recompile pc=0x0000000002f1494c method=com.google.common.collect.AbstractMapBasedMultimap$AsMap$AsMapIterator.hasNext()Z @ 4
Event: 17.770 Thread 0x00000000188cb000 Uncommon trap: reason=class_check action=maybe_recompile pc=0x0000000002f1494c method=com.google.common.collect.AbstractMapBasedMultimap$AsMap$AsMapIterator.hasNext()Z @ 4
Event: 17.770 Thread 0x00000000188cb000 Uncommon trap: reason=class_check action=maybe_recompile pc=0x0000000002f1494c method=com.google.common.collect.AbstractMapBasedMultimap$AsMap$AsMapIterator.hasNext()Z @ 4
Event: 17.778 Thread 0x00000000188cb000 Uncommon trap: reason=unstable_if action=reinterpret pc=0x00000000026fab1c method=java.util.regex.Matcher.appendReplacement(Ljava/lang/StringBuffer;Ljava/lang/String;)Ljava/util/regex/Matcher; @ 96
Event: 18.179 Thread 0x00000000188cb000 Uncommon trap: reason=range_check action=make_not_entrant pc=0x0000000003b18bec method=org.objectweb.asm.Type.a([CI)Lorg/objectweb/asm/Type; @ 162
Event: 18.293 Thread 0x00000000188cb000 Uncommon trap: reason=class_check action=maybe_recompile pc=0x0000000003081b18 method=sun.nio.fs.WindowsPath.equals(Ljava/lang/Object;)Z @ 13
Event: 18.294 Thread 0x00000000188cb000 Uncommon trap: reason=class_check action=maybe_recompile pc=0x0000000003081b18 method=sun.nio.fs.WindowsPath.equals(Ljava/lang/Object;)Z @ 13
Event: 18.294 Thread 0x00000000188cb000 Uncommon trap: reason=class_check action=maybe_recompile pc=0x0000000003081b18 method=sun.nio.fs.WindowsPath.equals(Ljava/lang/Object;)Z @ 13
Event: 18.294 Thread 0x00000000188cb000 Uncommon trap: reason=class_check action=maybe_recompile pc=0x0000000003081b18 method=sun.nio.fs.WindowsPath.equals(Ljava/lang/Object;)Z @ 13

Internal exceptions (10 events):
Event: 9.522 Thread 0x00000000188cb000 Exception <a 'java/lang/ClassNotFoundException': java/lang/IntegerBeanInfo> (0x00000000ef9da030) thrown at [D:\re\puppet\workspace\8-2-build-windows-amd64-cygwin\jdk8u73\6086\hotspot\src\share\vm\classfile\systemDictionary.cpp, line 210]
Event: 9.522 Thread 0x00000000188cb000 Exception <a 'java/lang/ClassNotFoundException': java/lang/NumberBeanInfo> (0x00000000ef9df568) thrown at [D:\re\puppet\workspace\8-2-build-windows-amd64-cygwin\jdk8u73\6086\hotspot\src\share\vm\classfile\systemDictionary.cpp, line 210]
Event: 9.522 Thread 0x00000000188cb000 Exception <a 'java/lang/ClassNotFoundException': java/lang/NumberCustomizer> (0x00000000ef9e4ac0) thrown at [D:\re\puppet\workspace\8-2-build-windows-amd64-cygwin\jdk8u73\6086\hotspot\src\share\vm\classfile\systemDictionary.cpp, line 210]
Event: 9.522 Thread 0x00000000188cb000 Exception <a 'java/lang/ClassNotFoundException': java/lang/IntegerCustomizer> (0x00000000ef9ed888) thrown at [D:\re\puppet\workspace\8-2-build-windows-amd64-cygwin\jdk8u73\6086\hotspot\src\share\vm\classfile\systemDictionary.cpp, line 210]
Event: 9.534 Thread 0x00000000188cb000 Exception <a 'java/lang/ClassNotFoundException': com/google/common/collect/ListsBeanInfo> (0x00000000efa4e038) thrown at [D:\re\puppet\workspace\8-2-build-windows-amd64-cygwin\jdk8u73\6086\hotspot\src\share\vm\classfile\systemDictionary.cpp, line 210]
Event: 9.535 Thread 0x00000000188cb000 Exception <a 'java/lang/ClassNotFoundException': com/google/common/collect/ListsCustomizer> (0x00000000efa5b958) thrown at [D:\re\puppet\workspace\8-2-build-windows-amd64-cygwin\jdk8u73\6086\hotspot\src\share\vm\classfile\systemDictionary.cpp, line 210]
Event: 10.751 Thread 0x00000000188cb000 Implicit null exception at 0x00000000026db98e to 0x00000000026dc3c1
Event: 10.763 Thread 0x00000000188cb000 Implicit null exception at 0x0000000003056a17 to 0x0000000003056b53
Event: 17.063 Thread 0x00000000188cb000 Implicit null exception at 0x0000000002d1cc37 to 0x0000000002d1d3c9
Event: 17.426 Thread 0x00000000188cb000 Exception <a 'java/lang/NoSuchMethodError': <clinit>> (0x00000000efbc7e40) thrown at [D:\re\puppet\workspace\8-2-build-windows-amd64-cygwin\jdk8u73\6086\hotspot\src\share\vm\prims\jni.cpp, line 1591]

Events (10 events):
Event: 19.001 Thread 0x0000000016dfa800 flushing nmethod 0x0000000003027e90
Event: 19.001 Thread 0x0000000016dfa800 flushing nmethod 0x000000000303eed0
Event: 19.001 Thread 0x0000000016dfa800 flushing nmethod 0x000000000303f7d0
Event: 19.001 Thread 0x0000000016dfa800 flushing nmethod 0x000000000304cf50
Event: 19.001 Thread 0x0000000016dfa800 flushing nmethod 0x000000000304ddd0
Event: 19.001 Thread 0x0000000016dfa800 flushing nmethod 0x000000000304e290
Event: 19.002 Thread 0x0000000016dfa800 flushing nmethod 0x0000000003110450
Event: 19.002 Thread 0x0000000016dfa800 flushing nmethod 0x0000000003112150
Event: 19.006 Thread 0x0000000016daa800 flushing nmethod 0x0000000003209a90
Event: 19.013 Executing VM operation: RevokeBias


Dynamic libraries:
0x00007ff6a80a0000 - 0x00007ff6a80d7000 	C:\Program Files\Java\jdk1.8.0_73\bin\java.exe
0x00007ffdcffb0000 - 0x00007ffdd0159000 	C:\windows\SYSTEM32\ntdll.dll
0x00007ffdcf710000 - 0x00007ffdcf849000 	C:\windows\system32\KERNEL32.DLL
0x00007ffdcd2c0000 - 0x00007ffdcd3ce000 	C:\windows\system32\KERNELBASE.dll
0x00007ffdcba50000 - 0x00007ffdcbadb000 	C:\windows\system32\apphelp.dll
0x00007ffdbfc90000 - 0x00007ffdbfcdf000 	C:\windows\AppPatch\AppPatch64\AcGenral.DLL
0x00007ffdcfa30000 - 0x00007ffdcfad7000 	C:\windows\system32\msvcrt.dll
0x00007ffdccdd0000 - 0x00007ffdccdfb000 	C:\windows\SYSTEM32\SspiCli.dll
0x00007ffdcf9d0000 - 0x00007ffdcfa21000 	C:\windows\system32\SHLWAPI.dll
0x00007ffdcdfc0000 - 0x00007ffdce131000 	C:\windows\system32\USER32.dll
0x00007ffdcf850000 - 0x00007ffdcf9c6000 	C:\windows\system32\ole32.dll
0x00007ffdce1b0000 - 0x00007ffdcf5bd000 	C:\windows\system32\SHELL32.dll
0x00007ffdcc6a0000 - 0x00007ffdcc6bf000 	C:\windows\SYSTEM32\USERENV.dll
0x00007ffdcdea0000 - 0x00007ffdcdf45000 	C:\windows\system32\ADVAPI32.dll
0x00007ffdc5e70000 - 0x00007ffdc5e8b000 	C:\windows\SYSTEM32\MPR.dll
0x00007ffdcd550000 - 0x00007ffdcd686000 	C:\windows\system32\RPCRT4.dll
0x00007ffdce150000 - 0x00007ffdce1a7000 	C:\windows\SYSTEM32\sechost.dll
0x00007ffdcd930000 - 0x00007ffdcdb07000 	C:\windows\SYSTEM32\combase.dll
0x00007ffdcf5c0000 - 0x00007ffdcf705000 	C:\windows\system32\GDI32.dll
0x00007ffdccf60000 - 0x00007ffdccf74000 	C:\windows\SYSTEM32\profapi.dll
0x00007ffdcb470000 - 0x00007ffdcb511000 	C:\windows\SYSTEM32\SHCORE.dll
0x00007ffdcfee0000 - 0x00007ffdcff14000 	C:\windows\system32\IMM32.DLL
0x00007ffdcdcb0000 - 0x00007ffdcdde8000 	C:\windows\system32\MSCTF.dll
0x00007ffdcac70000 - 0x00007ffdcaeca000 	C:\windows\WinSxS\amd64_microsoft.windows.common-controls_6595b64144ccf1df_6.0.9600.16384_none_62475f7becb72503\COMCTL32.dll
0x0000000065390000 - 0x0000000065462000 	C:\Program Files\Java\jdk1.8.0_73\jre\bin\msvcr100.dll
0x0000000065810000 - 0x00000000660a0000 	C:\Program Files\Java\jdk1.8.0_73\jre\bin\server\jvm.dll
0x00007ffdcb310000 - 0x00007ffdcb319000 	C:\windows\SYSTEM32\WSOCK32.dll
0x00007ffdcd4e0000 - 0x00007ffdcd4ff000 	C:\windows\system32\WINMM.dll
0x00007ffdcbf00000 - 0x00007ffdcbf0a000 	C:\windows\SYSTEM32\VERSION.dll
0x00007ffdcfed0000 - 0x00007ffdcfed7000 	C:\windows\system32\PSAPI.DLL
0x00007ffdcdf60000 - 0x00007ffdcdfb8000 	C:\windows\system32\WS2_32.dll
0x00007ffdcd040000 - 0x00007ffdcd06a000 	C:\windows\system32\WINMMBASE.dll
0x00007ffdce140000 - 0x00007ffdce149000 	C:\windows\system32\NSI.dll
0x00007ffdcd3e0000 - 0x00007ffdcd42a000 	C:\windows\SYSTEM32\cfgmgr32.dll
0x00007ffdcd010000 - 0x00007ffdcd036000 	C:\windows\system32\DEVOBJ.dll
0x0000000065800000 - 0x000000006580f000 	C:\Program Files\Java\jdk1.8.0_73\jre\bin\verify.dll
0x00000000657d0000 - 0x00000000657f9000 	C:\Program Files\Java\jdk1.8.0_73\jre\bin\java.dll
0x00000000657b0000 - 0x00000000657c6000 	C:\Program Files\Java\jdk1.8.0_73\jre\bin\zip.dll
0x0000000065790000 - 0x00000000657aa000 	C:\Program Files\Java\jdk1.8.0_73\jre\bin\net.dll
0x00007ffdcc840000 - 0x00007ffdcc898000 	C:\windows\system32\mswsock.dll
0x0000000065770000 - 0x0000000065781000 	C:\Program Files\Java\jdk1.8.0_73\jre\bin\nio.dll
0x00007ffdc8e50000 - 0x00007ffdc8e62000 	C:\Users\Administrator\.gradle\native\19\windows-amd64\native-platform.dll
0x00007ffdc8380000 - 0x00007ffdc83a9000 	C:\windows\SYSTEM32\IPHLPAPI.DLL
0x00007ffdc8370000 - 0x00007ffdc837a000 	C:\windows\SYSTEM32\WINNSI.DLL
0x00007ffdc7840000 - 0x00007ffdc7854000 	C:\windows\SYSTEM32\dhcpcsvc6.DLL
0x00007ffdc7820000 - 0x00007ffdc7839000 	C:\windows\SYSTEM32\dhcpcsvc.DLL
0x00007ffdcc9c0000 - 0x00007ffdcc9de000 	C:\windows\SYSTEM32\CRYPTSP.dll
0x00007ffdcc460000 - 0x00007ffdcc495000 	C:\windows\system32\rsaenh.dll
0x00007ffdccae0000 - 0x00007ffdccb06000 	C:\windows\SYSTEM32\bcrypt.dll
0x00007ffdcce20000 - 0x00007ffdcce7e000 	C:\windows\system32\bcryptprimitives.dll
0x00007ffdcce80000 - 0x00007ffdcce8a000 	C:\windows\SYSTEM32\CRYPTBASE.dll
0x0000000065570000 - 0x000000006557d000 	C:\Program Files\Java\jdk1.8.0_73\jre\bin\management.dll

VM Arguments:
jvm_args: -XX:MaxPermSize=256m -XX:+HeapDumpOnOutOfMemoryError -Xmx1024m -Dfile.encoding=GBK -Duser.country=CN -Duser.language=zh -Duser.variant 
java_command: org.gradle.launcher.daemon.bootstrap.GradleDaemon 2.10
java_class_path (initial): E:\AndroidStudio\gradle\gradle-2.10\lib\gradle-launcher-2.10.jar
Launcher Type: SUN_STANDARD

Environment Variables:
PATH=C:\Program Files (x86)\Common Files\Intel\Shared Libraries\redist\intel64\mpirt;C:\Program Files (x86)\Common Files\Intel\Shared Libraries\redist\ia32\mpirt;C:\Program Files (x86)\Common Files\Intel\Shared Libraries\redist\intel64\compiler;C:\Program Files (x86)\Common Files\Intel\Shared Libraries\redist\ia32\compiler;C:\ProgramData\Oracle\Java\javapath;C:\Program Files (x86)\Intel\iCLS Client\;C:\Program Files\Intel\iCLS Client\;C:\windows\system32;C:\windows;C:\windows\System32\Wbem;C:\windows\System32\WindowsPowerShell\v1.0\;C:\Program Files\Intel\Intel(R) Management Engine Components\DAL;C:\Program Files\Intel\Intel(R) Management Engine Components\IPT;C:\Program Files (x86)\Intel\Intel(R) Management Engine Components\DAL;C:\Program Files (x86)\Intel\Intel(R) Management Engine Components\IPT;C:\Program Files (x86)\ATI Technologies\ATI.ACE\Core-Static;C:\Program Files (x86)\Windows Kits\8.1\Windows Performance Toolkit\;C:\Program Files (x86)\Microsoft SQL Server\100\Tools\Binn\;C:\Program Files\Microsoft SQL Server\100\Tools\Binn\;C:\Program Files\Microsoft SQL Server\100\DTS\Binn\;C:\Program Files\Java\jdk1.8.0_73\bin;F:\wamp\bin\mysql\mysql5.1.53\bin
USERNAME=Administrator
OS=Windows_NT
PROCESSOR_IDENTIFIER=Intel64 Family 6 Model 58 Stepping 9, GenuineIntel



---------------  S Y S T E M  ---------------

OS: Windows 8.1 , 64 bit Build 9600 (6.3.9600.16656)

CPU:total 8 (4 cores per cpu, 2 threads per core) family 6 model 58 stepping 9, cmov, cx8, fxsr, mmx, sse, sse2, sse3, ssse3, sse4.1, sse4.2, popcnt, avx, aes, clmul, erms, ht, tsc, tscinvbit, tscinv

Memory: 4k page, physical 8320512k(2780528k free), swap 9893376k(188896k free)

vm_info: Java HotSpot(TM) 64-Bit Server VM (25.73-b02) for windows-amd64 JRE (1.8.0_73-b02), built on Jan 29 2016 17:38:49 by "java_re" with MS VC++ 10.0 (VS2010)

time: Sat Mar 18 15:35:47 2017
elapsed time: 19 seconds (0d 0h 0m 19s)

